23-Mar-2020 22:50:16.589 INFO [main] org.apache.catalina.startup.VersionLoggerListener.log Server version name:   Apache Tomcat/9.0.31
23-Mar-2020 22:50:16.742 INFO [main] org.apache.catalina.startup.VersionLoggerListener.log Server built:          Feb 5 2020 19:32:12 UTC
23-Mar-2020 22:50:16.742 INFO [main] org.apache.catalina.startup.VersionLoggerListener.log Server version number: 9.0.31.0
23-Mar-2020 22:50:16.743 INFO [main] org.apache.catalina.startup.VersionLoggerListener.log OS Name:               Windows 10
23-Mar-2020 22:50:16.743 INFO [main] org.apache.catalina.startup.VersionLoggerListener.log OS Version:            10.0
23-Mar-2020 22:50:16.743 INFO [main] org.apache.catalina.startup.VersionLoggerListener.log Architecture:          amd64
23-Mar-2020 22:50:16.743 INFO [main] org.apache.catalina.startup.VersionLoggerListener.log Java Home:             C:\Java\jre1.8.0_241
23-Mar-2020 22:50:16.743 INFO [main] org.apache.catalina.startup.VersionLoggerListener.log JVM Version:           1.8.0_241-b07
23-Mar-2020 22:50:16.744 INFO [main] org.apache.catalina.startup.VersionLoggerListener.log JVM Vendor:            Oracle Corporation
23-Mar-2020 22:50:16.744 INFO [main] org.apache.catalina.startup.VersionLoggerListener.log CATALINA_BASE:         C:\Users\carol\Documents\CMPE-133\tomcat-windows\apache-tomcat-9.0.31
23-Mar-2020 22:50:16.744 INFO [main] org.apache.catalina.startup.VersionLoggerListener.log CATALINA_HOME:         C:\Users\carol\Documents\CMPE-133\tomcat-windows\apache-tomcat-9.0.31
23-Mar-2020 22:50:16.848 INFO [main] org.apache.catalina.startup.VersionLoggerListener.log Command line argument: -Djava.util.logging.config.file=C:\Users\carol\Documents\CMPE-133\tomcat-windows\apache-tomcat-9.0.31\conf\logging.properties
23-Mar-2020 22:50:16.848 INFO [main] org.apache.catalina.startup.VersionLoggerListener.log Command line argument: -Djava.util.logging.manager=org.apache.juli.ClassLoaderLogManager
23-Mar-2020 22:50:16.848 INFO [main] org.apache.catalina.startup.VersionLoggerListener.log Command line argument: -Djdk.tls.ephemeralDHKeySize=2048
23-Mar-2020 22:50:16.848 INFO [main] org.apache.catalina.startup.VersionLoggerListener.log Command line argument: -Djava.protocol.handler.pkgs=org.apache.catalina.webresources
23-Mar-2020 22:50:16.848 INFO [main] org.apache.catalina.startup.VersionLoggerListener.log Command line argument: -Dignore.endorsed.dirs=
23-Mar-2020 22:50:16.849 INFO [main] org.apache.catalina.startup.VersionLoggerListener.log Command line argument: -Dcatalina.base=C:\Users\carol\Documents\CMPE-133\tomcat-windows\apache-tomcat-9.0.31
23-Mar-2020 22:50:16.849 INFO [main] org.apache.catalina.startup.VersionLoggerListener.log Command line argument: -Dcatalina.home=C:\Users\carol\Documents\CMPE-133\tomcat-windows\apache-tomcat-9.0.31
23-Mar-2020 22:50:16.850 INFO [main] org.apache.catalina.startup.VersionLoggerListener.log Command line argument: -Djava.io.tmpdir=C:\Users\carol\Documents\CMPE-133\tomcat-windows\apache-tomcat-9.0.31\temp
23-Mar-2020 22:50:16.850 INFO [main] org.apache.catalina.core.AprLifecycleListener.lifecycleEvent The APR based Apache Tomcat Native library which allows optimal performance in production environments was not found on the java.library.path: [C:\Java\jre1.8.0_241\bin;C:\WINDOWS\Sun\Java\bin;C:\WINDOWS\system32;C:\WINDOWS;C:\Program Files\Java\jdk-13.0.2\bin;C:\Program Files\Java\jdk-13.0.2\bin;C:\Program Files (x86)\Intel\Intel(R) Management Engine Components\iCLS\;C:\Program Files\Intel\Intel(R) Management Engine Components\iCLS\;C:\WINDOWS\system32;C:\WINDOWS;C:\WINDOWS\System32\Wbem;C:\WINDOWS\System32\WindowsPowerShell\v1.0\;C:\WINDOWS\System32\OpenSSH\;C:\Program Files (x86)\Intel\Intel(R) Management Engine Components\DAL;C:\Program Files\Intel\Intel(R) Management Engine Components\DAL;C:\Program Files (x86)\Intel\Intel(R) Management Engine Components\IPT;C:\Program Files\Intel\Intel(R) Management Engine Components\IPT;C:\Program Files\Intel\WiFi\bin\;C:\Program Files\Common Files\Intel\WirelessCommon\;C:\Program Files\Git\cmd;C:\Program Files\Git LFS;C:\zookeeper-3.6.0\bin;C:\Users\carol\AppData\Local\Programs\Python\Python38\Scripts\;C:\Users\carol\AppData\Local\Programs\Python\Python38\;C:\Users\carol\AppData\Local\Microsoft\WindowsApps;C:\Users\carol\AppData\Local\atom\bin;C:\Users\carol\AppData\Local\GitHubDesktop\bin;.]
23-Mar-2020 22:50:18.645 INFO [main] org.apache.coyote.AbstractProtocol.init Initializing ProtocolHandler ["http-nio-9999"]
23-Mar-2020 22:50:19.028 INFO [main] org.apache.catalina.startup.Catalina.load Server initialization in [3,034] milliseconds
23-Mar-2020 22:50:19.108 INFO [main] org.apache.catalina.core.StandardService.startInternal Starting service [Catalina]
23-Mar-2020 22:50:19.108 INFO [main] org.apache.catalina.core.StandardEngine.startInternal Starting Servlet engine: [Apache Tomcat/9.0.31]
23-Mar-2020 22:50:19.124 INFO [main] org.apache.catalina.startup.HostConfig.deployDirectory Deploying web application directory [C:\Users\carol\Documents\CMPE-133\tomcat-windows\apache-tomcat-9.0.31\webapps\chatroom]
23-Mar-2020 22:50:19.935 INFO [main] org.apache.catalina.startup.HostConfig.deployDirectory Deployment of web application directory [C:\Users\carol\Documents\CMPE-133\tomcat-windows\apache-tomcat-9.0.31\webapps\chatroom] has finished in [811] ms
23-Mar-2020 22:50:19.936 INFO [main] org.apache.catalina.startup.HostConfig.deployDirectory Deploying web application directory [C:\Users\carol\Documents\CMPE-133\tomcat-windows\apache-tomcat-9.0.31\webapps\docs]
23-Mar-2020 22:50:19.990 INFO [main] org.apache.catalina.startup.HostConfig.deployDirectory Deployment of web application directory [C:\Users\carol\Documents\CMPE-133\tomcat-windows\apache-tomcat-9.0.31\webapps\docs] has finished in [53] ms
23-Mar-2020 22:50:19.990 INFO [main] org.apache.catalina.startup.HostConfig.deployDirectory Deploying web application directory [C:\Users\carol\Documents\CMPE-133\tomcat-windows\apache-tomcat-9.0.31\webapps\examples]
23-Mar-2020 22:50:22.247 INFO [main] org.apache.catalina.startup.HostConfig.deployDirectory Deployment of web application directory [C:\Users\carol\Documents\CMPE-133\tomcat-windows\apache-tomcat-9.0.31\webapps\examples] has finished in [2,257] ms
23-Mar-2020 22:50:22.248 INFO [main] org.apache.catalina.startup.HostConfig.deployDirectory Deploying web application directory [C:\Users\carol\Documents\CMPE-133\tomcat-windows\apache-tomcat-9.0.31\webapps\host-manager]
23-Mar-2020 22:50:22.358 INFO [main] org.apache.catalina.startup.HostConfig.deployDirectory Deployment of web application directory [C:\Users\carol\Documents\CMPE-133\tomcat-windows\apache-tomcat-9.0.31\webapps\host-manager] has finished in [109] ms
23-Mar-2020 22:50:22.358 INFO [main] org.apache.catalina.startup.HostConfig.deployDirectory Deploying web application directory [C:\Users\carol\Documents\CMPE-133\tomcat-windows\apache-tomcat-9.0.31\webapps\manager]
23-Mar-2020 22:50:22.440 INFO [main] org.apache.catalina.startup.HostConfig.deployDirectory Deployment of web application directory [C:\Users\carol\Documents\CMPE-133\tomcat-windows\apache-tomcat-9.0.31\webapps\manager] has finished in [82] ms
23-Mar-2020 22:50:22.442 INFO [main] org.apache.catalina.startup.HostConfig.deployDirectory Deploying web application directory [C:\Users\carol\Documents\CMPE-133\tomcat-windows\apache-tomcat-9.0.31\webapps\ROOT]
23-Mar-2020 22:50:22.546 INFO [main] org.apache.catalina.startup.HostConfig.deployDirectory Deployment of web application directory [C:\Users\carol\Documents\CMPE-133\tomcat-windows\apache-tomcat-9.0.31\webapps\ROOT] has finished in [104] ms
23-Mar-2020 22:50:22.552 INFO [main] org.apache.coyote.AbstractProtocol.start Starting ProtocolHandler ["http-nio-9999"]
23-Mar-2020 22:50:22.560 INFO [main] org.apache.catalina.startup.Catalina.start Server startup in [3,531] milliseconds
23-Mar-2020 22:51:10.921 INFO [main] org.apache.catalina.core.StandardServer.await A valid shutdown command was received via the shutdown port. Stopping the Server instance.
23-Mar-2020 22:51:10.922 INFO [main] org.apache.coyote.AbstractProtocol.pause Pausing ProtocolHandler ["http-nio-9999"]
23-Mar-2020 22:51:11.155 INFO [main] org.apache.catalina.core.StandardService.stopInternal Stopping service [Catalina]
23-Mar-2020 22:51:11.226 INFO [main] org.apache.coyote.AbstractProtocol.stop Stopping ProtocolHandler ["http-nio-9999"]
23-Mar-2020 22:51:11.229 INFO [main] org.apache.coyote.AbstractProtocol.destroy Destroying ProtocolHandler ["http-nio-9999"]
