31-Mar-2020 23:00:05.508 INFO [main] org.apache.catalina.startup.VersionLoggerListener.log Server version name:   Apache Tomcat/9.0.31
31-Mar-2020 23:00:05.665 INFO [main] org.apache.catalina.startup.VersionLoggerListener.log Server built:          Feb 5 2020 19:32:12 UTC
31-Mar-2020 23:00:05.666 INFO [main] org.apache.catalina.startup.VersionLoggerListener.log Server version number: 9.0.31.0
31-Mar-2020 23:00:05.666 INFO [main] org.apache.catalina.startup.VersionLoggerListener.log OS Name:               Windows 10
31-Mar-2020 23:00:05.666 INFO [main] org.apache.catalina.startup.VersionLoggerListener.log OS Version:            10.0
31-Mar-2020 23:00:05.666 INFO [main] org.apache.catalina.startup.VersionLoggerListener.log Architecture:          amd64
31-Mar-2020 23:00:05.666 INFO [main] org.apache.catalina.startup.VersionLoggerListener.log Java Home:             C:\Java\jre1.8.0_241
31-Mar-2020 23:00:05.667 INFO [main] org.apache.catalina.startup.VersionLoggerListener.log JVM Version:           1.8.0_241-b07
31-Mar-2020 23:00:05.668 INFO [main] org.apache.catalina.startup.VersionLoggerListener.log JVM Vendor:            Oracle Corporation
31-Mar-2020 23:00:05.668 INFO [main] org.apache.catalina.startup.VersionLoggerListener.log CATALINA_BASE:         C:\Users\carol\Documents\CMPE-133\tomcat-windows\apache-tomcat-9.0.31
31-Mar-2020 23:00:05.668 INFO [main] org.apache.catalina.startup.VersionLoggerListener.log CATALINA_HOME:         C:\Users\carol\Documents\CMPE-133\tomcat-windows\apache-tomcat-9.0.31
31-Mar-2020 23:00:05.726 INFO [main] org.apache.catalina.startup.VersionLoggerListener.log Command line argument: -Djava.util.logging.config.file=C:\Users\carol\Documents\CMPE-133\tomcat-windows\apache-tomcat-9.0.31\conf\logging.properties
31-Mar-2020 23:00:05.727 INFO [main] org.apache.catalina.startup.VersionLoggerListener.log Command line argument: -Djava.util.logging.manager=org.apache.juli.ClassLoaderLogManager
31-Mar-2020 23:00:05.727 INFO [main] org.apache.catalina.startup.VersionLoggerListener.log Command line argument: -Djdk.tls.ephemeralDHKeySize=2048
31-Mar-2020 23:00:05.727 INFO [main] org.apache.catalina.startup.VersionLoggerListener.log Command line argument: -Djava.protocol.handler.pkgs=org.apache.catalina.webresources
31-Mar-2020 23:00:05.728 INFO [main] org.apache.catalina.startup.VersionLoggerListener.log Command line argument: -Dignore.endorsed.dirs=
31-Mar-2020 23:00:05.729 INFO [main] org.apache.catalina.startup.VersionLoggerListener.log Command line argument: -Dcatalina.base=C:\Users\carol\Documents\CMPE-133\tomcat-windows\apache-tomcat-9.0.31
31-Mar-2020 23:00:05.729 INFO [main] org.apache.catalina.startup.VersionLoggerListener.log Command line argument: -Dcatalina.home=C:\Users\carol\Documents\CMPE-133\tomcat-windows\apache-tomcat-9.0.31
31-Mar-2020 23:00:05.730 INFO [main] org.apache.catalina.startup.VersionLoggerListener.log Command line argument: -Djava.io.tmpdir=C:\Users\carol\Documents\CMPE-133\tomcat-windows\apache-tomcat-9.0.31\temp
31-Mar-2020 23:00:05.730 INFO [main] org.apache.catalina.core.AprLifecycleListener.lifecycleEvent The APR based Apache Tomcat Native library which allows optimal performance in production environments was not found on the java.library.path: [C:\Java\jre1.8.0_241\bin;C:\WINDOWS\Sun\Java\bin;C:\WINDOWS\system32;C:\WINDOWS;C:\Program Files\Java\jdk-13.0.2\bin;C:\Program Files\Java\jdk-13.0.2\bin;C:\Program Files (x86)\Intel\Intel(R) Management Engine Components\iCLS\;C:\Program Files\Intel\Intel(R) Management Engine Components\iCLS\;C:\WINDOWS\system32;C:\WINDOWS;C:\WINDOWS\System32\Wbem;C:\WINDOWS\System32\WindowsPowerShell\v1.0\;C:\WINDOWS\System32\OpenSSH\;C:\Program Files (x86)\Intel\Intel(R) Management Engine Components\DAL;C:\Program Files\Intel\Intel(R) Management Engine Components\DAL;C:\Program Files (x86)\Intel\Intel(R) Management Engine Components\IPT;C:\Program Files\Intel\Intel(R) Management Engine Components\IPT;C:\Program Files\Git\cmd;C:\Program Files\Git LFS;C:\zookeeper-3.6.0\bin;C:\Program Files\Intel\WiFi\bin\;C:\Program Files\Common Files\Intel\WirelessCommon\;C:\Users\carol\AppData\Local\Programs\Python\Python38\Scripts\;C:\Users\carol\AppData\Local\Programs\Python\Python38\;C:\Users\carol\AppData\Local\Microsoft\WindowsApps;C:\Users\carol\AppData\Local\atom\bin;C:\Users\carol\AppData\Local\GitHubDesktop\bin;C:\Program Files\Docker Toolbox;.]
31-Mar-2020 23:00:08.396 INFO [main] org.apache.coyote.AbstractProtocol.init Initializing ProtocolHandler ["http-nio-9999"]
31-Mar-2020 23:00:08.914 INFO [main] org.apache.catalina.startup.Catalina.load Server initialization in [4,098] milliseconds
31-Mar-2020 23:00:08.986 INFO [main] org.apache.catalina.core.StandardService.startInternal Starting service [Catalina]
31-Mar-2020 23:00:08.987 INFO [main] org.apache.catalina.core.StandardEngine.startInternal Starting Servlet engine: [Apache Tomcat/9.0.31]
31-Mar-2020 23:00:08.999 INFO [main] org.apache.catalina.startup.HostConfig.deployDirectory Deploying web application directory [C:\Users\carol\Documents\CMPE-133\tomcat-windows\apache-tomcat-9.0.31\webapps\chatroom]
31-Mar-2020 23:00:09.487 INFO [main] org.apache.catalina.startup.HostConfig.deployDirectory Deployment of web application directory [C:\Users\carol\Documents\CMPE-133\tomcat-windows\apache-tomcat-9.0.31\webapps\chatroom] has finished in [488] ms
31-Mar-2020 23:00:09.488 INFO [main] org.apache.catalina.startup.HostConfig.deployDirectory Deploying web application directory [C:\Users\carol\Documents\CMPE-133\tomcat-windows\apache-tomcat-9.0.31\webapps\docs]
31-Mar-2020 23:00:09.536 INFO [main] org.apache.catalina.startup.HostConfig.deployDirectory Deployment of web application directory [C:\Users\carol\Documents\CMPE-133\tomcat-windows\apache-tomcat-9.0.31\webapps\docs] has finished in [49] ms
31-Mar-2020 23:00:09.536 INFO [main] org.apache.catalina.startup.HostConfig.deployDirectory Deploying web application directory [C:\Users\carol\Documents\CMPE-133\tomcat-windows\apache-tomcat-9.0.31\webapps\examples]
31-Mar-2020 23:00:12.353 INFO [main] org.apache.catalina.startup.HostConfig.deployDirectory Deployment of web application directory [C:\Users\carol\Documents\CMPE-133\tomcat-windows\apache-tomcat-9.0.31\webapps\examples] has finished in [2,817] ms
31-Mar-2020 23:00:12.355 INFO [main] org.apache.catalina.startup.HostConfig.deployDirectory Deploying web application directory [C:\Users\carol\Documents\CMPE-133\tomcat-windows\apache-tomcat-9.0.31\webapps\host-manager]
31-Mar-2020 23:00:12.463 INFO [main] org.apache.catalina.startup.HostConfig.deployDirectory Deployment of web application directory [C:\Users\carol\Documents\CMPE-133\tomcat-windows\apache-tomcat-9.0.31\webapps\host-manager] has finished in [108] ms
31-Mar-2020 23:00:12.464 INFO [main] org.apache.catalina.startup.HostConfig.deployDirectory Deploying web application directory [C:\Users\carol\Documents\CMPE-133\tomcat-windows\apache-tomcat-9.0.31\webapps\manager]
31-Mar-2020 23:00:12.553 INFO [main] org.apache.catalina.startup.HostConfig.deployDirectory Deployment of web application directory [C:\Users\carol\Documents\CMPE-133\tomcat-windows\apache-tomcat-9.0.31\webapps\manager] has finished in [89] ms
31-Mar-2020 23:00:12.554 INFO [main] org.apache.catalina.startup.HostConfig.deployDirectory Deploying web application directory [C:\Users\carol\Documents\CMPE-133\tomcat-windows\apache-tomcat-9.0.31\webapps\ROOT]
31-Mar-2020 23:00:12.599 INFO [main] org.apache.catalina.startup.HostConfig.deployDirectory Deployment of web application directory [C:\Users\carol\Documents\CMPE-133\tomcat-windows\apache-tomcat-9.0.31\webapps\ROOT] has finished in [44] ms
31-Mar-2020 23:00:12.604 INFO [main] org.apache.coyote.AbstractProtocol.start Starting ProtocolHandler ["http-nio-9999"]
31-Mar-2020 23:00:12.616 INFO [main] org.apache.catalina.startup.Catalina.start Server startup in [3,702] milliseconds
31-Mar-2020 23:15:49.037 INFO [main] org.apache.catalina.core.StandardServer.await A valid shutdown command was received via the shutdown port. Stopping the Server instance.
31-Mar-2020 23:15:49.039 INFO [main] org.apache.coyote.AbstractProtocol.pause Pausing ProtocolHandler ["http-nio-9999"]
31-Mar-2020 23:15:49.785 INFO [main] org.apache.catalina.core.StandardService.stopInternal Stopping service [Catalina]
31-Mar-2020 23:15:49.981 INFO [main] org.apache.coyote.AbstractProtocol.stop Stopping ProtocolHandler ["http-nio-9999"]
31-Mar-2020 23:15:49.997 INFO [main] org.apache.coyote.AbstractProtocol.destroy Destroying ProtocolHandler ["http-nio-9999"]
