02-Apr-2020 13:28:40.116 INFO [main] org.apache.catalina.startup.VersionLoggerListener.log Server version name:   Apache Tomcat/9.0.31
02-Apr-2020 13:28:40.192 INFO [main] org.apache.catalina.startup.VersionLoggerListener.log Server built:          Feb 5 2020 19:32:12 UTC
02-Apr-2020 13:28:40.193 INFO [main] org.apache.catalina.startup.VersionLoggerListener.log Server version number: 9.0.31.0
02-Apr-2020 13:28:40.193 INFO [main] org.apache.catalina.startup.VersionLoggerListener.log OS Name:               Windows 10
02-Apr-2020 13:28:40.193 INFO [main] org.apache.catalina.startup.VersionLoggerListener.log OS Version:            10.0
02-Apr-2020 13:28:40.194 INFO [main] org.apache.catalina.startup.VersionLoggerListener.log Architecture:          amd64
02-Apr-2020 13:28:40.194 INFO [main] org.apache.catalina.startup.VersionLoggerListener.log Java Home:             C:\Java\jre1.8.0_241
02-Apr-2020 13:28:40.194 INFO [main] org.apache.catalina.startup.VersionLoggerListener.log JVM Version:           1.8.0_241-b07
02-Apr-2020 13:28:40.194 INFO [main] org.apache.catalina.startup.VersionLoggerListener.log JVM Vendor:            Oracle Corporation
02-Apr-2020 13:28:40.195 INFO [main] org.apache.catalina.startup.VersionLoggerListener.log CATALINA_BASE:         C:\Users\carol\Documents\CMPE-133\tomcat-windows\apache-tomcat-9.0.31
02-Apr-2020 13:28:40.195 INFO [main] org.apache.catalina.startup.VersionLoggerListener.log CATALINA_HOME:         C:\Users\carol\Documents\CMPE-133\tomcat-windows\apache-tomcat-9.0.31
02-Apr-2020 13:28:40.272 INFO [main] org.apache.catalina.startup.VersionLoggerListener.log Command line argument: -Djava.util.logging.config.file=C:\Users\carol\Documents\CMPE-133\tomcat-windows\apache-tomcat-9.0.31\conf\logging.properties
02-Apr-2020 13:28:40.273 INFO [main] org.apache.catalina.startup.VersionLoggerListener.log Command line argument: -Djava.util.logging.manager=org.apache.juli.ClassLoaderLogManager
02-Apr-2020 13:28:40.274 INFO [main] org.apache.catalina.startup.VersionLoggerListener.log Command line argument: -Djdk.tls.ephemeralDHKeySize=2048
02-Apr-2020 13:28:40.275 INFO [main] org.apache.catalina.startup.VersionLoggerListener.log Command line argument: -Djava.protocol.handler.pkgs=org.apache.catalina.webresources
02-Apr-2020 13:28:40.276 INFO [main] org.apache.catalina.startup.VersionLoggerListener.log Command line argument: -Dignore.endorsed.dirs=
02-Apr-2020 13:28:40.276 INFO [main] org.apache.catalina.startup.VersionLoggerListener.log Command line argument: -Dcatalina.base=C:\Users\carol\Documents\CMPE-133\tomcat-windows\apache-tomcat-9.0.31
02-Apr-2020 13:28:40.278 INFO [main] org.apache.catalina.startup.VersionLoggerListener.log Command line argument: -Dcatalina.home=C:\Users\carol\Documents\CMPE-133\tomcat-windows\apache-tomcat-9.0.31
02-Apr-2020 13:28:40.280 INFO [main] org.apache.catalina.startup.VersionLoggerListener.log Command line argument: -Djava.io.tmpdir=C:\Users\carol\Documents\CMPE-133\tomcat-windows\apache-tomcat-9.0.31\temp
02-Apr-2020 13:28:40.282 INFO [main] org.apache.catalina.core.AprLifecycleListener.lifecycleEvent The APR based Apache Tomcat Native library which allows optimal performance in production environments was not found on the java.library.path: [C:\Java\jre1.8.0_241\bin;C:\WINDOWS\Sun\Java\bin;C:\WINDOWS\system32;C:\WINDOWS;C:\Program Files\Java\jdk-13.0.2\bin;C:\Program Files\Java\jdk-13.0.2\bin;C:\Program Files (x86)\Intel\Intel(R) Management Engine Components\iCLS\;C:\Program Files\Intel\Intel(R) Management Engine Components\iCLS\;C:\WINDOWS\system32;C:\WINDOWS;C:\WINDOWS\System32\Wbem;C:\WINDOWS\System32\WindowsPowerShell\v1.0\;C:\WINDOWS\System32\OpenSSH\;C:\Program Files (x86)\Intel\Intel(R) Management Engine Components\DAL;C:\Program Files\Intel\Intel(R) Management Engine Components\DAL;C:\Program Files (x86)\Intel\Intel(R) Management Engine Components\IPT;C:\Program Files\Intel\Intel(R) Management Engine Components\IPT;C:\Program Files\Git\cmd;C:\Program Files\Git LFS;C:\zookeeper-3.6.0\bin;C:\Program Files\Intel\WiFi\bin\;C:\Program Files\Common Files\Intel\WirelessCommon\;C:\Users\carol\AppData\Local\Programs\Python\Python38\Scripts\;C:\Users\carol\AppData\Local\Programs\Python\Python38\;C:\Users\carol\AppData\Local\Microsoft\WindowsApps;C:\Users\carol\AppData\Local\atom\bin;C:\Users\carol\AppData\Local\GitHubDesktop\bin;C:\Program Files\Docker Toolbox;.]
02-Apr-2020 13:28:41.767 INFO [main] org.apache.coyote.AbstractProtocol.init Initializing ProtocolHandler ["http-nio-9999"]
02-Apr-2020 13:28:42.306 INFO [main] org.apache.catalina.startup.Catalina.load Server initialization in [2,843] milliseconds
02-Apr-2020 13:28:42.693 INFO [main] org.apache.catalina.core.StandardService.startInternal Starting service [Catalina]
02-Apr-2020 13:28:42.694 INFO [main] org.apache.catalina.core.StandardEngine.startInternal Starting Servlet engine: [Apache Tomcat/9.0.31]
02-Apr-2020 13:28:42.711 INFO [main] org.apache.catalina.startup.HostConfig.deployDirectory Deploying web application directory [C:\Users\carol\Documents\CMPE-133\tomcat-windows\apache-tomcat-9.0.31\webapps\chatroom]
02-Apr-2020 13:28:43.356 INFO [main] org.apache.catalina.startup.HostConfig.deployDirectory Deployment of web application directory [C:\Users\carol\Documents\CMPE-133\tomcat-windows\apache-tomcat-9.0.31\webapps\chatroom] has finished in [645] ms
02-Apr-2020 13:28:43.357 INFO [main] org.apache.catalina.startup.HostConfig.deployDirectory Deploying web application directory [C:\Users\carol\Documents\CMPE-133\tomcat-windows\apache-tomcat-9.0.31\webapps\docs]
02-Apr-2020 13:28:43.413 INFO [main] org.apache.catalina.startup.HostConfig.deployDirectory Deployment of web application directory [C:\Users\carol\Documents\CMPE-133\tomcat-windows\apache-tomcat-9.0.31\webapps\docs] has finished in [56] ms
02-Apr-2020 13:28:43.414 INFO [main] org.apache.catalina.startup.HostConfig.deployDirectory Deploying web application directory [C:\Users\carol\Documents\CMPE-133\tomcat-windows\apache-tomcat-9.0.31\webapps\examples]
02-Apr-2020 13:28:46.357 INFO [main] org.apache.catalina.startup.HostConfig.deployDirectory Deployment of web application directory [C:\Users\carol\Documents\CMPE-133\tomcat-windows\apache-tomcat-9.0.31\webapps\examples] has finished in [2,944] ms
02-Apr-2020 13:28:46.358 INFO [main] org.apache.catalina.startup.HostConfig.deployDirectory Deploying web application directory [C:\Users\carol\Documents\CMPE-133\tomcat-windows\apache-tomcat-9.0.31\webapps\host-manager]
02-Apr-2020 13:28:46.546 INFO [main] org.apache.catalina.startup.HostConfig.deployDirectory Deployment of web application directory [C:\Users\carol\Documents\CMPE-133\tomcat-windows\apache-tomcat-9.0.31\webapps\host-manager] has finished in [188] ms
02-Apr-2020 13:28:46.547 INFO [main] org.apache.catalina.startup.HostConfig.deployDirectory Deploying web application directory [C:\Users\carol\Documents\CMPE-133\tomcat-windows\apache-tomcat-9.0.31\webapps\LoginWeb]
02-Apr-2020 13:28:46.605 INFO [main] org.apache.catalina.startup.HostConfig.deployDirectory Deployment of web application directory [C:\Users\carol\Documents\CMPE-133\tomcat-windows\apache-tomcat-9.0.31\webapps\LoginWeb] has finished in [57] ms
02-Apr-2020 13:28:46.609 INFO [main] org.apache.catalina.startup.HostConfig.deployDirectory Deploying web application directory [C:\Users\carol\Documents\CMPE-133\tomcat-windows\apache-tomcat-9.0.31\webapps\manager]
02-Apr-2020 13:28:46.732 INFO [main] org.apache.catalina.startup.HostConfig.deployDirectory Deployment of web application directory [C:\Users\carol\Documents\CMPE-133\tomcat-windows\apache-tomcat-9.0.31\webapps\manager] has finished in [123] ms
02-Apr-2020 13:28:46.737 INFO [main] org.apache.catalina.startup.HostConfig.deployDirectory Deploying web application directory [C:\Users\carol\Documents\CMPE-133\tomcat-windows\apache-tomcat-9.0.31\webapps\ROOT]
02-Apr-2020 13:28:46.799 INFO [main] org.apache.catalina.startup.HostConfig.deployDirectory Deployment of web application directory [C:\Users\carol\Documents\CMPE-133\tomcat-windows\apache-tomcat-9.0.31\webapps\ROOT] has finished in [61] ms
02-Apr-2020 13:28:46.803 INFO [main] org.apache.catalina.startup.HostConfig.deployDirectory Deploying web application directory [C:\Users\carol\Documents\CMPE-133\tomcat-windows\apache-tomcat-9.0.31\webapps\__MACOSX]
02-Apr-2020 13:28:46.845 INFO [main] org.apache.catalina.startup.HostConfig.deployDirectory Deployment of web application directory [C:\Users\carol\Documents\CMPE-133\tomcat-windows\apache-tomcat-9.0.31\webapps\__MACOSX] has finished in [42] ms
02-Apr-2020 13:28:46.855 INFO [main] org.apache.coyote.AbstractProtocol.start Starting ProtocolHandler ["http-nio-9999"]
02-Apr-2020 13:28:46.914 INFO [main] org.apache.catalina.startup.Catalina.start Server startup in [4,607] milliseconds
02-Apr-2020 13:32:21.135 INFO [main] org.apache.catalina.core.StandardServer.await A valid shutdown command was received via the shutdown port. Stopping the Server instance.
02-Apr-2020 13:32:21.136 INFO [main] org.apache.coyote.AbstractProtocol.pause Pausing ProtocolHandler ["http-nio-9999"]
02-Apr-2020 13:32:21.518 INFO [main] org.apache.catalina.core.StandardService.stopInternal Stopping service [Catalina]
02-Apr-2020 13:32:21.619 INFO [main] org.apache.coyote.AbstractProtocol.stop Stopping ProtocolHandler ["http-nio-9999"]
02-Apr-2020 13:32:21.631 INFO [main] org.apache.coyote.AbstractProtocol.destroy Destroying ProtocolHandler ["http-nio-9999"]
02-Apr-2020 13:33:22.962 INFO [main] org.apache.catalina.startup.VersionLoggerListener.log Server version name:   Apache Tomcat/9.0.31
02-Apr-2020 13:33:22.965 INFO [main] org.apache.catalina.startup.VersionLoggerListener.log Server built:          Feb 5 2020 19:32:12 UTC
02-Apr-2020 13:33:22.966 INFO [main] org.apache.catalina.startup.VersionLoggerListener.log Server version number: 9.0.31.0
02-Apr-2020 13:33:22.966 INFO [main] org.apache.catalina.startup.VersionLoggerListener.log OS Name:               Windows 10
02-Apr-2020 13:33:22.967 INFO [main] org.apache.catalina.startup.VersionLoggerListener.log OS Version:            10.0
02-Apr-2020 13:33:22.967 INFO [main] org.apache.catalina.startup.VersionLoggerListener.log Architecture:          amd64
02-Apr-2020 13:33:22.967 INFO [main] org.apache.catalina.startup.VersionLoggerListener.log Java Home:             C:\Java\jre1.8.0_241
02-Apr-2020 13:33:22.967 INFO [main] org.apache.catalina.startup.VersionLoggerListener.log JVM Version:           1.8.0_241-b07
02-Apr-2020 13:33:22.967 INFO [main] org.apache.catalina.startup.VersionLoggerListener.log JVM Vendor:            Oracle Corporation
02-Apr-2020 13:33:22.967 INFO [main] org.apache.catalina.startup.VersionLoggerListener.log CATALINA_BASE:         C:\Users\carol\Documents\CMPE-133\tomcat-windows\apache-tomcat-9.0.31
02-Apr-2020 13:33:22.968 INFO [main] org.apache.catalina.startup.VersionLoggerListener.log CATALINA_HOME:         C:\Users\carol\Documents\CMPE-133\tomcat-windows\apache-tomcat-9.0.31
02-Apr-2020 13:33:22.968 INFO [main] org.apache.catalina.startup.VersionLoggerListener.log Command line argument: -Djava.util.logging.config.file=C:\Users\carol\Documents\CMPE-133\tomcat-windows\apache-tomcat-9.0.31\conf\logging.properties
02-Apr-2020 13:33:22.969 INFO [main] org.apache.catalina.startup.VersionLoggerListener.log Command line argument: -Djava.util.logging.manager=org.apache.juli.ClassLoaderLogManager
02-Apr-2020 13:33:22.969 INFO [main] org.apache.catalina.startup.VersionLoggerListener.log Command line argument: -Djdk.tls.ephemeralDHKeySize=2048
02-Apr-2020 13:33:22.969 INFO [main] org.apache.catalina.startup.VersionLoggerListener.log Command line argument: -Djava.protocol.handler.pkgs=org.apache.catalina.webresources
02-Apr-2020 13:33:22.969 INFO [main] org.apache.catalina.startup.VersionLoggerListener.log Command line argument: -Dignore.endorsed.dirs=
02-Apr-2020 13:33:22.970 INFO [main] org.apache.catalina.startup.VersionLoggerListener.log Command line argument: -Dcatalina.base=C:\Users\carol\Documents\CMPE-133\tomcat-windows\apache-tomcat-9.0.31
02-Apr-2020 13:33:22.970 INFO [main] org.apache.catalina.startup.VersionLoggerListener.log Command line argument: -Dcatalina.home=C:\Users\carol\Documents\CMPE-133\tomcat-windows\apache-tomcat-9.0.31
02-Apr-2020 13:33:22.971 INFO [main] org.apache.catalina.startup.VersionLoggerListener.log Command line argument: -Djava.io.tmpdir=C:\Users\carol\Documents\CMPE-133\tomcat-windows\apache-tomcat-9.0.31\temp
02-Apr-2020 13:33:22.972 INFO [main] org.apache.catalina.core.AprLifecycleListener.lifecycleEvent The APR based Apache Tomcat Native library which allows optimal performance in production environments was not found on the java.library.path: [C:\Java\jre1.8.0_241\bin;C:\WINDOWS\Sun\Java\bin;C:\WINDOWS\system32;C:\WINDOWS;C:\Program Files\Java\jdk-13.0.2\bin;C:\Program Files\Java\jdk-13.0.2\bin;C:\Program Files (x86)\Intel\Intel(R) Management Engine Components\iCLS\;C:\Program Files\Intel\Intel(R) Management Engine Components\iCLS\;C:\WINDOWS\system32;C:\WINDOWS;C:\WINDOWS\System32\Wbem;C:\WINDOWS\System32\WindowsPowerShell\v1.0\;C:\WINDOWS\System32\OpenSSH\;C:\Program Files (x86)\Intel\Intel(R) Management Engine Components\DAL;C:\Program Files\Intel\Intel(R) Management Engine Components\DAL;C:\Program Files (x86)\Intel\Intel(R) Management Engine Components\IPT;C:\Program Files\Intel\Intel(R) Management Engine Components\IPT;C:\Program Files\Git\cmd;C:\Program Files\Git LFS;C:\zookeeper-3.6.0\bin;C:\Program Files\Intel\WiFi\bin\;C:\Program Files\Common Files\Intel\WirelessCommon\;C:\Users\carol\AppData\Local\Programs\Python\Python38\Scripts\;C:\Users\carol\AppData\Local\Programs\Python\Python38\;C:\Users\carol\AppData\Local\Microsoft\WindowsApps;C:\Users\carol\AppData\Local\atom\bin;C:\Users\carol\AppData\Local\GitHubDesktop\bin;C:\Program Files\Docker Toolbox;.]
02-Apr-2020 13:33:23.371 INFO [main] org.apache.coyote.AbstractProtocol.init Initializing ProtocolHandler ["http-nio-9999"]
02-Apr-2020 13:33:23.906 INFO [main] org.apache.catalina.startup.Catalina.load Server initialization in [1,165] milliseconds
02-Apr-2020 13:33:23.951 INFO [main] org.apache.catalina.core.StandardService.startInternal Starting service [Catalina]
02-Apr-2020 13:33:23.951 INFO [main] org.apache.catalina.core.StandardEngine.startInternal Starting Servlet engine: [Apache Tomcat/9.0.31]
02-Apr-2020 13:33:23.968 INFO [main] org.apache.catalina.startup.HostConfig.deployDirectory Deploying web application directory [C:\Users\carol\Documents\CMPE-133\tomcat-windows\apache-tomcat-9.0.31\webapps\chatroom]
02-Apr-2020 13:33:24.308 INFO [main] org.apache.catalina.startup.HostConfig.deployDirectory Deployment of web application directory [C:\Users\carol\Documents\CMPE-133\tomcat-windows\apache-tomcat-9.0.31\webapps\chatroom] has finished in [340] ms
02-Apr-2020 13:33:24.309 INFO [main] org.apache.catalina.startup.HostConfig.deployDirectory Deploying web application directory [C:\Users\carol\Documents\CMPE-133\tomcat-windows\apache-tomcat-9.0.31\webapps\docs]
02-Apr-2020 13:33:24.343 INFO [main] org.apache.catalina.startup.HostConfig.deployDirectory Deployment of web application directory [C:\Users\carol\Documents\CMPE-133\tomcat-windows\apache-tomcat-9.0.31\webapps\docs] has finished in [34] ms
02-Apr-2020 13:33:24.344 INFO [main] org.apache.catalina.startup.HostConfig.deployDirectory Deploying web application directory [C:\Users\carol\Documents\CMPE-133\tomcat-windows\apache-tomcat-9.0.31\webapps\examples]
02-Apr-2020 13:33:24.878 INFO [main] org.apache.catalina.startup.HostConfig.deployDirectory Deployment of web application directory [C:\Users\carol\Documents\CMPE-133\tomcat-windows\apache-tomcat-9.0.31\webapps\examples] has finished in [534] ms
02-Apr-2020 13:33:24.880 INFO [main] org.apache.catalina.startup.HostConfig.deployDirectory Deploying web application directory [C:\Users\carol\Documents\CMPE-133\tomcat-windows\apache-tomcat-9.0.31\webapps\host-manager]
02-Apr-2020 13:33:24.931 INFO [main] org.apache.catalina.startup.HostConfig.deployDirectory Deployment of web application directory [C:\Users\carol\Documents\CMPE-133\tomcat-windows\apache-tomcat-9.0.31\webapps\host-manager] has finished in [51] ms
02-Apr-2020 13:33:24.932 INFO [main] org.apache.catalina.startup.HostConfig.deployDirectory Deploying web application directory [C:\Users\carol\Documents\CMPE-133\tomcat-windows\apache-tomcat-9.0.31\webapps\LoginWeb]
02-Apr-2020 13:33:24.965 INFO [main] org.apache.catalina.startup.HostConfig.deployDirectory Deployment of web application directory [C:\Users\carol\Documents\CMPE-133\tomcat-windows\apache-tomcat-9.0.31\webapps\LoginWeb] has finished in [33] ms
02-Apr-2020 13:33:24.966 INFO [main] org.apache.catalina.startup.HostConfig.deployDirectory Deploying web application directory [C:\Users\carol\Documents\CMPE-133\tomcat-windows\apache-tomcat-9.0.31\webapps\manager]
02-Apr-2020 13:33:25.010 INFO [main] org.apache.catalina.startup.HostConfig.deployDirectory Deployment of web application directory [C:\Users\carol\Documents\CMPE-133\tomcat-windows\apache-tomcat-9.0.31\webapps\manager] has finished in [44] ms
02-Apr-2020 13:33:25.012 INFO [main] org.apache.catalina.startup.HostConfig.deployDirectory Deploying web application directory [C:\Users\carol\Documents\CMPE-133\tomcat-windows\apache-tomcat-9.0.31\webapps\ROOT]
02-Apr-2020 13:33:25.074 INFO [main] org.apache.catalina.startup.HostConfig.deployDirectory Deployment of web application directory [C:\Users\carol\Documents\CMPE-133\tomcat-windows\apache-tomcat-9.0.31\webapps\ROOT] has finished in [62] ms
02-Apr-2020 13:33:25.075 INFO [main] org.apache.catalina.startup.HostConfig.deployDirectory Deploying web application directory [C:\Users\carol\Documents\CMPE-133\tomcat-windows\apache-tomcat-9.0.31\webapps\__MACOSX]
02-Apr-2020 13:33:25.116 INFO [main] org.apache.catalina.startup.HostConfig.deployDirectory Deployment of web application directory [C:\Users\carol\Documents\CMPE-133\tomcat-windows\apache-tomcat-9.0.31\webapps\__MACOSX] has finished in [40] ms
02-Apr-2020 13:33:25.124 INFO [main] org.apache.coyote.AbstractProtocol.start Starting ProtocolHandler ["http-nio-9999"]
02-Apr-2020 13:33:25.140 INFO [main] org.apache.catalina.startup.Catalina.start Server startup in [1,233] milliseconds
02-Apr-2020 14:08:27.024 INFO [main] org.apache.catalina.core.StandardServer.await A valid shutdown command was received via the shutdown port. Stopping the Server instance.
02-Apr-2020 14:08:27.025 INFO [main] org.apache.coyote.AbstractProtocol.pause Pausing ProtocolHandler ["http-nio-9999"]
02-Apr-2020 14:08:27.541 INFO [main] org.apache.catalina.core.StandardService.stopInternal Stopping service [Catalina]
02-Apr-2020 14:08:27.653 INFO [main] org.apache.coyote.AbstractProtocol.stop Stopping ProtocolHandler ["http-nio-9999"]
02-Apr-2020 14:08:27.657 INFO [main] org.apache.coyote.AbstractProtocol.destroy Destroying ProtocolHandler ["http-nio-9999"]
02-Apr-2020 14:09:46.616 INFO [main] org.apache.catalina.startup.VersionLoggerListener.log Server version name:   Apache Tomcat/9.0.31
02-Apr-2020 14:09:46.618 INFO [main] org.apache.catalina.startup.VersionLoggerListener.log Server built:          Feb 5 2020 19:32:12 UTC
02-Apr-2020 14:09:46.619 INFO [main] org.apache.catalina.startup.VersionLoggerListener.log Server version number: 9.0.31.0
02-Apr-2020 14:09:46.619 INFO [main] org.apache.catalina.startup.VersionLoggerListener.log OS Name:               Windows 10
02-Apr-2020 14:09:46.619 INFO [main] org.apache.catalina.startup.VersionLoggerListener.log OS Version:            10.0
02-Apr-2020 14:09:46.619 INFO [main] org.apache.catalina.startup.VersionLoggerListener.log Architecture:          amd64
02-Apr-2020 14:09:46.620 INFO [main] org.apache.catalina.startup.VersionLoggerListener.log Java Home:             C:\Java\jre1.8.0_241
02-Apr-2020 14:09:46.620 INFO [main] org.apache.catalina.startup.VersionLoggerListener.log JVM Version:           1.8.0_241-b07
02-Apr-2020 14:09:46.620 INFO [main] org.apache.catalina.startup.VersionLoggerListener.log JVM Vendor:            Oracle Corporation
02-Apr-2020 14:09:46.620 INFO [main] org.apache.catalina.startup.VersionLoggerListener.log CATALINA_BASE:         C:\Users\carol\Documents\CMPE-133\tomcat-windows\apache-tomcat-9.0.31
02-Apr-2020 14:09:46.620 INFO [main] org.apache.catalina.startup.VersionLoggerListener.log CATALINA_HOME:         C:\Users\carol\Documents\CMPE-133\tomcat-windows\apache-tomcat-9.0.31
02-Apr-2020 14:09:46.621 INFO [main] org.apache.catalina.startup.VersionLoggerListener.log Command line argument: -Djava.util.logging.config.file=C:\Users\carol\Documents\CMPE-133\tomcat-windows\apache-tomcat-9.0.31\conf\logging.properties
02-Apr-2020 14:09:46.621 INFO [main] org.apache.catalina.startup.VersionLoggerListener.log Command line argument: -Djava.util.logging.manager=org.apache.juli.ClassLoaderLogManager
02-Apr-2020 14:09:46.621 INFO [main] org.apache.catalina.startup.VersionLoggerListener.log Command line argument: -Djdk.tls.ephemeralDHKeySize=2048
02-Apr-2020 14:09:46.622 INFO [main] org.apache.catalina.startup.VersionLoggerListener.log Command line argument: -Djava.protocol.handler.pkgs=org.apache.catalina.webresources
02-Apr-2020 14:09:46.622 INFO [main] org.apache.catalina.startup.VersionLoggerListener.log Command line argument: -Dignore.endorsed.dirs=
02-Apr-2020 14:09:46.622 INFO [main] org.apache.catalina.startup.VersionLoggerListener.log Command line argument: -Dcatalina.base=C:\Users\carol\Documents\CMPE-133\tomcat-windows\apache-tomcat-9.0.31
02-Apr-2020 14:09:46.623 INFO [main] org.apache.catalina.startup.VersionLoggerListener.log Command line argument: -Dcatalina.home=C:\Users\carol\Documents\CMPE-133\tomcat-windows\apache-tomcat-9.0.31
02-Apr-2020 14:09:46.623 INFO [main] org.apache.catalina.startup.VersionLoggerListener.log Command line argument: -Djava.io.tmpdir=C:\Users\carol\Documents\CMPE-133\tomcat-windows\apache-tomcat-9.0.31\temp
02-Apr-2020 14:09:46.624 INFO [main] org.apache.catalina.core.AprLifecycleListener.lifecycleEvent The APR based Apache Tomcat Native library which allows optimal performance in production environments was not found on the java.library.path: [C:\Java\jre1.8.0_241\bin;C:\WINDOWS\Sun\Java\bin;C:\WINDOWS\system32;C:\WINDOWS;C:\Program Files\Java\jdk-13.0.2\bin;C:\Program Files\Java\jdk-13.0.2\bin;C:\Program Files (x86)\Intel\Intel(R) Management Engine Components\iCLS\;C:\Program Files\Intel\Intel(R) Management Engine Components\iCLS\;C:\WINDOWS\system32;C:\WINDOWS;C:\WINDOWS\System32\Wbem;C:\WINDOWS\System32\WindowsPowerShell\v1.0\;C:\WINDOWS\System32\OpenSSH\;C:\Program Files (x86)\Intel\Intel(R) Management Engine Components\DAL;C:\Program Files\Intel\Intel(R) Management Engine Components\DAL;C:\Program Files (x86)\Intel\Intel(R) Management Engine Components\IPT;C:\Program Files\Intel\Intel(R) Management Engine Components\IPT;C:\Program Files\Git\cmd;C:\Program Files\Git LFS;C:\zookeeper-3.6.0\bin;C:\Program Files\Intel\WiFi\bin\;C:\Program Files\Common Files\Intel\WirelessCommon\;C:\Users\carol\AppData\Local\Programs\Python\Python38\Scripts\;C:\Users\carol\AppData\Local\Programs\Python\Python38\;C:\Users\carol\AppData\Local\Microsoft\WindowsApps;C:\Users\carol\AppData\Local\atom\bin;C:\Users\carol\AppData\Local\GitHubDesktop\bin;C:\Program Files\Docker Toolbox;.]
02-Apr-2020 14:09:47.631 INFO [main] org.apache.coyote.AbstractProtocol.init Initializing ProtocolHandler ["http-nio-9999"]
02-Apr-2020 14:09:48.206 INFO [main] org.apache.catalina.startup.Catalina.load Server initialization in [1,947] milliseconds
02-Apr-2020 14:09:48.250 INFO [main] org.apache.catalina.core.StandardService.startInternal Starting service [Catalina]
02-Apr-2020 14:09:48.250 INFO [main] org.apache.catalina.core.StandardEngine.startInternal Starting Servlet engine: [Apache Tomcat/9.0.31]
02-Apr-2020 14:09:48.266 INFO [main] org.apache.catalina.startup.HostConfig.deployDirectory Deploying web application directory [C:\Users\carol\Documents\CMPE-133\tomcat-windows\apache-tomcat-9.0.31\webapps\chatroom]
02-Apr-2020 14:09:48.725 INFO [main] org.apache.catalina.startup.HostConfig.deployDirectory Deployment of web application directory [C:\Users\carol\Documents\CMPE-133\tomcat-windows\apache-tomcat-9.0.31\webapps\chatroom] has finished in [459] ms
02-Apr-2020 14:09:48.735 INFO [main] org.apache.catalina.startup.HostConfig.deployDirectory Deploying web application directory [C:\Users\carol\Documents\CMPE-133\tomcat-windows\apache-tomcat-9.0.31\webapps\docs]
02-Apr-2020 14:09:48.797 INFO [main] org.apache.catalina.startup.HostConfig.deployDirectory Deployment of web application directory [C:\Users\carol\Documents\CMPE-133\tomcat-windows\apache-tomcat-9.0.31\webapps\docs] has finished in [63] ms
02-Apr-2020 14:09:48.798 INFO [main] org.apache.catalina.startup.HostConfig.deployDirectory Deploying web application directory [C:\Users\carol\Documents\CMPE-133\tomcat-windows\apache-tomcat-9.0.31\webapps\examples]
02-Apr-2020 14:09:49.617 INFO [main] org.apache.catalina.startup.HostConfig.deployDirectory Deployment of web application directory [C:\Users\carol\Documents\CMPE-133\tomcat-windows\apache-tomcat-9.0.31\webapps\examples] has finished in [818] ms
02-Apr-2020 14:09:49.617 INFO [main] org.apache.catalina.startup.HostConfig.deployDirectory Deploying web application directory [C:\Users\carol\Documents\CMPE-133\tomcat-windows\apache-tomcat-9.0.31\webapps\host-manager]
02-Apr-2020 14:09:49.681 INFO [main] org.apache.catalina.startup.HostConfig.deployDirectory Deployment of web application directory [C:\Users\carol\Documents\CMPE-133\tomcat-windows\apache-tomcat-9.0.31\webapps\host-manager] has finished in [64] ms
02-Apr-2020 14:09:49.682 INFO [main] org.apache.catalina.startup.HostConfig.deployDirectory Deploying web application directory [C:\Users\carol\Documents\CMPE-133\tomcat-windows\apache-tomcat-9.0.31\webapps\LoginWeb]
02-Apr-2020 14:09:49.797 INFO [main] org.apache.catalina.startup.HostConfig.deployDirectory Deployment of web application directory [C:\Users\carol\Documents\CMPE-133\tomcat-windows\apache-tomcat-9.0.31\webapps\LoginWeb] has finished in [114] ms
02-Apr-2020 14:09:49.798 INFO [main] org.apache.catalina.startup.HostConfig.deployDirectory Deploying web application directory [C:\Users\carol\Documents\CMPE-133\tomcat-windows\apache-tomcat-9.0.31\webapps\manager]
02-Apr-2020 14:09:49.932 INFO [main] org.apache.catalina.startup.HostConfig.deployDirectory Deployment of web application directory [C:\Users\carol\Documents\CMPE-133\tomcat-windows\apache-tomcat-9.0.31\webapps\manager] has finished in [132] ms
02-Apr-2020 14:09:49.937 INFO [main] org.apache.catalina.startup.HostConfig.deployDirectory Deploying web application directory [C:\Users\carol\Documents\CMPE-133\tomcat-windows\apache-tomcat-9.0.31\webapps\ROOT]
02-Apr-2020 14:09:49.992 INFO [main] org.apache.catalina.startup.HostConfig.deployDirectory Deployment of web application directory [C:\Users\carol\Documents\CMPE-133\tomcat-windows\apache-tomcat-9.0.31\webapps\ROOT] has finished in [55] ms
02-Apr-2020 14:09:49.996 INFO [main] org.apache.catalina.startup.HostConfig.deployDirectory Deploying web application directory [C:\Users\carol\Documents\CMPE-133\tomcat-windows\apache-tomcat-9.0.31\webapps\__MACOSX]
02-Apr-2020 14:09:50.083 INFO [main] org.apache.catalina.startup.HostConfig.deployDirectory Deployment of web application directory [C:\Users\carol\Documents\CMPE-133\tomcat-windows\apache-tomcat-9.0.31\webapps\__MACOSX] has finished in [87] ms
02-Apr-2020 14:09:50.091 INFO [main] org.apache.coyote.AbstractProtocol.start Starting ProtocolHandler ["http-nio-9999"]
02-Apr-2020 14:09:50.107 INFO [main] org.apache.catalina.startup.Catalina.start Server startup in [1,898] milliseconds
02-Apr-2020 14:11:18.015 INFO [main] org.apache.catalina.core.StandardServer.await A valid shutdown command was received via the shutdown port. Stopping the Server instance.
02-Apr-2020 14:11:18.015 INFO [main] org.apache.coyote.AbstractProtocol.pause Pausing ProtocolHandler ["http-nio-9999"]
02-Apr-2020 14:11:18.497 INFO [main] org.apache.catalina.core.StandardService.stopInternal Stopping service [Catalina]
02-Apr-2020 14:11:18.566 INFO [main] org.apache.coyote.AbstractProtocol.stop Stopping ProtocolHandler ["http-nio-9999"]
02-Apr-2020 14:11:18.574 INFO [main] org.apache.coyote.AbstractProtocol.destroy Destroying ProtocolHandler ["http-nio-9999"]
02-Apr-2020 14:12:33.311 INFO [main] org.apache.catalina.startup.VersionLoggerListener.log Server version name:   Apache Tomcat/9.0.31
02-Apr-2020 14:12:33.313 INFO [main] org.apache.catalina.startup.VersionLoggerListener.log Server built:          Feb 5 2020 19:32:12 UTC
02-Apr-2020 14:12:33.314 INFO [main] org.apache.catalina.startup.VersionLoggerListener.log Server version number: 9.0.31.0
02-Apr-2020 14:12:33.314 INFO [main] org.apache.catalina.startup.VersionLoggerListener.log OS Name:               Windows 10
02-Apr-2020 14:12:33.314 INFO [main] org.apache.catalina.startup.VersionLoggerListener.log OS Version:            10.0
02-Apr-2020 14:12:33.314 INFO [main] org.apache.catalina.startup.VersionLoggerListener.log Architecture:          amd64
02-Apr-2020 14:12:33.314 INFO [main] org.apache.catalina.startup.VersionLoggerListener.log Java Home:             C:\Java\jre1.8.0_241
02-Apr-2020 14:12:33.314 INFO [main] org.apache.catalina.startup.VersionLoggerListener.log JVM Version:           1.8.0_241-b07
02-Apr-2020 14:12:33.314 INFO [main] org.apache.catalina.startup.VersionLoggerListener.log JVM Vendor:            Oracle Corporation
02-Apr-2020 14:12:33.315 INFO [main] org.apache.catalina.startup.VersionLoggerListener.log CATALINA_BASE:         C:\Users\carol\Documents\CMPE-133\tomcat-windows\apache-tomcat-9.0.31
02-Apr-2020 14:12:33.315 INFO [main] org.apache.catalina.startup.VersionLoggerListener.log CATALINA_HOME:         C:\Users\carol\Documents\CMPE-133\tomcat-windows\apache-tomcat-9.0.31
02-Apr-2020 14:12:33.315 INFO [main] org.apache.catalina.startup.VersionLoggerListener.log Command line argument: -Djava.util.logging.config.file=C:\Users\carol\Documents\CMPE-133\tomcat-windows\apache-tomcat-9.0.31\conf\logging.properties
02-Apr-2020 14:12:33.316 INFO [main] org.apache.catalina.startup.VersionLoggerListener.log Command line argument: -Djava.util.logging.manager=org.apache.juli.ClassLoaderLogManager
02-Apr-2020 14:12:33.316 INFO [main] org.apache.catalina.startup.VersionLoggerListener.log Command line argument: -Djdk.tls.ephemeralDHKeySize=2048
02-Apr-2020 14:12:33.316 INFO [main] org.apache.catalina.startup.VersionLoggerListener.log Command line argument: -Djava.protocol.handler.pkgs=org.apache.catalina.webresources
02-Apr-2020 14:12:33.316 INFO [main] org.apache.catalina.startup.VersionLoggerListener.log Command line argument: -Dignore.endorsed.dirs=
02-Apr-2020 14:12:33.316 INFO [main] org.apache.catalina.startup.VersionLoggerListener.log Command line argument: -Dcatalina.base=C:\Users\carol\Documents\CMPE-133\tomcat-windows\apache-tomcat-9.0.31
02-Apr-2020 14:12:33.317 INFO [main] org.apache.catalina.startup.VersionLoggerListener.log Command line argument: -Dcatalina.home=C:\Users\carol\Documents\CMPE-133\tomcat-windows\apache-tomcat-9.0.31
02-Apr-2020 14:12:33.317 INFO [main] org.apache.catalina.startup.VersionLoggerListener.log Command line argument: -Djava.io.tmpdir=C:\Users\carol\Documents\CMPE-133\tomcat-windows\apache-tomcat-9.0.31\temp
02-Apr-2020 14:12:33.318 INFO [main] org.apache.catalina.core.AprLifecycleListener.lifecycleEvent The APR based Apache Tomcat Native library which allows optimal performance in production environments was not found on the java.library.path: [C:\Java\jre1.8.0_241\bin;C:\WINDOWS\Sun\Java\bin;C:\WINDOWS\system32;C:\WINDOWS;C:\Program Files\Java\jdk-13.0.2\bin;C:\Program Files\Java\jdk-13.0.2\bin;C:\Program Files (x86)\Intel\Intel(R) Management Engine Components\iCLS\;C:\Program Files\Intel\Intel(R) Management Engine Components\iCLS\;C:\WINDOWS\system32;C:\WINDOWS;C:\WINDOWS\System32\Wbem;C:\WINDOWS\System32\WindowsPowerShell\v1.0\;C:\WINDOWS\System32\OpenSSH\;C:\Program Files (x86)\Intel\Intel(R) Management Engine Components\DAL;C:\Program Files\Intel\Intel(R) Management Engine Components\DAL;C:\Program Files (x86)\Intel\Intel(R) Management Engine Components\IPT;C:\Program Files\Intel\Intel(R) Management Engine Components\IPT;C:\Program Files\Git\cmd;C:\Program Files\Git LFS;C:\zookeeper-3.6.0\bin;C:\Program Files\Intel\WiFi\bin\;C:\Program Files\Common Files\Intel\WirelessCommon\;C:\Users\carol\AppData\Local\Programs\Python\Python38\Scripts\;C:\Users\carol\AppData\Local\Programs\Python\Python38\;C:\Users\carol\AppData\Local\Microsoft\WindowsApps;C:\Users\carol\AppData\Local\atom\bin;C:\Users\carol\AppData\Local\GitHubDesktop\bin;C:\Program Files\Docker Toolbox;.]
02-Apr-2020 14:12:33.730 INFO [main] org.apache.coyote.AbstractProtocol.init Initializing ProtocolHandler ["http-nio-9999"]
02-Apr-2020 14:12:34.435 INFO [main] org.apache.catalina.startup.Catalina.load Server initialization in [1,418] milliseconds
02-Apr-2020 14:12:34.504 INFO [main] org.apache.catalina.core.StandardService.startInternal Starting service [Catalina]
02-Apr-2020 14:12:34.504 INFO [main] org.apache.catalina.core.StandardEngine.startInternal Starting Servlet engine: [Apache Tomcat/9.0.31]
02-Apr-2020 14:12:34.519 INFO [main] org.apache.catalina.startup.HostConfig.deployDirectory Deploying web application directory [C:\Users\carol\Documents\CMPE-133\tomcat-windows\apache-tomcat-9.0.31\webapps\chatroom]
02-Apr-2020 14:12:35.163 INFO [main] org.apache.catalina.startup.HostConfig.deployDirectory Deployment of web application directory [C:\Users\carol\Documents\CMPE-133\tomcat-windows\apache-tomcat-9.0.31\webapps\chatroom] has finished in [643] ms
02-Apr-2020 14:12:35.175 INFO [main] org.apache.catalina.startup.HostConfig.deployDirectory Deploying web application directory [C:\Users\carol\Documents\CMPE-133\tomcat-windows\apache-tomcat-9.0.31\webapps\docs]
02-Apr-2020 14:12:35.242 INFO [main] org.apache.catalina.startup.HostConfig.deployDirectory Deployment of web application directory [C:\Users\carol\Documents\CMPE-133\tomcat-windows\apache-tomcat-9.0.31\webapps\docs] has finished in [66] ms
02-Apr-2020 14:12:35.245 INFO [main] org.apache.catalina.startup.HostConfig.deployDirectory Deploying web application directory [C:\Users\carol\Documents\CMPE-133\tomcat-windows\apache-tomcat-9.0.31\webapps\examples]
02-Apr-2020 14:12:35.869 INFO [main] org.apache.catalina.startup.HostConfig.deployDirectory Deployment of web application directory [C:\Users\carol\Documents\CMPE-133\tomcat-windows\apache-tomcat-9.0.31\webapps\examples] has finished in [624] ms
02-Apr-2020 14:12:35.870 INFO [main] org.apache.catalina.startup.HostConfig.deployDirectory Deploying web application directory [C:\Users\carol\Documents\CMPE-133\tomcat-windows\apache-tomcat-9.0.31\webapps\host-manager]
02-Apr-2020 14:12:35.942 INFO [main] org.apache.catalina.startup.HostConfig.deployDirectory Deployment of web application directory [C:\Users\carol\Documents\CMPE-133\tomcat-windows\apache-tomcat-9.0.31\webapps\host-manager] has finished in [72] ms
02-Apr-2020 14:12:35.943 INFO [main] org.apache.catalina.startup.HostConfig.deployDirectory Deploying web application directory [C:\Users\carol\Documents\CMPE-133\tomcat-windows\apache-tomcat-9.0.31\webapps\LoginWeb]
02-Apr-2020 14:12:36.025 INFO [main] org.apache.catalina.startup.HostConfig.deployDirectory Deployment of web application directory [C:\Users\carol\Documents\CMPE-133\tomcat-windows\apache-tomcat-9.0.31\webapps\LoginWeb] has finished in [81] ms
02-Apr-2020 14:12:36.026 INFO [main] org.apache.catalina.startup.HostConfig.deployDirectory Deploying web application directory [C:\Users\carol\Documents\CMPE-133\tomcat-windows\apache-tomcat-9.0.31\webapps\manager]
02-Apr-2020 14:12:36.148 INFO [main] org.apache.catalina.startup.HostConfig.deployDirectory Deployment of web application directory [C:\Users\carol\Documents\CMPE-133\tomcat-windows\apache-tomcat-9.0.31\webapps\manager] has finished in [122] ms
02-Apr-2020 14:12:36.160 INFO [main] org.apache.catalina.startup.HostConfig.deployDirectory Deploying web application directory [C:\Users\carol\Documents\CMPE-133\tomcat-windows\apache-tomcat-9.0.31\webapps\ROOT]
02-Apr-2020 14:12:36.248 INFO [main] org.apache.catalina.startup.HostConfig.deployDirectory Deployment of web application directory [C:\Users\carol\Documents\CMPE-133\tomcat-windows\apache-tomcat-9.0.31\webapps\ROOT] has finished in [88] ms
02-Apr-2020 14:12:36.257 INFO [main] org.apache.catalina.startup.HostConfig.deployDirectory Deploying web application directory [C:\Users\carol\Documents\CMPE-133\tomcat-windows\apache-tomcat-9.0.31\webapps\__MACOSX]
02-Apr-2020 14:12:36.324 INFO [main] org.apache.catalina.startup.HostConfig.deployDirectory Deployment of web application directory [C:\Users\carol\Documents\CMPE-133\tomcat-windows\apache-tomcat-9.0.31\webapps\__MACOSX] has finished in [68] ms
02-Apr-2020 14:12:36.332 INFO [main] org.apache.coyote.AbstractProtocol.start Starting ProtocolHandler ["http-nio-9999"]
02-Apr-2020 14:12:36.346 INFO [main] org.apache.catalina.startup.Catalina.start Server startup in [1,886] milliseconds
02-Apr-2020 14:13:56.948 INFO [main] org.apache.catalina.core.StandardServer.await A valid shutdown command was received via the shutdown port. Stopping the Server instance.
02-Apr-2020 14:13:56.951 INFO [main] org.apache.coyote.AbstractProtocol.pause Pausing ProtocolHandler ["http-nio-9999"]
02-Apr-2020 14:13:57.428 INFO [main] org.apache.catalina.core.StandardService.stopInternal Stopping service [Catalina]
02-Apr-2020 14:13:57.558 INFO [main] org.apache.coyote.AbstractProtocol.stop Stopping ProtocolHandler ["http-nio-9999"]
02-Apr-2020 14:13:57.571 INFO [main] org.apache.coyote.AbstractProtocol.destroy Destroying ProtocolHandler ["http-nio-9999"]
02-Apr-2020 14:14:03.544 INFO [main] org.apache.catalina.startup.VersionLoggerListener.log Server version name:   Apache Tomcat/9.0.31
02-Apr-2020 14:14:03.546 INFO [main] org.apache.catalina.startup.VersionLoggerListener.log Server built:          Feb 5 2020 19:32:12 UTC
02-Apr-2020 14:14:03.546 INFO [main] org.apache.catalina.startup.VersionLoggerListener.log Server version number: 9.0.31.0
02-Apr-2020 14:14:03.546 INFO [main] org.apache.catalina.startup.VersionLoggerListener.log OS Name:               Windows 10
02-Apr-2020 14:14:03.546 INFO [main] org.apache.catalina.startup.VersionLoggerListener.log OS Version:            10.0
02-Apr-2020 14:14:03.546 INFO [main] org.apache.catalina.startup.VersionLoggerListener.log Architecture:          amd64
02-Apr-2020 14:14:03.546 INFO [main] org.apache.catalina.startup.VersionLoggerListener.log Java Home:             C:\Java\jre1.8.0_241
02-Apr-2020 14:14:03.546 INFO [main] org.apache.catalina.startup.VersionLoggerListener.log JVM Version:           1.8.0_241-b07
02-Apr-2020 14:14:03.547 INFO [main] org.apache.catalina.startup.VersionLoggerListener.log JVM Vendor:            Oracle Corporation
02-Apr-2020 14:14:03.547 INFO [main] org.apache.catalina.startup.VersionLoggerListener.log CATALINA_BASE:         C:\Users\carol\Documents\CMPE-133\tomcat-windows\apache-tomcat-9.0.31
02-Apr-2020 14:14:03.547 INFO [main] org.apache.catalina.startup.VersionLoggerListener.log CATALINA_HOME:         C:\Users\carol\Documents\CMPE-133\tomcat-windows\apache-tomcat-9.0.31
02-Apr-2020 14:14:03.549 INFO [main] org.apache.catalina.startup.VersionLoggerListener.log Command line argument: -Djava.util.logging.config.file=C:\Users\carol\Documents\CMPE-133\tomcat-windows\apache-tomcat-9.0.31\conf\logging.properties
02-Apr-2020 14:14:03.549 INFO [main] org.apache.catalina.startup.VersionLoggerListener.log Command line argument: -Djava.util.logging.manager=org.apache.juli.ClassLoaderLogManager
02-Apr-2020 14:14:03.549 INFO [main] org.apache.catalina.startup.VersionLoggerListener.log Command line argument: -Djdk.tls.ephemeralDHKeySize=2048
02-Apr-2020 14:14:03.550 INFO [main] org.apache.catalina.startup.VersionLoggerListener.log Command line argument: -Djava.protocol.handler.pkgs=org.apache.catalina.webresources
02-Apr-2020 14:14:03.550 INFO [main] org.apache.catalina.startup.VersionLoggerListener.log Command line argument: -Dignore.endorsed.dirs=
02-Apr-2020 14:14:03.550 INFO [main] org.apache.catalina.startup.VersionLoggerListener.log Command line argument: -Dcatalina.base=C:\Users\carol\Documents\CMPE-133\tomcat-windows\apache-tomcat-9.0.31
02-Apr-2020 14:14:03.551 INFO [main] org.apache.catalina.startup.VersionLoggerListener.log Command line argument: -Dcatalina.home=C:\Users\carol\Documents\CMPE-133\tomcat-windows\apache-tomcat-9.0.31
02-Apr-2020 14:14:03.551 INFO [main] org.apache.catalina.startup.VersionLoggerListener.log Command line argument: -Djava.io.tmpdir=C:\Users\carol\Documents\CMPE-133\tomcat-windows\apache-tomcat-9.0.31\temp
02-Apr-2020 14:14:03.552 INFO [main] org.apache.catalina.core.AprLifecycleListener.lifecycleEvent The APR based Apache Tomcat Native library which allows optimal performance in production environments was not found on the java.library.path: [C:\Java\jre1.8.0_241\bin;C:\WINDOWS\Sun\Java\bin;C:\WINDOWS\system32;C:\WINDOWS;C:\Program Files\Java\jdk-13.0.2\bin;C:\Program Files\Java\jdk-13.0.2\bin;C:\Program Files (x86)\Intel\Intel(R) Management Engine Components\iCLS\;C:\Program Files\Intel\Intel(R) Management Engine Components\iCLS\;C:\WINDOWS\system32;C:\WINDOWS;C:\WINDOWS\System32\Wbem;C:\WINDOWS\System32\WindowsPowerShell\v1.0\;C:\WINDOWS\System32\OpenSSH\;C:\Program Files (x86)\Intel\Intel(R) Management Engine Components\DAL;C:\Program Files\Intel\Intel(R) Management Engine Components\DAL;C:\Program Files (x86)\Intel\Intel(R) Management Engine Components\IPT;C:\Program Files\Intel\Intel(R) Management Engine Components\IPT;C:\Program Files\Git\cmd;C:\Program Files\Git LFS;C:\zookeeper-3.6.0\bin;C:\Program Files\Intel\WiFi\bin\;C:\Program Files\Common Files\Intel\WirelessCommon\;C:\Users\carol\AppData\Local\Programs\Python\Python38\Scripts\;C:\Users\carol\AppData\Local\Programs\Python\Python38\;C:\Users\carol\AppData\Local\Microsoft\WindowsApps;C:\Users\carol\AppData\Local\atom\bin;C:\Users\carol\AppData\Local\GitHubDesktop\bin;C:\Program Files\Docker Toolbox;.]
02-Apr-2020 14:14:04.218 INFO [main] org.apache.coyote.AbstractProtocol.init Initializing ProtocolHandler ["http-nio-9999"]
02-Apr-2020 14:14:04.806 INFO [main] org.apache.catalina.startup.Catalina.load Server initialization in [1,547] milliseconds
02-Apr-2020 14:14:04.951 INFO [main] org.apache.catalina.core.StandardService.startInternal Starting service [Catalina]
02-Apr-2020 14:14:04.953 INFO [main] org.apache.catalina.core.StandardEngine.startInternal Starting Servlet engine: [Apache Tomcat/9.0.31]
02-Apr-2020 14:14:04.971 INFO [main] org.apache.catalina.startup.HostConfig.deployDirectory Deploying web application directory [C:\Users\carol\Documents\CMPE-133\tomcat-windows\apache-tomcat-9.0.31\webapps\chatroom]
02-Apr-2020 14:14:05.535 INFO [main] org.apache.catalina.startup.HostConfig.deployDirectory Deployment of web application directory [C:\Users\carol\Documents\CMPE-133\tomcat-windows\apache-tomcat-9.0.31\webapps\chatroom] has finished in [564] ms
02-Apr-2020 14:14:05.536 INFO [main] org.apache.catalina.startup.HostConfig.deployDirectory Deploying web application directory [C:\Users\carol\Documents\CMPE-133\tomcat-windows\apache-tomcat-9.0.31\webapps\docs]
02-Apr-2020 14:14:05.580 INFO [main] org.apache.catalina.startup.HostConfig.deployDirectory Deployment of web application directory [C:\Users\carol\Documents\CMPE-133\tomcat-windows\apache-tomcat-9.0.31\webapps\docs] has finished in [44] ms
02-Apr-2020 14:14:05.582 INFO [main] org.apache.catalina.startup.HostConfig.deployDirectory Deploying web application directory [C:\Users\carol\Documents\CMPE-133\tomcat-windows\apache-tomcat-9.0.31\webapps\examples]
02-Apr-2020 14:14:06.427 INFO [main] org.apache.catalina.startup.HostConfig.deployDirectory Deployment of web application directory [C:\Users\carol\Documents\CMPE-133\tomcat-windows\apache-tomcat-9.0.31\webapps\examples] has finished in [845] ms
02-Apr-2020 14:14:06.444 INFO [main] org.apache.catalina.startup.HostConfig.deployDirectory Deploying web application directory [C:\Users\carol\Documents\CMPE-133\tomcat-windows\apache-tomcat-9.0.31\webapps\host-manager]
02-Apr-2020 14:14:06.591 INFO [main] org.apache.catalina.startup.HostConfig.deployDirectory Deployment of web application directory [C:\Users\carol\Documents\CMPE-133\tomcat-windows\apache-tomcat-9.0.31\webapps\host-manager] has finished in [148] ms
02-Apr-2020 14:14:06.608 INFO [main] org.apache.catalina.startup.HostConfig.deployDirectory Deploying web application directory [C:\Users\carol\Documents\CMPE-133\tomcat-windows\apache-tomcat-9.0.31\webapps\LoginWeb]
02-Apr-2020 14:14:06.727 INFO [main] org.apache.catalina.startup.HostConfig.deployDirectory Deployment of web application directory [C:\Users\carol\Documents\CMPE-133\tomcat-windows\apache-tomcat-9.0.31\webapps\LoginWeb] has finished in [118] ms
02-Apr-2020 14:14:06.733 INFO [main] org.apache.catalina.startup.HostConfig.deployDirectory Deploying web application directory [C:\Users\carol\Documents\CMPE-133\tomcat-windows\apache-tomcat-9.0.31\webapps\manager]
02-Apr-2020 14:14:06.841 INFO [main] org.apache.catalina.startup.HostConfig.deployDirectory Deployment of web application directory [C:\Users\carol\Documents\CMPE-133\tomcat-windows\apache-tomcat-9.0.31\webapps\manager] has finished in [108] ms
02-Apr-2020 14:14:06.846 INFO [main] org.apache.catalina.startup.HostConfig.deployDirectory Deploying web application directory [C:\Users\carol\Documents\CMPE-133\tomcat-windows\apache-tomcat-9.0.31\webapps\ROOT]
02-Apr-2020 14:14:06.934 INFO [main] org.apache.catalina.startup.HostConfig.deployDirectory Deployment of web application directory [C:\Users\carol\Documents\CMPE-133\tomcat-windows\apache-tomcat-9.0.31\webapps\ROOT] has finished in [82] ms
02-Apr-2020 14:14:06.942 INFO [main] org.apache.catalina.startup.HostConfig.deployDirectory Deploying web application directory [C:\Users\carol\Documents\CMPE-133\tomcat-windows\apache-tomcat-9.0.31\webapps\__MACOSX]
02-Apr-2020 14:14:07.006 INFO [main] org.apache.catalina.startup.HostConfig.deployDirectory Deployment of web application directory [C:\Users\carol\Documents\CMPE-133\tomcat-windows\apache-tomcat-9.0.31\webapps\__MACOSX] has finished in [64] ms
02-Apr-2020 14:14:07.035 INFO [main] org.apache.coyote.AbstractProtocol.start Starting ProtocolHandler ["http-nio-9999"]
02-Apr-2020 14:14:07.052 INFO [main] org.apache.catalina.startup.Catalina.start Server startup in [2,246] milliseconds
02-Apr-2020 14:15:49.727 INFO [main] org.apache.catalina.core.StandardServer.await A valid shutdown command was received via the shutdown port. Stopping the Server instance.
02-Apr-2020 14:15:49.728 INFO [main] org.apache.coyote.AbstractProtocol.pause Pausing ProtocolHandler ["http-nio-9999"]
02-Apr-2020 14:15:50.259 INFO [main] org.apache.catalina.core.StandardService.stopInternal Stopping service [Catalina]
02-Apr-2020 14:15:50.365 INFO [main] org.apache.coyote.AbstractProtocol.stop Stopping ProtocolHandler ["http-nio-9999"]
02-Apr-2020 14:15:50.410 INFO [main] org.apache.coyote.AbstractProtocol.destroy Destroying ProtocolHandler ["http-nio-9999"]
02-Apr-2020 14:16:02.383 INFO [main] org.apache.catalina.startup.VersionLoggerListener.log Server version name:   Apache Tomcat/9.0.31
02-Apr-2020 14:16:02.385 INFO [main] org.apache.catalina.startup.VersionLoggerListener.log Server built:          Feb 5 2020 19:32:12 UTC
02-Apr-2020 14:16:02.386 INFO [main] org.apache.catalina.startup.VersionLoggerListener.log Server version number: 9.0.31.0
02-Apr-2020 14:16:02.386 INFO [main] org.apache.catalina.startup.VersionLoggerListener.log OS Name:               Windows 10
02-Apr-2020 14:16:02.387 INFO [main] org.apache.catalina.startup.VersionLoggerListener.log OS Version:            10.0
02-Apr-2020 14:16:02.387 INFO [main] org.apache.catalina.startup.VersionLoggerListener.log Architecture:          amd64
02-Apr-2020 14:16:02.387 INFO [main] org.apache.catalina.startup.VersionLoggerListener.log Java Home:             C:\Java\jre1.8.0_241
02-Apr-2020 14:16:02.387 INFO [main] org.apache.catalina.startup.VersionLoggerListener.log JVM Version:           1.8.0_241-b07
02-Apr-2020 14:16:02.388 INFO [main] org.apache.catalina.startup.VersionLoggerListener.log JVM Vendor:            Oracle Corporation
02-Apr-2020 14:16:02.388 INFO [main] org.apache.catalina.startup.VersionLoggerListener.log CATALINA_BASE:         C:\Users\carol\Documents\CMPE-133\tomcat-windows\apache-tomcat-9.0.31
02-Apr-2020 14:16:02.388 INFO [main] org.apache.catalina.startup.VersionLoggerListener.log CATALINA_HOME:         C:\Users\carol\Documents\CMPE-133\tomcat-windows\apache-tomcat-9.0.31
02-Apr-2020 14:16:02.389 INFO [main] org.apache.catalina.startup.VersionLoggerListener.log Command line argument: -Djava.util.logging.config.file=C:\Users\carol\Documents\CMPE-133\tomcat-windows\apache-tomcat-9.0.31\conf\logging.properties
02-Apr-2020 14:16:02.389 INFO [main] org.apache.catalina.startup.VersionLoggerListener.log Command line argument: -Djava.util.logging.manager=org.apache.juli.ClassLoaderLogManager
02-Apr-2020 14:16:02.389 INFO [main] org.apache.catalina.startup.VersionLoggerListener.log Command line argument: -Djdk.tls.ephemeralDHKeySize=2048
02-Apr-2020 14:16:02.389 INFO [main] org.apache.catalina.startup.VersionLoggerListener.log Command line argument: -Djava.protocol.handler.pkgs=org.apache.catalina.webresources
02-Apr-2020 14:16:02.389 INFO [main] org.apache.catalina.startup.VersionLoggerListener.log Command line argument: -Dignore.endorsed.dirs=
02-Apr-2020 14:16:02.390 INFO [main] org.apache.catalina.startup.VersionLoggerListener.log Command line argument: -Dcatalina.base=C:\Users\carol\Documents\CMPE-133\tomcat-windows\apache-tomcat-9.0.31
02-Apr-2020 14:16:02.394 INFO [main] org.apache.catalina.startup.VersionLoggerListener.log Command line argument: -Dcatalina.home=C:\Users\carol\Documents\CMPE-133\tomcat-windows\apache-tomcat-9.0.31
02-Apr-2020 14:16:02.396 INFO [main] org.apache.catalina.startup.VersionLoggerListener.log Command line argument: -Djava.io.tmpdir=C:\Users\carol\Documents\CMPE-133\tomcat-windows\apache-tomcat-9.0.31\temp
02-Apr-2020 14:16:02.400 INFO [main] org.apache.catalina.core.AprLifecycleListener.lifecycleEvent The APR based Apache Tomcat Native library which allows optimal performance in production environments was not found on the java.library.path: [C:\Java\jre1.8.0_241\bin;C:\WINDOWS\Sun\Java\bin;C:\WINDOWS\system32;C:\WINDOWS;C:\Program Files\Java\jdk-13.0.2\bin;C:\Program Files\Java\jdk-13.0.2\bin;C:\Program Files (x86)\Intel\Intel(R) Management Engine Components\iCLS\;C:\Program Files\Intel\Intel(R) Management Engine Components\iCLS\;C:\WINDOWS\system32;C:\WINDOWS;C:\WINDOWS\System32\Wbem;C:\WINDOWS\System32\WindowsPowerShell\v1.0\;C:\WINDOWS\System32\OpenSSH\;C:\Program Files (x86)\Intel\Intel(R) Management Engine Components\DAL;C:\Program Files\Intel\Intel(R) Management Engine Components\DAL;C:\Program Files (x86)\Intel\Intel(R) Management Engine Components\IPT;C:\Program Files\Intel\Intel(R) Management Engine Components\IPT;C:\Program Files\Git\cmd;C:\Program Files\Git LFS;C:\zookeeper-3.6.0\bin;C:\Program Files\Intel\WiFi\bin\;C:\Program Files\Common Files\Intel\WirelessCommon\;C:\Users\carol\AppData\Local\Programs\Python\Python38\Scripts\;C:\Users\carol\AppData\Local\Programs\Python\Python38\;C:\Users\carol\AppData\Local\Microsoft\WindowsApps;C:\Users\carol\AppData\Local\atom\bin;C:\Users\carol\AppData\Local\GitHubDesktop\bin;C:\Program Files\Docker Toolbox;.]
02-Apr-2020 14:16:03.011 INFO [main] org.apache.coyote.AbstractProtocol.init Initializing ProtocolHandler ["http-nio-9999"]
02-Apr-2020 14:16:03.591 INFO [main] org.apache.catalina.startup.Catalina.load Server initialization in [1,481] milliseconds
02-Apr-2020 14:16:03.645 INFO [main] org.apache.catalina.core.StandardService.startInternal Starting service [Catalina]
02-Apr-2020 14:16:03.645 INFO [main] org.apache.catalina.core.StandardEngine.startInternal Starting Servlet engine: [Apache Tomcat/9.0.31]
02-Apr-2020 14:16:03.666 INFO [main] org.apache.catalina.startup.HostConfig.deployDirectory Deploying web application directory [C:\Users\carol\Documents\CMPE-133\tomcat-windows\apache-tomcat-9.0.31\webapps\chatroom]
02-Apr-2020 14:16:04.149 INFO [main] org.apache.catalina.startup.HostConfig.deployDirectory Deployment of web application directory [C:\Users\carol\Documents\CMPE-133\tomcat-windows\apache-tomcat-9.0.31\webapps\chatroom] has finished in [483] ms
02-Apr-2020 14:16:04.151 INFO [main] org.apache.catalina.startup.HostConfig.deployDirectory Deploying web application directory [C:\Users\carol\Documents\CMPE-133\tomcat-windows\apache-tomcat-9.0.31\webapps\docs]
02-Apr-2020 14:16:04.201 INFO [main] org.apache.catalina.startup.HostConfig.deployDirectory Deployment of web application directory [C:\Users\carol\Documents\CMPE-133\tomcat-windows\apache-tomcat-9.0.31\webapps\docs] has finished in [50] ms
02-Apr-2020 14:16:04.202 INFO [main] org.apache.catalina.startup.HostConfig.deployDirectory Deploying web application directory [C:\Users\carol\Documents\CMPE-133\tomcat-windows\apache-tomcat-9.0.31\webapps\examples]
02-Apr-2020 14:16:04.889 INFO [main] org.apache.catalina.startup.HostConfig.deployDirectory Deployment of web application directory [C:\Users\carol\Documents\CMPE-133\tomcat-windows\apache-tomcat-9.0.31\webapps\examples] has finished in [687] ms
02-Apr-2020 14:16:04.890 INFO [main] org.apache.catalina.startup.HostConfig.deployDirectory Deploying web application directory [C:\Users\carol\Documents\CMPE-133\tomcat-windows\apache-tomcat-9.0.31\webapps\host-manager]
02-Apr-2020 14:16:04.945 INFO [main] org.apache.catalina.startup.HostConfig.deployDirectory Deployment of web application directory [C:\Users\carol\Documents\CMPE-133\tomcat-windows\apache-tomcat-9.0.31\webapps\host-manager] has finished in [55] ms
02-Apr-2020 14:16:04.946 INFO [main] org.apache.catalina.startup.HostConfig.deployDirectory Deploying web application directory [C:\Users\carol\Documents\CMPE-133\tomcat-windows\apache-tomcat-9.0.31\webapps\LoginWeb]
02-Apr-2020 14:16:05.013 INFO [main] org.apache.catalina.startup.HostConfig.deployDirectory Deployment of web application directory [C:\Users\carol\Documents\CMPE-133\tomcat-windows\apache-tomcat-9.0.31\webapps\LoginWeb] has finished in [67] ms
02-Apr-2020 14:16:05.014 INFO [main] org.apache.catalina.startup.HostConfig.deployDirectory Deploying web application directory [C:\Users\carol\Documents\CMPE-133\tomcat-windows\apache-tomcat-9.0.31\webapps\manager]
02-Apr-2020 14:16:05.074 INFO [main] org.apache.catalina.startup.HostConfig.deployDirectory Deployment of web application directory [C:\Users\carol\Documents\CMPE-133\tomcat-windows\apache-tomcat-9.0.31\webapps\manager] has finished in [51] ms
02-Apr-2020 14:16:05.094 INFO [main] org.apache.catalina.startup.HostConfig.deployDirectory Deploying web application directory [C:\Users\carol\Documents\CMPE-133\tomcat-windows\apache-tomcat-9.0.31\webapps\ROOT]
02-Apr-2020 14:16:05.157 INFO [main] org.apache.catalina.startup.HostConfig.deployDirectory Deployment of web application directory [C:\Users\carol\Documents\CMPE-133\tomcat-windows\apache-tomcat-9.0.31\webapps\ROOT] has finished in [63] ms
02-Apr-2020 14:16:05.165 INFO [main] org.apache.catalina.startup.HostConfig.deployDirectory Deploying web application directory [C:\Users\carol\Documents\CMPE-133\tomcat-windows\apache-tomcat-9.0.31\webapps\__MACOSX]
02-Apr-2020 14:16:05.243 INFO [main] org.apache.catalina.startup.HostConfig.deployDirectory Deployment of web application directory [C:\Users\carol\Documents\CMPE-133\tomcat-windows\apache-tomcat-9.0.31\webapps\__MACOSX] has finished in [77] ms
02-Apr-2020 14:16:05.249 INFO [main] org.apache.coyote.AbstractProtocol.start Starting ProtocolHandler ["http-nio-9999"]
02-Apr-2020 14:16:05.262 INFO [main] org.apache.catalina.startup.Catalina.start Server startup in [1,669] milliseconds
02-Apr-2020 14:17:13.166 INFO [main] org.apache.catalina.core.StandardServer.await A valid shutdown command was received via the shutdown port. Stopping the Server instance.
02-Apr-2020 14:17:13.167 INFO [main] org.apache.coyote.AbstractProtocol.pause Pausing ProtocolHandler ["http-nio-9999"]
02-Apr-2020 14:17:13.649 INFO [main] org.apache.catalina.core.StandardService.stopInternal Stopping service [Catalina]
02-Apr-2020 14:17:13.698 INFO [main] org.apache.coyote.AbstractProtocol.stop Stopping ProtocolHandler ["http-nio-9999"]
02-Apr-2020 14:17:13.710 INFO [main] org.apache.coyote.AbstractProtocol.destroy Destroying ProtocolHandler ["http-nio-9999"]
02-Apr-2020 14:18:54.152 INFO [main] org.apache.catalina.startup.VersionLoggerListener.log Server version name:   Apache Tomcat/9.0.31
02-Apr-2020 14:18:54.154 INFO [main] org.apache.catalina.startup.VersionLoggerListener.log Server built:          Feb 5 2020 19:32:12 UTC
02-Apr-2020 14:18:54.155 INFO [main] org.apache.catalina.startup.VersionLoggerListener.log Server version number: 9.0.31.0
02-Apr-2020 14:18:54.155 INFO [main] org.apache.catalina.startup.VersionLoggerListener.log OS Name:               Windows 10
02-Apr-2020 14:18:54.155 INFO [main] org.apache.catalina.startup.VersionLoggerListener.log OS Version:            10.0
02-Apr-2020 14:18:54.155 INFO [main] org.apache.catalina.startup.VersionLoggerListener.log Architecture:          amd64
02-Apr-2020 14:18:54.155 INFO [main] org.apache.catalina.startup.VersionLoggerListener.log Java Home:             C:\Java\jre1.8.0_241
02-Apr-2020 14:18:54.155 INFO [main] org.apache.catalina.startup.VersionLoggerListener.log JVM Version:           1.8.0_241-b07
02-Apr-2020 14:18:54.156 INFO [main] org.apache.catalina.startup.VersionLoggerListener.log JVM Vendor:            Oracle Corporation
02-Apr-2020 14:18:54.156 INFO [main] org.apache.catalina.startup.VersionLoggerListener.log CATALINA_BASE:         C:\Users\carol\Documents\CMPE-133\tomcat-windows\apache-tomcat-9.0.31
02-Apr-2020 14:18:54.156 INFO [main] org.apache.catalina.startup.VersionLoggerListener.log CATALINA_HOME:         C:\Users\carol\Documents\CMPE-133\tomcat-windows\apache-tomcat-9.0.31
02-Apr-2020 14:18:54.157 INFO [main] org.apache.catalina.startup.VersionLoggerListener.log Command line argument: -Djava.util.logging.config.file=C:\Users\carol\Documents\CMPE-133\tomcat-windows\apache-tomcat-9.0.31\conf\logging.properties
02-Apr-2020 14:18:54.157 INFO [main] org.apache.catalina.startup.VersionLoggerListener.log Command line argument: -Djava.util.logging.manager=org.apache.juli.ClassLoaderLogManager
02-Apr-2020 14:18:54.157 INFO [main] org.apache.catalina.startup.VersionLoggerListener.log Command line argument: -Djdk.tls.ephemeralDHKeySize=2048
02-Apr-2020 14:18:54.157 INFO [main] org.apache.catalina.startup.VersionLoggerListener.log Command line argument: -Djava.protocol.handler.pkgs=org.apache.catalina.webresources
02-Apr-2020 14:18:54.157 INFO [main] org.apache.catalina.startup.VersionLoggerListener.log Command line argument: -Dignore.endorsed.dirs=
02-Apr-2020 14:18:54.158 INFO [main] org.apache.catalina.startup.VersionLoggerListener.log Command line argument: -Dcatalina.base=C:\Users\carol\Documents\CMPE-133\tomcat-windows\apache-tomcat-9.0.31
02-Apr-2020 14:18:54.159 INFO [main] org.apache.catalina.startup.VersionLoggerListener.log Command line argument: -Dcatalina.home=C:\Users\carol\Documents\CMPE-133\tomcat-windows\apache-tomcat-9.0.31
02-Apr-2020 14:18:54.160 INFO [main] org.apache.catalina.startup.VersionLoggerListener.log Command line argument: -Djava.io.tmpdir=C:\Users\carol\Documents\CMPE-133\tomcat-windows\apache-tomcat-9.0.31\temp
02-Apr-2020 14:18:54.161 INFO [main] org.apache.catalina.core.AprLifecycleListener.lifecycleEvent The APR based Apache Tomcat Native library which allows optimal performance in production environments was not found on the java.library.path: [C:\Java\jre1.8.0_241\bin;C:\WINDOWS\Sun\Java\bin;C:\WINDOWS\system32;C:\WINDOWS;C:\Program Files\Java\jdk-13.0.2\bin;C:\Program Files\Java\jdk-13.0.2\bin;C:\Program Files (x86)\Intel\Intel(R) Management Engine Components\iCLS\;C:\Program Files\Intel\Intel(R) Management Engine Components\iCLS\;C:\WINDOWS\system32;C:\WINDOWS;C:\WINDOWS\System32\Wbem;C:\WINDOWS\System32\WindowsPowerShell\v1.0\;C:\WINDOWS\System32\OpenSSH\;C:\Program Files (x86)\Intel\Intel(R) Management Engine Components\DAL;C:\Program Files\Intel\Intel(R) Management Engine Components\DAL;C:\Program Files (x86)\Intel\Intel(R) Management Engine Components\IPT;C:\Program Files\Intel\Intel(R) Management Engine Components\IPT;C:\Program Files\Git\cmd;C:\Program Files\Git LFS;C:\zookeeper-3.6.0\bin;C:\Program Files\Intel\WiFi\bin\;C:\Program Files\Common Files\Intel\WirelessCommon\;C:\Users\carol\AppData\Local\Programs\Python\Python38\Scripts\;C:\Users\carol\AppData\Local\Programs\Python\Python38\;C:\Users\carol\AppData\Local\Microsoft\WindowsApps;C:\Users\carol\AppData\Local\atom\bin;C:\Users\carol\AppData\Local\GitHubDesktop\bin;C:\Program Files\Docker Toolbox;.]
02-Apr-2020 14:18:54.649 INFO [main] org.apache.coyote.AbstractProtocol.init Initializing ProtocolHandler ["http-nio-9999"]
02-Apr-2020 14:18:55.170 INFO [main] org.apache.catalina.startup.Catalina.load Server initialization in [1,296] milliseconds
02-Apr-2020 14:18:55.221 INFO [main] org.apache.catalina.core.StandardService.startInternal Starting service [Catalina]
02-Apr-2020 14:18:55.221 INFO [main] org.apache.catalina.core.StandardEngine.startInternal Starting Servlet engine: [Apache Tomcat/9.0.31]
02-Apr-2020 14:18:55.242 INFO [main] org.apache.catalina.startup.HostConfig.deployDirectory Deploying web application directory [C:\Users\carol\Documents\CMPE-133\tomcat-windows\apache-tomcat-9.0.31\webapps\chatroom]
02-Apr-2020 14:18:55.901 INFO [main] org.apache.catalina.startup.HostConfig.deployDirectory Deployment of web application directory [C:\Users\carol\Documents\CMPE-133\tomcat-windows\apache-tomcat-9.0.31\webapps\chatroom] has finished in [658] ms
02-Apr-2020 14:18:55.902 INFO [main] org.apache.catalina.startup.HostConfig.deployDirectory Deploying web application directory [C:\Users\carol\Documents\CMPE-133\tomcat-windows\apache-tomcat-9.0.31\webapps\docs]
02-Apr-2020 14:18:55.953 INFO [main] org.apache.catalina.startup.HostConfig.deployDirectory Deployment of web application directory [C:\Users\carol\Documents\CMPE-133\tomcat-windows\apache-tomcat-9.0.31\webapps\docs] has finished in [50] ms
02-Apr-2020 14:18:55.953 INFO [main] org.apache.catalina.startup.HostConfig.deployDirectory Deploying web application directory [C:\Users\carol\Documents\CMPE-133\tomcat-windows\apache-tomcat-9.0.31\webapps\examples]
02-Apr-2020 14:18:56.562 INFO [main] org.apache.catalina.startup.HostConfig.deployDirectory Deployment of web application directory [C:\Users\carol\Documents\CMPE-133\tomcat-windows\apache-tomcat-9.0.31\webapps\examples] has finished in [609] ms
02-Apr-2020 14:18:56.563 INFO [main] org.apache.catalina.startup.HostConfig.deployDirectory Deploying web application directory [C:\Users\carol\Documents\CMPE-133\tomcat-windows\apache-tomcat-9.0.31\webapps\host-manager]
02-Apr-2020 14:18:56.594 INFO [main] org.apache.catalina.startup.HostConfig.deployDirectory Deployment of web application directory [C:\Users\carol\Documents\CMPE-133\tomcat-windows\apache-tomcat-9.0.31\webapps\host-manager] has finished in [31] ms
02-Apr-2020 14:18:56.595 INFO [main] org.apache.catalina.startup.HostConfig.deployDirectory Deploying web application directory [C:\Users\carol\Documents\CMPE-133\tomcat-windows\apache-tomcat-9.0.31\webapps\LoginWeb]
02-Apr-2020 14:18:56.636 INFO [main] org.apache.catalina.startup.HostConfig.deployDirectory Deployment of web application directory [C:\Users\carol\Documents\CMPE-133\tomcat-windows\apache-tomcat-9.0.31\webapps\LoginWeb] has finished in [41] ms
02-Apr-2020 14:18:56.636 INFO [main] org.apache.catalina.startup.HostConfig.deployDirectory Deploying web application directory [C:\Users\carol\Documents\CMPE-133\tomcat-windows\apache-tomcat-9.0.31\webapps\manager]
02-Apr-2020 14:18:56.695 INFO [main] org.apache.catalina.startup.HostConfig.deployDirectory Deployment of web application directory [C:\Users\carol\Documents\CMPE-133\tomcat-windows\apache-tomcat-9.0.31\webapps\manager] has finished in [59] ms
02-Apr-2020 14:18:56.705 INFO [main] org.apache.catalina.startup.HostConfig.deployDirectory Deploying web application directory [C:\Users\carol\Documents\CMPE-133\tomcat-windows\apache-tomcat-9.0.31\webapps\ROOT]
02-Apr-2020 14:18:56.815 INFO [main] org.apache.catalina.startup.HostConfig.deployDirectory Deployment of web application directory [C:\Users\carol\Documents\CMPE-133\tomcat-windows\apache-tomcat-9.0.31\webapps\ROOT] has finished in [109] ms
02-Apr-2020 14:18:56.892 INFO [main] org.apache.catalina.startup.HostConfig.deployDirectory Deploying web application directory [C:\Users\carol\Documents\CMPE-133\tomcat-windows\apache-tomcat-9.0.31\webapps\__MACOSX]
02-Apr-2020 14:18:56.972 INFO [main] org.apache.catalina.startup.HostConfig.deployDirectory Deployment of web application directory [C:\Users\carol\Documents\CMPE-133\tomcat-windows\apache-tomcat-9.0.31\webapps\__MACOSX] has finished in [80] ms
02-Apr-2020 14:18:56.982 INFO [main] org.apache.coyote.AbstractProtocol.start Starting ProtocolHandler ["http-nio-9999"]
02-Apr-2020 14:18:56.998 INFO [main] org.apache.catalina.startup.Catalina.start Server startup in [1,827] milliseconds
02-Apr-2020 14:59:40.727 INFO [main] org.apache.catalina.core.StandardServer.await A valid shutdown command was received via the shutdown port. Stopping the Server instance.
02-Apr-2020 14:59:40.729 INFO [main] org.apache.coyote.AbstractProtocol.pause Pausing ProtocolHandler ["http-nio-9999"]
02-Apr-2020 14:59:41.242 INFO [main] org.apache.catalina.core.StandardService.stopInternal Stopping service [Catalina]
02-Apr-2020 14:59:41.294 INFO [main] org.apache.coyote.AbstractProtocol.stop Stopping ProtocolHandler ["http-nio-9999"]
02-Apr-2020 14:59:41.299 INFO [main] org.apache.coyote.AbstractProtocol.destroy Destroying ProtocolHandler ["http-nio-9999"]
02-Apr-2020 15:23:24.349 INFO [main] org.apache.catalina.startup.VersionLoggerListener.log Server version name:   Apache Tomcat/9.0.31
02-Apr-2020 15:23:24.775 INFO [main] org.apache.catalina.startup.VersionLoggerListener.log Server built:          Feb 5 2020 19:32:12 UTC
02-Apr-2020 15:23:24.776 INFO [main] org.apache.catalina.startup.VersionLoggerListener.log Server version number: 9.0.31.0
02-Apr-2020 15:23:24.776 INFO [main] org.apache.catalina.startup.VersionLoggerListener.log OS Name:               Windows 10
02-Apr-2020 15:23:24.777 INFO [main] org.apache.catalina.startup.VersionLoggerListener.log OS Version:            10.0
02-Apr-2020 15:23:24.777 INFO [main] org.apache.catalina.startup.VersionLoggerListener.log Architecture:          amd64
02-Apr-2020 15:23:24.777 INFO [main] org.apache.catalina.startup.VersionLoggerListener.log Java Home:             C:\Java\jre1.8.0_241
02-Apr-2020 15:23:24.778 INFO [main] org.apache.catalina.startup.VersionLoggerListener.log JVM Version:           1.8.0_241-b07
02-Apr-2020 15:23:24.778 INFO [main] org.apache.catalina.startup.VersionLoggerListener.log JVM Vendor:            Oracle Corporation
02-Apr-2020 15:23:24.779 INFO [main] org.apache.catalina.startup.VersionLoggerListener.log CATALINA_BASE:         C:\Users\carol\Documents\CMPE-133\tomcat-windows\apache-tomcat-9.0.31
02-Apr-2020 15:23:24.779 INFO [main] org.apache.catalina.startup.VersionLoggerListener.log CATALINA_HOME:         C:\Users\carol\Documents\CMPE-133\tomcat-windows\apache-tomcat-9.0.31
02-Apr-2020 15:23:24.780 INFO [main] org.apache.catalina.startup.VersionLoggerListener.log Command line argument: -Djava.util.logging.config.file=C:\Users\carol\Documents\CMPE-133\tomcat-windows\apache-tomcat-9.0.31\conf\logging.properties
02-Apr-2020 15:23:24.780 INFO [main] org.apache.catalina.startup.VersionLoggerListener.log Command line argument: -Djava.util.logging.manager=org.apache.juli.ClassLoaderLogManager
02-Apr-2020 15:23:24.780 INFO [main] org.apache.catalina.startup.VersionLoggerListener.log Command line argument: -Djdk.tls.ephemeralDHKeySize=2048
02-Apr-2020 15:23:24.780 INFO [main] org.apache.catalina.startup.VersionLoggerListener.log Command line argument: -Djava.protocol.handler.pkgs=org.apache.catalina.webresources
02-Apr-2020 15:23:24.782 INFO [main] org.apache.catalina.startup.VersionLoggerListener.log Command line argument: -Dignore.endorsed.dirs=
02-Apr-2020 15:23:24.788 INFO [main] org.apache.catalina.startup.VersionLoggerListener.log Command line argument: -Dcatalina.base=C:\Users\carol\Documents\CMPE-133\tomcat-windows\apache-tomcat-9.0.31
02-Apr-2020 15:23:24.790 INFO [main] org.apache.catalina.startup.VersionLoggerListener.log Command line argument: -Dcatalina.home=C:\Users\carol\Documents\CMPE-133\tomcat-windows\apache-tomcat-9.0.31
02-Apr-2020 15:23:24.793 INFO [main] org.apache.catalina.startup.VersionLoggerListener.log Command line argument: -Djava.io.tmpdir=C:\Users\carol\Documents\CMPE-133\tomcat-windows\apache-tomcat-9.0.31\temp
02-Apr-2020 15:23:24.794 INFO [main] org.apache.catalina.core.AprLifecycleListener.lifecycleEvent The APR based Apache Tomcat Native library which allows optimal performance in production environments was not found on the java.library.path: [C:\Java\jre1.8.0_241\bin;C:\WINDOWS\Sun\Java\bin;C:\WINDOWS\system32;C:\WINDOWS;C:\Program Files\Java\jdk-13.0.2\bin;C:\Program Files\Java\jdk-13.0.2\bin;C:\Program Files (x86)\Intel\Intel(R) Management Engine Components\iCLS\;C:\Program Files\Intel\Intel(R) Management Engine Components\iCLS\;C:\WINDOWS\system32;C:\WINDOWS;C:\WINDOWS\System32\Wbem;C:\WINDOWS\System32\WindowsPowerShell\v1.0\;C:\WINDOWS\System32\OpenSSH\;C:\Program Files (x86)\Intel\Intel(R) Management Engine Components\DAL;C:\Program Files\Intel\Intel(R) Management Engine Components\DAL;C:\Program Files (x86)\Intel\Intel(R) Management Engine Components\IPT;C:\Program Files\Intel\Intel(R) Management Engine Components\IPT;C:\Program Files\Git\cmd;C:\Program Files\Git LFS;C:\zookeeper-3.6.0\bin;C:\Program Files\Intel\WiFi\bin\;C:\Program Files\Common Files\Intel\WirelessCommon\;C:\Users\carol\AppData\Local\Programs\Python\Python38\Scripts\;C:\Users\carol\AppData\Local\Programs\Python\Python38\;C:\Users\carol\AppData\Local\Microsoft\WindowsApps;C:\Users\carol\AppData\Local\atom\bin;C:\Users\carol\AppData\Local\GitHubDesktop\bin;C:\Program Files\Docker Toolbox;.]
02-Apr-2020 15:23:26.516 INFO [main] org.apache.coyote.AbstractProtocol.init Initializing ProtocolHandler ["http-nio-9999"]
02-Apr-2020 15:23:26.946 INFO [main] org.apache.catalina.startup.Catalina.load Server initialization in [2,999] milliseconds
02-Apr-2020 15:23:26.984 INFO [main] org.apache.catalina.core.StandardService.startInternal Starting service [Catalina]
02-Apr-2020 15:23:26.985 INFO [main] org.apache.catalina.core.StandardEngine.startInternal Starting Servlet engine: [Apache Tomcat/9.0.31]
02-Apr-2020 15:23:26.995 INFO [main] org.apache.catalina.startup.HostConfig.deployDirectory Deploying web application directory [C:\Users\carol\Documents\CMPE-133\tomcat-windows\apache-tomcat-9.0.31\webapps\chatroom]
02-Apr-2020 15:23:27.606 INFO [main] org.apache.catalina.startup.HostConfig.deployDirectory Deployment of web application directory [C:\Users\carol\Documents\CMPE-133\tomcat-windows\apache-tomcat-9.0.31\webapps\chatroom] has finished in [610] ms
02-Apr-2020 15:23:27.611 INFO [main] org.apache.catalina.startup.HostConfig.deployDirectory Deploying web application directory [C:\Users\carol\Documents\CMPE-133\tomcat-windows\apache-tomcat-9.0.31\webapps\docs]
02-Apr-2020 15:23:27.704 INFO [main] org.apache.catalina.startup.HostConfig.deployDirectory Deployment of web application directory [C:\Users\carol\Documents\CMPE-133\tomcat-windows\apache-tomcat-9.0.31\webapps\docs] has finished in [94] ms
02-Apr-2020 15:23:27.704 INFO [main] org.apache.catalina.startup.HostConfig.deployDirectory Deploying web application directory [C:\Users\carol\Documents\CMPE-133\tomcat-windows\apache-tomcat-9.0.31\webapps\examples]
02-Apr-2020 15:23:29.498 INFO [main] org.apache.catalina.startup.HostConfig.deployDirectory Deployment of web application directory [C:\Users\carol\Documents\CMPE-133\tomcat-windows\apache-tomcat-9.0.31\webapps\examples] has finished in [1,793] ms
02-Apr-2020 15:23:29.498 INFO [main] org.apache.catalina.startup.HostConfig.deployDirectory Deploying web application directory [C:\Users\carol\Documents\CMPE-133\tomcat-windows\apache-tomcat-9.0.31\webapps\host-manager]
02-Apr-2020 15:23:29.544 INFO [main] org.apache.catalina.startup.HostConfig.deployDirectory Deployment of web application directory [C:\Users\carol\Documents\CMPE-133\tomcat-windows\apache-tomcat-9.0.31\webapps\host-manager] has finished in [46] ms
02-Apr-2020 15:23:29.545 INFO [main] org.apache.catalina.startup.HostConfig.deployDirectory Deploying web application directory [C:\Users\carol\Documents\CMPE-133\tomcat-windows\apache-tomcat-9.0.31\webapps\LoginWeb]
02-Apr-2020 15:23:29.596 INFO [main] org.apache.catalina.startup.HostConfig.deployDirectory Deployment of web application directory [C:\Users\carol\Documents\CMPE-133\tomcat-windows\apache-tomcat-9.0.31\webapps\LoginWeb] has finished in [51] ms
02-Apr-2020 15:23:29.597 INFO [main] org.apache.catalina.startup.HostConfig.deployDirectory Deploying web application directory [C:\Users\carol\Documents\CMPE-133\tomcat-windows\apache-tomcat-9.0.31\webapps\manager]
02-Apr-2020 15:23:29.700 INFO [main] org.apache.catalina.startup.HostConfig.deployDirectory Deployment of web application directory [C:\Users\carol\Documents\CMPE-133\tomcat-windows\apache-tomcat-9.0.31\webapps\manager] has finished in [103] ms
02-Apr-2020 15:23:29.710 INFO [main] org.apache.catalina.startup.HostConfig.deployDirectory Deploying web application directory [C:\Users\carol\Documents\CMPE-133\tomcat-windows\apache-tomcat-9.0.31\webapps\ROOT]
02-Apr-2020 15:23:29.793 INFO [main] org.apache.catalina.startup.HostConfig.deployDirectory Deployment of web application directory [C:\Users\carol\Documents\CMPE-133\tomcat-windows\apache-tomcat-9.0.31\webapps\ROOT] has finished in [83] ms
02-Apr-2020 15:23:29.849 INFO [main] org.apache.coyote.AbstractProtocol.start Starting ProtocolHandler ["http-nio-9999"]
02-Apr-2020 15:23:29.872 INFO [main] org.apache.catalina.startup.Catalina.start Server startup in [2,921] milliseconds
02-Apr-2020 15:24:30.710 INFO [Catalina-utility-1] org.apache.catalina.startup.HostConfig.undeploy Undeploying context [/LoginWeb]
02-Apr-2020 15:24:50.853 INFO [Catalina-utility-1] org.apache.catalina.startup.HostConfig.deployDirectory Deploying web application directory [C:\Users\carol\Documents\CMPE-133\tomcat-windows\apache-tomcat-9.0.31\webapps\LoginWeb]
02-Apr-2020 15:24:50.932 INFO [Catalina-utility-1] org.apache.catalina.startup.HostConfig.deployDirectory Deployment of web application directory [C:\Users\carol\Documents\CMPE-133\tomcat-windows\apache-tomcat-9.0.31\webapps\LoginWeb] has finished in [78] ms
02-Apr-2020 15:24:50.932 INFO [Catalina-utility-1] org.apache.catalina.startup.HostConfig.deployDirectory Deploying web application directory [C:\Users\carol\Documents\CMPE-133\tomcat-windows\apache-tomcat-9.0.31\webapps\__MACOSX]
02-Apr-2020 15:24:50.975 INFO [Catalina-utility-1] org.apache.catalina.startup.HostConfig.deployDirectory Deployment of web application directory [C:\Users\carol\Documents\CMPE-133\tomcat-windows\apache-tomcat-9.0.31\webapps\__MACOSX] has finished in [43] ms
02-Apr-2020 15:56:33.775 INFO [main] org.apache.catalina.core.StandardServer.await A valid shutdown command was received via the shutdown port. Stopping the Server instance.
02-Apr-2020 15:56:33.776 INFO [main] org.apache.coyote.AbstractProtocol.pause Pausing ProtocolHandler ["http-nio-9999"]
02-Apr-2020 15:56:34.345 INFO [main] org.apache.catalina.core.StandardService.stopInternal Stopping service [Catalina]
02-Apr-2020 15:56:34.417 INFO [main] org.apache.coyote.AbstractProtocol.stop Stopping ProtocolHandler ["http-nio-9999"]
02-Apr-2020 15:56:34.426 INFO [main] org.apache.coyote.AbstractProtocol.destroy Destroying ProtocolHandler ["http-nio-9999"]
02-Apr-2020 16:34:44.992 INFO [main] org.apache.catalina.startup.VersionLoggerListener.log Server version name:   Apache Tomcat/9.0.31
02-Apr-2020 16:34:44.994 INFO [main] org.apache.catalina.startup.VersionLoggerListener.log Server built:          Feb 5 2020 19:32:12 UTC
02-Apr-2020 16:34:44.995 INFO [main] org.apache.catalina.startup.VersionLoggerListener.log Server version number: 9.0.31.0
02-Apr-2020 16:34:44.995 INFO [main] org.apache.catalina.startup.VersionLoggerListener.log OS Name:               Windows 10
02-Apr-2020 16:34:44.995 INFO [main] org.apache.catalina.startup.VersionLoggerListener.log OS Version:            10.0
02-Apr-2020 16:34:44.995 INFO [main] org.apache.catalina.startup.VersionLoggerListener.log Architecture:          amd64
02-Apr-2020 16:34:44.995 INFO [main] org.apache.catalina.startup.VersionLoggerListener.log Java Home:             C:\Java\jre1.8.0_241
02-Apr-2020 16:34:44.995 INFO [main] org.apache.catalina.startup.VersionLoggerListener.log JVM Version:           1.8.0_241-b07
02-Apr-2020 16:34:44.995 INFO [main] org.apache.catalina.startup.VersionLoggerListener.log JVM Vendor:            Oracle Corporation
02-Apr-2020 16:34:44.995 INFO [main] org.apache.catalina.startup.VersionLoggerListener.log CATALINA_BASE:         C:\Users\carol\Documents\CMPE-133\tomcat-windows\apache-tomcat-9.0.31
02-Apr-2020 16:34:44.996 INFO [main] org.apache.catalina.startup.VersionLoggerListener.log CATALINA_HOME:         C:\Users\carol\Documents\CMPE-133\tomcat-windows\apache-tomcat-9.0.31
02-Apr-2020 16:34:44.996 INFO [main] org.apache.catalina.startup.VersionLoggerListener.log Command line argument: -Djava.util.logging.config.file=C:\Users\carol\Documents\CMPE-133\tomcat-windows\apache-tomcat-9.0.31\conf\logging.properties
02-Apr-2020 16:34:44.997 INFO [main] org.apache.catalina.startup.VersionLoggerListener.log Command line argument: -Djava.util.logging.manager=org.apache.juli.ClassLoaderLogManager
02-Apr-2020 16:34:44.997 INFO [main] org.apache.catalina.startup.VersionLoggerListener.log Command line argument: -Djdk.tls.ephemeralDHKeySize=2048
02-Apr-2020 16:34:44.997 INFO [main] org.apache.catalina.startup.VersionLoggerListener.log Command line argument: -Djava.protocol.handler.pkgs=org.apache.catalina.webresources
02-Apr-2020 16:34:44.997 INFO [main] org.apache.catalina.startup.VersionLoggerListener.log Command line argument: -Dignore.endorsed.dirs=
02-Apr-2020 16:34:44.997 INFO [main] org.apache.catalina.startup.VersionLoggerListener.log Command line argument: -Dcatalina.base=C:\Users\carol\Documents\CMPE-133\tomcat-windows\apache-tomcat-9.0.31
02-Apr-2020 16:34:44.998 INFO [main] org.apache.catalina.startup.VersionLoggerListener.log Command line argument: -Dcatalina.home=C:\Users\carol\Documents\CMPE-133\tomcat-windows\apache-tomcat-9.0.31
02-Apr-2020 16:34:44.998 INFO [main] org.apache.catalina.startup.VersionLoggerListener.log Command line argument: -Djava.io.tmpdir=C:\Users\carol\Documents\CMPE-133\tomcat-windows\apache-tomcat-9.0.31\temp
02-Apr-2020 16:34:44.999 INFO [main] org.apache.catalina.core.AprLifecycleListener.lifecycleEvent The APR based Apache Tomcat Native library which allows optimal performance in production environments was not found on the java.library.path: [C:\Java\jre1.8.0_241\bin;C:\WINDOWS\Sun\Java\bin;C:\WINDOWS\system32;C:\WINDOWS;C:\Program Files\Java\jdk-13.0.2\bin;C:\Program Files\Java\jdk-13.0.2\bin;C:\Program Files (x86)\Intel\Intel(R) Management Engine Components\iCLS\;C:\Program Files\Intel\Intel(R) Management Engine Components\iCLS\;C:\WINDOWS\system32;C:\WINDOWS;C:\WINDOWS\System32\Wbem;C:\WINDOWS\System32\WindowsPowerShell\v1.0\;C:\WINDOWS\System32\OpenSSH\;C:\Program Files (x86)\Intel\Intel(R) Management Engine Components\DAL;C:\Program Files\Intel\Intel(R) Management Engine Components\DAL;C:\Program Files (x86)\Intel\Intel(R) Management Engine Components\IPT;C:\Program Files\Intel\Intel(R) Management Engine Components\IPT;C:\Program Files\Git\cmd;C:\Program Files\Git LFS;C:\zookeeper-3.6.0\bin;C:\Program Files\Intel\WiFi\bin\;C:\Program Files\Common Files\Intel\WirelessCommon\;C:\Users\carol\AppData\Local\Programs\Python\Python38\Scripts\;C:\Users\carol\AppData\Local\Programs\Python\Python38\;C:\Users\carol\AppData\Local\Microsoft\WindowsApps;C:\Users\carol\AppData\Local\atom\bin;C:\Users\carol\AppData\Local\GitHubDesktop\bin;C:\Program Files\Docker Toolbox;.]
02-Apr-2020 16:34:45.858 INFO [main] org.apache.coyote.AbstractProtocol.init Initializing ProtocolHandler ["http-nio-9999"]
02-Apr-2020 16:34:46.374 INFO [main] org.apache.catalina.startup.Catalina.load Server initialization in [1,663] milliseconds
02-Apr-2020 16:34:46.421 INFO [main] org.apache.catalina.core.StandardService.startInternal Starting service [Catalina]
02-Apr-2020 16:34:46.422 INFO [main] org.apache.catalina.core.StandardEngine.startInternal Starting Servlet engine: [Apache Tomcat/9.0.31]
02-Apr-2020 16:34:46.435 INFO [main] org.apache.catalina.startup.HostConfig.deployDirectory Deploying web application directory [C:\Users\carol\Documents\CMPE-133\tomcat-windows\apache-tomcat-9.0.31\webapps\chatroom]
02-Apr-2020 16:34:46.855 INFO [main] org.apache.catalina.startup.HostConfig.deployDirectory Deployment of web application directory [C:\Users\carol\Documents\CMPE-133\tomcat-windows\apache-tomcat-9.0.31\webapps\chatroom] has finished in [420] ms
02-Apr-2020 16:34:46.856 INFO [main] org.apache.catalina.startup.HostConfig.deployDirectory Deploying web application directory [C:\Users\carol\Documents\CMPE-133\tomcat-windows\apache-tomcat-9.0.31\webapps\docs]
02-Apr-2020 16:34:46.898 INFO [main] org.apache.catalina.startup.HostConfig.deployDirectory Deployment of web application directory [C:\Users\carol\Documents\CMPE-133\tomcat-windows\apache-tomcat-9.0.31\webapps\docs] has finished in [42] ms
02-Apr-2020 16:34:46.899 INFO [main] org.apache.catalina.startup.HostConfig.deployDirectory Deploying web application directory [C:\Users\carol\Documents\CMPE-133\tomcat-windows\apache-tomcat-9.0.31\webapps\examples]
02-Apr-2020 16:34:47.540 INFO [main] org.apache.catalina.startup.HostConfig.deployDirectory Deployment of web application directory [C:\Users\carol\Documents\CMPE-133\tomcat-windows\apache-tomcat-9.0.31\webapps\examples] has finished in [641] ms
02-Apr-2020 16:34:47.542 INFO [main] org.apache.catalina.startup.HostConfig.deployDirectory Deploying web application directory [C:\Users\carol\Documents\CMPE-133\tomcat-windows\apache-tomcat-9.0.31\webapps\host-manager]
02-Apr-2020 16:34:47.630 INFO [main] org.apache.catalina.startup.HostConfig.deployDirectory Deployment of web application directory [C:\Users\carol\Documents\CMPE-133\tomcat-windows\apache-tomcat-9.0.31\webapps\host-manager] has finished in [87] ms
02-Apr-2020 16:34:47.631 INFO [main] org.apache.catalina.startup.HostConfig.deployDirectory Deploying web application directory [C:\Users\carol\Documents\CMPE-133\tomcat-windows\apache-tomcat-9.0.31\webapps\manager]
02-Apr-2020 16:34:47.691 INFO [main] org.apache.catalina.startup.HostConfig.deployDirectory Deployment of web application directory [C:\Users\carol\Documents\CMPE-133\tomcat-windows\apache-tomcat-9.0.31\webapps\manager] has finished in [61] ms
02-Apr-2020 16:34:47.692 INFO [main] org.apache.catalina.startup.HostConfig.deployDirectory Deploying web application directory [C:\Users\carol\Documents\CMPE-133\tomcat-windows\apache-tomcat-9.0.31\webapps\ROOT]
02-Apr-2020 16:34:47.746 INFO [main] org.apache.catalina.startup.HostConfig.deployDirectory Deployment of web application directory [C:\Users\carol\Documents\CMPE-133\tomcat-windows\apache-tomcat-9.0.31\webapps\ROOT] has finished in [53] ms
02-Apr-2020 16:34:47.753 INFO [main] org.apache.coyote.AbstractProtocol.start Starting ProtocolHandler ["http-nio-9999"]
02-Apr-2020 16:34:47.765 INFO [main] org.apache.catalina.startup.Catalina.start Server startup in [1,389] milliseconds
02-Apr-2020 16:34:55.638 INFO [main] org.apache.catalina.core.StandardServer.await A valid shutdown command was received via the shutdown port. Stopping the Server instance.
02-Apr-2020 16:34:55.640 INFO [main] org.apache.coyote.AbstractProtocol.pause Pausing ProtocolHandler ["http-nio-9999"]
02-Apr-2020 16:34:56.001 INFO [main] org.apache.catalina.core.StandardService.stopInternal Stopping service [Catalina]
02-Apr-2020 16:34:56.027 INFO [main] org.apache.coyote.AbstractProtocol.stop Stopping ProtocolHandler ["http-nio-9999"]
02-Apr-2020 16:34:56.030 INFO [main] org.apache.coyote.AbstractProtocol.destroy Destroying ProtocolHandler ["http-nio-9999"]
02-Apr-2020 16:43:32.120 INFO [main] org.apache.catalina.startup.VersionLoggerListener.log Server version name:   Apache Tomcat/9.0.31
02-Apr-2020 16:43:32.122 INFO [main] org.apache.catalina.startup.VersionLoggerListener.log Server built:          Feb 5 2020 19:32:12 UTC
02-Apr-2020 16:43:32.122 INFO [main] org.apache.catalina.startup.VersionLoggerListener.log Server version number: 9.0.31.0
02-Apr-2020 16:43:32.122 INFO [main] org.apache.catalina.startup.VersionLoggerListener.log OS Name:               Windows 10
02-Apr-2020 16:43:32.122 INFO [main] org.apache.catalina.startup.VersionLoggerListener.log OS Version:            10.0
02-Apr-2020 16:43:32.123 INFO [main] org.apache.catalina.startup.VersionLoggerListener.log Architecture:          amd64
02-Apr-2020 16:43:32.123 INFO [main] org.apache.catalina.startup.VersionLoggerListener.log Java Home:             C:\Java\jre1.8.0_241
02-Apr-2020 16:43:32.123 INFO [main] org.apache.catalina.startup.VersionLoggerListener.log JVM Version:           1.8.0_241-b07
02-Apr-2020 16:43:32.123 INFO [main] org.apache.catalina.startup.VersionLoggerListener.log JVM Vendor:            Oracle Corporation
02-Apr-2020 16:43:32.123 INFO [main] org.apache.catalina.startup.VersionLoggerListener.log CATALINA_BASE:         C:\Users\carol\Documents\CMPE-133\tomcat-windows\apache-tomcat-9.0.31
02-Apr-2020 16:43:32.123 INFO [main] org.apache.catalina.startup.VersionLoggerListener.log CATALINA_HOME:         C:\Users\carol\Documents\CMPE-133\tomcat-windows\apache-tomcat-9.0.31
02-Apr-2020 16:43:32.124 INFO [main] org.apache.catalina.startup.VersionLoggerListener.log Command line argument: -Djava.util.logging.config.file=C:\Users\carol\Documents\CMPE-133\tomcat-windows\apache-tomcat-9.0.31\conf\logging.properties
02-Apr-2020 16:43:32.125 INFO [main] org.apache.catalina.startup.VersionLoggerListener.log Command line argument: -Djava.util.logging.manager=org.apache.juli.ClassLoaderLogManager
02-Apr-2020 16:43:32.125 INFO [main] org.apache.catalina.startup.VersionLoggerListener.log Command line argument: -Djdk.tls.ephemeralDHKeySize=2048
02-Apr-2020 16:43:32.125 INFO [main] org.apache.catalina.startup.VersionLoggerListener.log Command line argument: -Djava.protocol.handler.pkgs=org.apache.catalina.webresources
02-Apr-2020 16:43:32.125 INFO [main] org.apache.catalina.startup.VersionLoggerListener.log Command line argument: -Dignore.endorsed.dirs=
02-Apr-2020 16:43:32.125 INFO [main] org.apache.catalina.startup.VersionLoggerListener.log Command line argument: -Dcatalina.base=C:\Users\carol\Documents\CMPE-133\tomcat-windows\apache-tomcat-9.0.31
02-Apr-2020 16:43:32.130 INFO [main] org.apache.catalina.startup.VersionLoggerListener.log Command line argument: -Dcatalina.home=C:\Users\carol\Documents\CMPE-133\tomcat-windows\apache-tomcat-9.0.31
02-Apr-2020 16:43:32.130 INFO [main] org.apache.catalina.startup.VersionLoggerListener.log Command line argument: -Djava.io.tmpdir=C:\Users\carol\Documents\CMPE-133\tomcat-windows\apache-tomcat-9.0.31\temp
02-Apr-2020 16:43:32.131 INFO [main] org.apache.catalina.core.AprLifecycleListener.lifecycleEvent The APR based Apache Tomcat Native library which allows optimal performance in production environments was not found on the java.library.path: [C:\Java\jre1.8.0_241\bin;C:\WINDOWS\Sun\Java\bin;C:\WINDOWS\system32;C:\WINDOWS;C:\Program Files\Java\jdk-13.0.2\bin;C:\Program Files\Java\jdk-13.0.2\bin;C:\Program Files (x86)\Intel\Intel(R) Management Engine Components\iCLS\;C:\Program Files\Intel\Intel(R) Management Engine Components\iCLS\;C:\WINDOWS\system32;C:\WINDOWS;C:\WINDOWS\System32\Wbem;C:\WINDOWS\System32\WindowsPowerShell\v1.0\;C:\WINDOWS\System32\OpenSSH\;C:\Program Files (x86)\Intel\Intel(R) Management Engine Components\DAL;C:\Program Files\Intel\Intel(R) Management Engine Components\DAL;C:\Program Files (x86)\Intel\Intel(R) Management Engine Components\IPT;C:\Program Files\Intel\Intel(R) Management Engine Components\IPT;C:\Program Files\Git\cmd;C:\Program Files\Git LFS;C:\zookeeper-3.6.0\bin;C:\Program Files\Intel\WiFi\bin\;C:\Program Files\Common Files\Intel\WirelessCommon\;C:\Users\carol\AppData\Local\Programs\Python\Python38\Scripts\;C:\Users\carol\AppData\Local\Programs\Python\Python38\;C:\Users\carol\AppData\Local\Microsoft\WindowsApps;C:\Users\carol\AppData\Local\atom\bin;C:\Users\carol\AppData\Local\GitHubDesktop\bin;C:\Program Files\Docker Toolbox;.]
02-Apr-2020 16:43:32.659 INFO [main] org.apache.coyote.AbstractProtocol.init Initializing ProtocolHandler ["http-nio-9999"]
02-Apr-2020 16:43:33.244 INFO [main] org.apache.catalina.startup.Catalina.load Server initialization in [1,456] milliseconds
02-Apr-2020 16:43:33.287 INFO [main] org.apache.catalina.core.StandardService.startInternal Starting service [Catalina]
02-Apr-2020 16:43:33.288 INFO [main] org.apache.catalina.core.StandardEngine.startInternal Starting Servlet engine: [Apache Tomcat/9.0.31]
02-Apr-2020 16:43:33.309 INFO [main] org.apache.catalina.startup.HostConfig.deployDirectory Deploying web application directory [C:\Users\carol\Documents\CMPE-133\tomcat-windows\apache-tomcat-9.0.31\webapps\chatroom]
02-Apr-2020 16:43:33.917 INFO [main] org.apache.catalina.startup.HostConfig.deployDirectory Deployment of web application directory [C:\Users\carol\Documents\CMPE-133\tomcat-windows\apache-tomcat-9.0.31\webapps\chatroom] has finished in [608] ms
02-Apr-2020 16:43:33.918 INFO [main] org.apache.catalina.startup.HostConfig.deployDirectory Deploying web application directory [C:\Users\carol\Documents\CMPE-133\tomcat-windows\apache-tomcat-9.0.31\webapps\docs]
02-Apr-2020 16:43:33.965 INFO [main] org.apache.catalina.startup.HostConfig.deployDirectory Deployment of web application directory [C:\Users\carol\Documents\CMPE-133\tomcat-windows\apache-tomcat-9.0.31\webapps\docs] has finished in [46] ms
02-Apr-2020 16:43:33.966 INFO [main] org.apache.catalina.startup.HostConfig.deployDirectory Deploying web application directory [C:\Users\carol\Documents\CMPE-133\tomcat-windows\apache-tomcat-9.0.31\webapps\examples]
02-Apr-2020 16:43:34.633 INFO [main] org.apache.catalina.startup.HostConfig.deployDirectory Deployment of web application directory [C:\Users\carol\Documents\CMPE-133\tomcat-windows\apache-tomcat-9.0.31\webapps\examples] has finished in [667] ms
02-Apr-2020 16:43:34.634 INFO [main] org.apache.catalina.startup.HostConfig.deployDirectory Deploying web application directory [C:\Users\carol\Documents\CMPE-133\tomcat-windows\apache-tomcat-9.0.31\webapps\host-manager]
02-Apr-2020 16:43:34.898 INFO [main] org.apache.catalina.startup.HostConfig.deployDirectory Deployment of web application directory [C:\Users\carol\Documents\CMPE-133\tomcat-windows\apache-tomcat-9.0.31\webapps\host-manager] has finished in [263] ms
02-Apr-2020 16:43:34.903 INFO [main] org.apache.catalina.startup.HostConfig.deployDirectory Deploying web application directory [C:\Users\carol\Documents\CMPE-133\tomcat-windows\apache-tomcat-9.0.31\webapps\manager]
02-Apr-2020 16:43:35.098 INFO [main] org.apache.catalina.startup.HostConfig.deployDirectory Deployment of web application directory [C:\Users\carol\Documents\CMPE-133\tomcat-windows\apache-tomcat-9.0.31\webapps\manager] has finished in [195] ms
02-Apr-2020 16:43:35.116 INFO [main] org.apache.catalina.startup.HostConfig.deployDirectory Deploying web application directory [C:\Users\carol\Documents\CMPE-133\tomcat-windows\apache-tomcat-9.0.31\webapps\ROOT]
02-Apr-2020 16:43:35.221 INFO [main] org.apache.catalina.startup.HostConfig.deployDirectory Deployment of web application directory [C:\Users\carol\Documents\CMPE-133\tomcat-windows\apache-tomcat-9.0.31\webapps\ROOT] has finished in [104] ms
02-Apr-2020 16:43:35.275 INFO [main] org.apache.coyote.AbstractProtocol.start Starting ProtocolHandler ["http-nio-9999"]
02-Apr-2020 16:43:35.314 INFO [main] org.apache.catalina.startup.Catalina.start Server startup in [2,068] milliseconds
02-Apr-2020 16:44:25.930 INFO [Catalina-utility-1] org.apache.catalina.startup.HostConfig.deployDirectory Deploying web application directory [C:\Users\carol\Documents\CMPE-133\tomcat-windows\apache-tomcat-9.0.31\webapps\LoginWeb]
02-Apr-2020 16:44:25.978 INFO [Catalina-utility-1] org.apache.catalina.startup.HostConfig.deployDirectory Deployment of web application directory [C:\Users\carol\Documents\CMPE-133\tomcat-windows\apache-tomcat-9.0.31\webapps\LoginWeb] has finished in [47] ms
02-Apr-2020 16:45:40.624 INFO [main] org.apache.catalina.core.StandardServer.await A valid shutdown command was received via the shutdown port. Stopping the Server instance.
02-Apr-2020 16:45:40.624 INFO [main] org.apache.coyote.AbstractProtocol.pause Pausing ProtocolHandler ["http-nio-9999"]
02-Apr-2020 16:45:41.108 INFO [main] org.apache.catalina.core.StandardService.stopInternal Stopping service [Catalina]
02-Apr-2020 16:45:41.146 INFO [main] org.apache.coyote.AbstractProtocol.stop Stopping ProtocolHandler ["http-nio-9999"]
02-Apr-2020 16:45:41.154 INFO [main] org.apache.coyote.AbstractProtocol.destroy Destroying ProtocolHandler ["http-nio-9999"]
