26-Mar-2020 14:31:01.793 INFO [main] org.apache.catalina.startup.VersionLoggerListener.log Server version name:   Apache Tomcat/9.0.31
26-Mar-2020 14:31:01.857 INFO [main] org.apache.catalina.startup.VersionLoggerListener.log Server built:          Feb 5 2020 19:32:12 UTC
26-Mar-2020 14:31:01.857 INFO [main] org.apache.catalina.startup.VersionLoggerListener.log Server version number: 9.0.31.0
26-Mar-2020 14:31:01.858 INFO [main] org.apache.catalina.startup.VersionLoggerListener.log OS Name:               Windows 10
26-Mar-2020 14:31:01.858 INFO [main] org.apache.catalina.startup.VersionLoggerListener.log OS Version:            10.0
26-Mar-2020 14:31:01.858 INFO [main] org.apache.catalina.startup.VersionLoggerListener.log Architecture:          amd64
26-Mar-2020 14:31:01.858 INFO [main] org.apache.catalina.startup.VersionLoggerListener.log Java Home:             C:\Java\jre1.8.0_241
26-Mar-2020 14:31:01.859 INFO [main] org.apache.catalina.startup.VersionLoggerListener.log JVM Version:           1.8.0_241-b07
26-Mar-2020 14:31:01.859 INFO [main] org.apache.catalina.startup.VersionLoggerListener.log JVM Vendor:            Oracle Corporation
26-Mar-2020 14:31:01.859 INFO [main] org.apache.catalina.startup.VersionLoggerListener.log CATALINA_BASE:         C:\Users\carol\Documents\CMPE-133\tomcat-windows\apache-tomcat-9.0.31
26-Mar-2020 14:31:01.860 INFO [main] org.apache.catalina.startup.VersionLoggerListener.log CATALINA_HOME:         C:\Users\carol\Documents\CMPE-133\tomcat-windows\apache-tomcat-9.0.31
26-Mar-2020 14:31:01.890 INFO [main] org.apache.catalina.startup.VersionLoggerListener.log Command line argument: -Djava.util.logging.config.file=C:\Users\carol\Documents\CMPE-133\tomcat-windows\apache-tomcat-9.0.31\conf\logging.properties
26-Mar-2020 14:31:01.891 INFO [main] org.apache.catalina.startup.VersionLoggerListener.log Command line argument: -Djava.util.logging.manager=org.apache.juli.ClassLoaderLogManager
26-Mar-2020 14:31:01.892 INFO [main] org.apache.catalina.startup.VersionLoggerListener.log Command line argument: -Djdk.tls.ephemeralDHKeySize=2048
26-Mar-2020 14:31:01.893 INFO [main] org.apache.catalina.startup.VersionLoggerListener.log Command line argument: -Djava.protocol.handler.pkgs=org.apache.catalina.webresources
26-Mar-2020 14:31:01.893 INFO [main] org.apache.catalina.startup.VersionLoggerListener.log Command line argument: -Dignore.endorsed.dirs=
26-Mar-2020 14:31:01.893 INFO [main] org.apache.catalina.startup.VersionLoggerListener.log Command line argument: -Dcatalina.base=C:\Users\carol\Documents\CMPE-133\tomcat-windows\apache-tomcat-9.0.31
26-Mar-2020 14:31:01.894 INFO [main] org.apache.catalina.startup.VersionLoggerListener.log Command line argument: -Dcatalina.home=C:\Users\carol\Documents\CMPE-133\tomcat-windows\apache-tomcat-9.0.31
26-Mar-2020 14:31:01.894 INFO [main] org.apache.catalina.startup.VersionLoggerListener.log Command line argument: -Djava.io.tmpdir=C:\Users\carol\Documents\CMPE-133\tomcat-windows\apache-tomcat-9.0.31\temp
26-Mar-2020 14:31:01.895 INFO [main] org.apache.catalina.core.AprLifecycleListener.lifecycleEvent The APR based Apache Tomcat Native library which allows optimal performance in production environments was not found on the java.library.path: [C:\Java\jre1.8.0_241\bin;C:\WINDOWS\Sun\Java\bin;C:\WINDOWS\system32;C:\WINDOWS;C:\Program Files\Java\jdk-13.0.2\bin;C:\Program Files\Java\jdk-13.0.2\bin;C:\Program Files (x86)\Intel\Intel(R) Management Engine Components\iCLS\;C:\Program Files\Intel\Intel(R) Management Engine Components\iCLS\;C:\WINDOWS\system32;C:\WINDOWS;C:\WINDOWS\System32\Wbem;C:\WINDOWS\System32\WindowsPowerShell\v1.0\;C:\WINDOWS\System32\OpenSSH\;C:\Program Files (x86)\Intel\Intel(R) Management Engine Components\DAL;C:\Program Files\Intel\Intel(R) Management Engine Components\DAL;C:\Program Files (x86)\Intel\Intel(R) Management Engine Components\IPT;C:\Program Files\Intel\Intel(R) Management Engine Components\IPT;C:\Program Files\Intel\WiFi\bin\;C:\Program Files\Common Files\Intel\WirelessCommon\;C:\Program Files\Git\cmd;C:\Program Files\Git LFS;C:\zookeeper-3.6.0\bin;C:\Users\carol\AppData\Local\Programs\Python\Python38\Scripts\;C:\Users\carol\AppData\Local\Programs\Python\Python38\;C:\Users\carol\AppData\Local\Microsoft\WindowsApps;C:\Users\carol\AppData\Local\atom\bin;C:\Users\carol\AppData\Local\GitHubDesktop\bin;C:\Program Files\Docker Toolbox;.]
26-Mar-2020 14:31:03.279 INFO [main] org.apache.coyote.AbstractProtocol.init Initializing ProtocolHandler ["http-nio-9999"]
26-Mar-2020 14:31:03.823 INFO [main] org.apache.catalina.startup.Catalina.load Server initialization in [2,878] milliseconds
26-Mar-2020 14:31:03.951 INFO [main] org.apache.catalina.core.StandardService.startInternal Starting service [Catalina]
26-Mar-2020 14:31:03.952 INFO [main] org.apache.catalina.core.StandardEngine.startInternal Starting Servlet engine: [Apache Tomcat/9.0.31]
26-Mar-2020 14:31:03.974 INFO [main] org.apache.catalina.startup.HostConfig.deployDirectory Deploying web application directory [C:\Users\carol\Documents\CMPE-133\tomcat-windows\apache-tomcat-9.0.31\webapps\chatroom]
26-Mar-2020 14:31:04.773 INFO [main] org.apache.catalina.startup.HostConfig.deployDirectory Deployment of web application directory [C:\Users\carol\Documents\CMPE-133\tomcat-windows\apache-tomcat-9.0.31\webapps\chatroom] has finished in [799] ms
26-Mar-2020 14:31:04.774 INFO [main] org.apache.catalina.startup.HostConfig.deployDirectory Deploying web application directory [C:\Users\carol\Documents\CMPE-133\tomcat-windows\apache-tomcat-9.0.31\webapps\docs]
26-Mar-2020 14:31:04.832 INFO [main] org.apache.catalina.startup.HostConfig.deployDirectory Deployment of web application directory [C:\Users\carol\Documents\CMPE-133\tomcat-windows\apache-tomcat-9.0.31\webapps\docs] has finished in [59] ms
26-Mar-2020 14:31:04.833 INFO [main] org.apache.catalina.startup.HostConfig.deployDirectory Deploying web application directory [C:\Users\carol\Documents\CMPE-133\tomcat-windows\apache-tomcat-9.0.31\webapps\examples]
26-Mar-2020 14:31:07.602 INFO [main] org.apache.catalina.startup.HostConfig.deployDirectory Deployment of web application directory [C:\Users\carol\Documents\CMPE-133\tomcat-windows\apache-tomcat-9.0.31\webapps\examples] has finished in [2,769] ms
26-Mar-2020 14:31:07.603 INFO [main] org.apache.catalina.startup.HostConfig.deployDirectory Deploying web application directory [C:\Users\carol\Documents\CMPE-133\tomcat-windows\apache-tomcat-9.0.31\webapps\host-manager]
26-Mar-2020 14:31:07.740 INFO [main] org.apache.catalina.startup.HostConfig.deployDirectory Deployment of web application directory [C:\Users\carol\Documents\CMPE-133\tomcat-windows\apache-tomcat-9.0.31\webapps\host-manager] has finished in [136] ms
26-Mar-2020 14:31:07.740 INFO [main] org.apache.catalina.startup.HostConfig.deployDirectory Deploying web application directory [C:\Users\carol\Documents\CMPE-133\tomcat-windows\apache-tomcat-9.0.31\webapps\manager]
26-Mar-2020 14:31:07.801 INFO [main] org.apache.catalina.startup.HostConfig.deployDirectory Deployment of web application directory [C:\Users\carol\Documents\CMPE-133\tomcat-windows\apache-tomcat-9.0.31\webapps\manager] has finished in [61] ms
26-Mar-2020 14:31:07.802 INFO [main] org.apache.catalina.startup.HostConfig.deployDirectory Deploying web application directory [C:\Users\carol\Documents\CMPE-133\tomcat-windows\apache-tomcat-9.0.31\webapps\ROOT]
26-Mar-2020 14:31:07.864 INFO [main] org.apache.catalina.startup.HostConfig.deployDirectory Deployment of web application directory [C:\Users\carol\Documents\CMPE-133\tomcat-windows\apache-tomcat-9.0.31\webapps\ROOT] has finished in [62] ms
26-Mar-2020 14:31:07.871 INFO [main] org.apache.coyote.AbstractProtocol.start Starting ProtocolHandler ["http-nio-9999"]
26-Mar-2020 14:31:07.883 INFO [main] org.apache.catalina.startup.Catalina.start Server startup in [4,059] milliseconds
26-Mar-2020 14:35:14.477 INFO [main] org.apache.catalina.core.StandardServer.await A valid shutdown command was received via the shutdown port. Stopping the Server instance.
26-Mar-2020 14:35:14.478 INFO [main] org.apache.coyote.AbstractProtocol.pause Pausing ProtocolHandler ["http-nio-9999"]
26-Mar-2020 14:35:14.840 INFO [main] org.apache.catalina.core.StandardService.stopInternal Stopping service [Catalina]
26-Mar-2020 14:35:14.915 INFO [main] org.apache.coyote.AbstractProtocol.stop Stopping ProtocolHandler ["http-nio-9999"]
26-Mar-2020 14:35:14.923 INFO [main] org.apache.coyote.AbstractProtocol.destroy Destroying ProtocolHandler ["http-nio-9999"]
26-Mar-2020 14:36:32.781 INFO [main] org.apache.catalina.startup.VersionLoggerListener.log Server version name:   Apache Tomcat/9.0.31
26-Mar-2020 14:36:32.783 INFO [main] org.apache.catalina.startup.VersionLoggerListener.log Server built:          Feb 5 2020 19:32:12 UTC
26-Mar-2020 14:36:32.783 INFO [main] org.apache.catalina.startup.VersionLoggerListener.log Server version number: 9.0.31.0
26-Mar-2020 14:36:32.783 INFO [main] org.apache.catalina.startup.VersionLoggerListener.log OS Name:               Windows 10
26-Mar-2020 14:36:32.783 INFO [main] org.apache.catalina.startup.VersionLoggerListener.log OS Version:            10.0
26-Mar-2020 14:36:32.784 INFO [main] org.apache.catalina.startup.VersionLoggerListener.log Architecture:          amd64
26-Mar-2020 14:36:32.785 INFO [main] org.apache.catalina.startup.VersionLoggerListener.log Java Home:             C:\Java\jre1.8.0_241
26-Mar-2020 14:36:32.785 INFO [main] org.apache.catalina.startup.VersionLoggerListener.log JVM Version:           1.8.0_241-b07
26-Mar-2020 14:36:32.785 INFO [main] org.apache.catalina.startup.VersionLoggerListener.log JVM Vendor:            Oracle Corporation
26-Mar-2020 14:36:32.785 INFO [main] org.apache.catalina.startup.VersionLoggerListener.log CATALINA_BASE:         C:\Users\carol\Documents\CMPE-133\tomcat-windows\apache-tomcat-9.0.31
26-Mar-2020 14:36:32.785 INFO [main] org.apache.catalina.startup.VersionLoggerListener.log CATALINA_HOME:         C:\Users\carol\Documents\CMPE-133\tomcat-windows\apache-tomcat-9.0.31
26-Mar-2020 14:36:32.785 INFO [main] org.apache.catalina.startup.VersionLoggerListener.log Command line argument: -Djava.util.logging.config.file=C:\Users\carol\Documents\CMPE-133\tomcat-windows\apache-tomcat-9.0.31\conf\logging.properties
26-Mar-2020 14:36:32.785 INFO [main] org.apache.catalina.startup.VersionLoggerListener.log Command line argument: -Djava.util.logging.manager=org.apache.juli.ClassLoaderLogManager
26-Mar-2020 14:36:32.786 INFO [main] org.apache.catalina.startup.VersionLoggerListener.log Command line argument: -Djdk.tls.ephemeralDHKeySize=2048
26-Mar-2020 14:36:32.786 INFO [main] org.apache.catalina.startup.VersionLoggerListener.log Command line argument: -Djava.protocol.handler.pkgs=org.apache.catalina.webresources
26-Mar-2020 14:36:32.786 INFO [main] org.apache.catalina.startup.VersionLoggerListener.log Command line argument: -Dignore.endorsed.dirs=
26-Mar-2020 14:36:32.786 INFO [main] org.apache.catalina.startup.VersionLoggerListener.log Command line argument: -Dcatalina.base=C:\Users\carol\Documents\CMPE-133\tomcat-windows\apache-tomcat-9.0.31
26-Mar-2020 14:36:32.787 INFO [main] org.apache.catalina.startup.VersionLoggerListener.log Command line argument: -Dcatalina.home=C:\Users\carol\Documents\CMPE-133\tomcat-windows\apache-tomcat-9.0.31
26-Mar-2020 14:36:32.787 INFO [main] org.apache.catalina.startup.VersionLoggerListener.log Command line argument: -Djava.io.tmpdir=C:\Users\carol\Documents\CMPE-133\tomcat-windows\apache-tomcat-9.0.31\temp
26-Mar-2020 14:36:32.788 INFO [main] org.apache.catalina.core.AprLifecycleListener.lifecycleEvent The APR based Apache Tomcat Native library which allows optimal performance in production environments was not found on the java.library.path: [C:\Java\jre1.8.0_241\bin;C:\WINDOWS\Sun\Java\bin;C:\WINDOWS\system32;C:\WINDOWS;C:\Program Files\Java\jdk-13.0.2\bin;C:\Program Files\Java\jdk-13.0.2\bin;C:\Program Files (x86)\Intel\Intel(R) Management Engine Components\iCLS\;C:\Program Files\Intel\Intel(R) Management Engine Components\iCLS\;C:\WINDOWS\system32;C:\WINDOWS;C:\WINDOWS\System32\Wbem;C:\WINDOWS\System32\WindowsPowerShell\v1.0\;C:\WINDOWS\System32\OpenSSH\;C:\Program Files (x86)\Intel\Intel(R) Management Engine Components\DAL;C:\Program Files\Intel\Intel(R) Management Engine Components\DAL;C:\Program Files (x86)\Intel\Intel(R) Management Engine Components\IPT;C:\Program Files\Intel\Intel(R) Management Engine Components\IPT;C:\Program Files\Intel\WiFi\bin\;C:\Program Files\Common Files\Intel\WirelessCommon\;C:\Program Files\Git\cmd;C:\Program Files\Git LFS;C:\zookeeper-3.6.0\bin;C:\Users\carol\AppData\Local\Programs\Python\Python38\Scripts\;C:\Users\carol\AppData\Local\Programs\Python\Python38\;C:\Users\carol\AppData\Local\Microsoft\WindowsApps;C:\Users\carol\AppData\Local\atom\bin;C:\Users\carol\AppData\Local\GitHubDesktop\bin;C:\Program Files\Docker Toolbox;.]
26-Mar-2020 14:36:33.073 INFO [main] org.apache.coyote.AbstractProtocol.init Initializing ProtocolHandler ["http-nio-9999"]
26-Mar-2020 14:36:33.418 INFO [main] org.apache.catalina.startup.Catalina.load Server initialization in [860] milliseconds
26-Mar-2020 14:36:33.469 INFO [main] org.apache.catalina.core.StandardService.startInternal Starting service [Catalina]
26-Mar-2020 14:36:33.470 INFO [main] org.apache.catalina.core.StandardEngine.startInternal Starting Servlet engine: [Apache Tomcat/9.0.31]
26-Mar-2020 14:36:33.482 INFO [main] org.apache.catalina.startup.HostConfig.deployDirectory Deploying web application directory [C:\Users\carol\Documents\CMPE-133\tomcat-windows\apache-tomcat-9.0.31\webapps\chatroom]
26-Mar-2020 14:36:33.763 INFO [main] org.apache.catalina.startup.HostConfig.deployDirectory Deployment of web application directory [C:\Users\carol\Documents\CMPE-133\tomcat-windows\apache-tomcat-9.0.31\webapps\chatroom] has finished in [281] ms
26-Mar-2020 14:36:33.765 INFO [main] org.apache.catalina.startup.HostConfig.deployDirectory Deploying web application directory [C:\Users\carol\Documents\CMPE-133\tomcat-windows\apache-tomcat-9.0.31\webapps\docs]
26-Mar-2020 14:36:33.801 INFO [main] org.apache.catalina.startup.HostConfig.deployDirectory Deployment of web application directory [C:\Users\carol\Documents\CMPE-133\tomcat-windows\apache-tomcat-9.0.31\webapps\docs] has finished in [35] ms
26-Mar-2020 14:36:33.801 INFO [main] org.apache.catalina.startup.HostConfig.deployDirectory Deploying web application directory [C:\Users\carol\Documents\CMPE-133\tomcat-windows\apache-tomcat-9.0.31\webapps\examples]
26-Mar-2020 14:36:34.238 INFO [main] org.apache.catalina.startup.HostConfig.deployDirectory Deployment of web application directory [C:\Users\carol\Documents\CMPE-133\tomcat-windows\apache-tomcat-9.0.31\webapps\examples] has finished in [437] ms
26-Mar-2020 14:36:34.239 INFO [main] org.apache.catalina.startup.HostConfig.deployDirectory Deploying web application directory [C:\Users\carol\Documents\CMPE-133\tomcat-windows\apache-tomcat-9.0.31\webapps\host-manager]
26-Mar-2020 14:36:34.275 INFO [main] org.apache.catalina.startup.HostConfig.deployDirectory Deployment of web application directory [C:\Users\carol\Documents\CMPE-133\tomcat-windows\apache-tomcat-9.0.31\webapps\host-manager] has finished in [36] ms
26-Mar-2020 14:36:34.275 INFO [main] org.apache.catalina.startup.HostConfig.deployDirectory Deploying web application directory [C:\Users\carol\Documents\CMPE-133\tomcat-windows\apache-tomcat-9.0.31\webapps\manager]
26-Mar-2020 14:36:34.320 INFO [main] org.apache.catalina.startup.HostConfig.deployDirectory Deployment of web application directory [C:\Users\carol\Documents\CMPE-133\tomcat-windows\apache-tomcat-9.0.31\webapps\manager] has finished in [45] ms
26-Mar-2020 14:36:34.321 INFO [main] org.apache.catalina.startup.HostConfig.deployDirectory Deploying web application directory [C:\Users\carol\Documents\CMPE-133\tomcat-windows\apache-tomcat-9.0.31\webapps\ROOT]
26-Mar-2020 14:36:34.353 INFO [main] org.apache.catalina.startup.HostConfig.deployDirectory Deployment of web application directory [C:\Users\carol\Documents\CMPE-133\tomcat-windows\apache-tomcat-9.0.31\webapps\ROOT] has finished in [31] ms
26-Mar-2020 14:36:34.357 INFO [main] org.apache.coyote.AbstractProtocol.start Starting ProtocolHandler ["http-nio-9999"]
26-Mar-2020 14:36:34.365 INFO [main] org.apache.catalina.startup.Catalina.start Server startup in [933] milliseconds
26-Mar-2020 14:37:23.335 INFO [main] org.apache.catalina.core.StandardServer.await A valid shutdown command was received via the shutdown port. Stopping the Server instance.
26-Mar-2020 14:37:23.336 INFO [main] org.apache.coyote.AbstractProtocol.pause Pausing ProtocolHandler ["http-nio-9999"]
26-Mar-2020 14:37:23.686 INFO [main] org.apache.catalina.core.StandardService.stopInternal Stopping service [Catalina]
26-Mar-2020 14:37:23.718 INFO [main] org.apache.coyote.AbstractProtocol.stop Stopping ProtocolHandler ["http-nio-9999"]
26-Mar-2020 14:37:23.720 INFO [main] org.apache.coyote.AbstractProtocol.destroy Destroying ProtocolHandler ["http-nio-9999"]
26-Mar-2020 14:37:29.073 INFO [main] org.apache.catalina.startup.VersionLoggerListener.log Server version name:   Apache Tomcat/9.0.31
26-Mar-2020 14:37:29.075 INFO [main] org.apache.catalina.startup.VersionLoggerListener.log Server built:          Feb 5 2020 19:32:12 UTC
26-Mar-2020 14:37:29.075 INFO [main] org.apache.catalina.startup.VersionLoggerListener.log Server version number: 9.0.31.0
26-Mar-2020 14:37:29.076 INFO [main] org.apache.catalina.startup.VersionLoggerListener.log OS Name:               Windows 10
26-Mar-2020 14:37:29.076 INFO [main] org.apache.catalina.startup.VersionLoggerListener.log OS Version:            10.0
26-Mar-2020 14:37:29.076 INFO [main] org.apache.catalina.startup.VersionLoggerListener.log Architecture:          amd64
26-Mar-2020 14:37:29.076 INFO [main] org.apache.catalina.startup.VersionLoggerListener.log Java Home:             C:\Java\jre1.8.0_241
26-Mar-2020 14:37:29.076 INFO [main] org.apache.catalina.startup.VersionLoggerListener.log JVM Version:           1.8.0_241-b07
26-Mar-2020 14:37:29.076 INFO [main] org.apache.catalina.startup.VersionLoggerListener.log JVM Vendor:            Oracle Corporation
26-Mar-2020 14:37:29.076 INFO [main] org.apache.catalina.startup.VersionLoggerListener.log CATALINA_BASE:         C:\Users\carol\Documents\CMPE-133\tomcat-windows\apache-tomcat-9.0.31
26-Mar-2020 14:37:29.077 INFO [main] org.apache.catalina.startup.VersionLoggerListener.log CATALINA_HOME:         C:\Users\carol\Documents\CMPE-133\tomcat-windows\apache-tomcat-9.0.31
26-Mar-2020 14:37:29.078 INFO [main] org.apache.catalina.startup.VersionLoggerListener.log Command line argument: -Djava.util.logging.config.file=C:\Users\carol\Documents\CMPE-133\tomcat-windows\apache-tomcat-9.0.31\conf\logging.properties
26-Mar-2020 14:37:29.078 INFO [main] org.apache.catalina.startup.VersionLoggerListener.log Command line argument: -Djava.util.logging.manager=org.apache.juli.ClassLoaderLogManager
26-Mar-2020 14:37:29.078 INFO [main] org.apache.catalina.startup.VersionLoggerListener.log Command line argument: -Djdk.tls.ephemeralDHKeySize=2048
26-Mar-2020 14:37:29.078 INFO [main] org.apache.catalina.startup.VersionLoggerListener.log Command line argument: -Djava.protocol.handler.pkgs=org.apache.catalina.webresources
26-Mar-2020 14:37:29.078 INFO [main] org.apache.catalina.startup.VersionLoggerListener.log Command line argument: -Dignore.endorsed.dirs=
26-Mar-2020 14:37:29.079 INFO [main] org.apache.catalina.startup.VersionLoggerListener.log Command line argument: -Dcatalina.base=C:\Users\carol\Documents\CMPE-133\tomcat-windows\apache-tomcat-9.0.31
26-Mar-2020 14:37:29.079 INFO [main] org.apache.catalina.startup.VersionLoggerListener.log Command line argument: -Dcatalina.home=C:\Users\carol\Documents\CMPE-133\tomcat-windows\apache-tomcat-9.0.31
26-Mar-2020 14:37:29.080 INFO [main] org.apache.catalina.startup.VersionLoggerListener.log Command line argument: -Djava.io.tmpdir=C:\Users\carol\Documents\CMPE-133\tomcat-windows\apache-tomcat-9.0.31\temp
26-Mar-2020 14:37:29.081 INFO [main] org.apache.catalina.core.AprLifecycleListener.lifecycleEvent The APR based Apache Tomcat Native library which allows optimal performance in production environments was not found on the java.library.path: [C:\Java\jre1.8.0_241\bin;C:\WINDOWS\Sun\Java\bin;C:\WINDOWS\system32;C:\WINDOWS;C:\Program Files\Java\jdk-13.0.2\bin;C:\Program Files\Java\jdk-13.0.2\bin;C:\Program Files (x86)\Intel\Intel(R) Management Engine Components\iCLS\;C:\Program Files\Intel\Intel(R) Management Engine Components\iCLS\;C:\WINDOWS\system32;C:\WINDOWS;C:\WINDOWS\System32\Wbem;C:\WINDOWS\System32\WindowsPowerShell\v1.0\;C:\WINDOWS\System32\OpenSSH\;C:\Program Files (x86)\Intel\Intel(R) Management Engine Components\DAL;C:\Program Files\Intel\Intel(R) Management Engine Components\DAL;C:\Program Files (x86)\Intel\Intel(R) Management Engine Components\IPT;C:\Program Files\Intel\Intel(R) Management Engine Components\IPT;C:\Program Files\Intel\WiFi\bin\;C:\Program Files\Common Files\Intel\WirelessCommon\;C:\Program Files\Git\cmd;C:\Program Files\Git LFS;C:\zookeeper-3.6.0\bin;C:\Users\carol\AppData\Local\Programs\Python\Python38\Scripts\;C:\Users\carol\AppData\Local\Programs\Python\Python38\;C:\Users\carol\AppData\Local\Microsoft\WindowsApps;C:\Users\carol\AppData\Local\atom\bin;C:\Users\carol\AppData\Local\GitHubDesktop\bin;C:\Program Files\Docker Toolbox;.]
26-Mar-2020 14:37:29.393 INFO [main] org.apache.coyote.AbstractProtocol.init Initializing ProtocolHandler ["http-nio-9999"]
26-Mar-2020 14:37:29.774 INFO [main] org.apache.catalina.startup.Catalina.load Server initialization in [900] milliseconds
26-Mar-2020 14:37:29.804 INFO [main] org.apache.catalina.core.StandardService.startInternal Starting service [Catalina]
26-Mar-2020 14:37:29.804 INFO [main] org.apache.catalina.core.StandardEngine.startInternal Starting Servlet engine: [Apache Tomcat/9.0.31]
26-Mar-2020 14:37:29.819 INFO [main] org.apache.catalina.startup.HostConfig.deployDirectory Deploying web application directory [C:\Users\carol\Documents\CMPE-133\tomcat-windows\apache-tomcat-9.0.31\webapps\chatroom]
26-Mar-2020 14:37:30.123 INFO [main] org.apache.catalina.startup.HostConfig.deployDirectory Deployment of web application directory [C:\Users\carol\Documents\CMPE-133\tomcat-windows\apache-tomcat-9.0.31\webapps\chatroom] has finished in [303] ms
26-Mar-2020 14:37:30.123 INFO [main] org.apache.catalina.startup.HostConfig.deployDirectory Deploying web application directory [C:\Users\carol\Documents\CMPE-133\tomcat-windows\apache-tomcat-9.0.31\webapps\docs]
26-Mar-2020 14:37:30.149 INFO [main] org.apache.catalina.startup.HostConfig.deployDirectory Deployment of web application directory [C:\Users\carol\Documents\CMPE-133\tomcat-windows\apache-tomcat-9.0.31\webapps\docs] has finished in [26] ms
26-Mar-2020 14:37:30.150 INFO [main] org.apache.catalina.startup.HostConfig.deployDirectory Deploying web application directory [C:\Users\carol\Documents\CMPE-133\tomcat-windows\apache-tomcat-9.0.31\webapps\examples]
26-Mar-2020 14:37:30.544 INFO [main] org.apache.catalina.startup.HostConfig.deployDirectory Deployment of web application directory [C:\Users\carol\Documents\CMPE-133\tomcat-windows\apache-tomcat-9.0.31\webapps\examples] has finished in [395] ms
26-Mar-2020 14:37:30.545 INFO [main] org.apache.catalina.startup.HostConfig.deployDirectory Deploying web application directory [C:\Users\carol\Documents\CMPE-133\tomcat-windows\apache-tomcat-9.0.31\webapps\host-manager]
26-Mar-2020 14:37:30.582 INFO [main] org.apache.catalina.startup.HostConfig.deployDirectory Deployment of web application directory [C:\Users\carol\Documents\CMPE-133\tomcat-windows\apache-tomcat-9.0.31\webapps\host-manager] has finished in [37] ms
26-Mar-2020 14:37:30.583 INFO [main] org.apache.catalina.startup.HostConfig.deployDirectory Deploying web application directory [C:\Users\carol\Documents\CMPE-133\tomcat-windows\apache-tomcat-9.0.31\webapps\manager]
26-Mar-2020 14:37:30.627 INFO [main] org.apache.catalina.startup.HostConfig.deployDirectory Deployment of web application directory [C:\Users\carol\Documents\CMPE-133\tomcat-windows\apache-tomcat-9.0.31\webapps\manager] has finished in [44] ms
26-Mar-2020 14:37:30.628 INFO [main] org.apache.catalina.startup.HostConfig.deployDirectory Deploying web application directory [C:\Users\carol\Documents\CMPE-133\tomcat-windows\apache-tomcat-9.0.31\webapps\ROOT]
26-Mar-2020 14:37:30.658 INFO [main] org.apache.catalina.startup.HostConfig.deployDirectory Deployment of web application directory [C:\Users\carol\Documents\CMPE-133\tomcat-windows\apache-tomcat-9.0.31\webapps\ROOT] has finished in [30] ms
26-Mar-2020 14:37:30.666 INFO [main] org.apache.coyote.AbstractProtocol.start Starting ProtocolHandler ["http-nio-9999"]
26-Mar-2020 14:37:30.679 INFO [main] org.apache.catalina.startup.Catalina.start Server startup in [904] milliseconds
26-Mar-2020 14:48:29.477 INFO [main] org.apache.catalina.core.StandardServer.await A valid shutdown command was received via the shutdown port. Stopping the Server instance.
26-Mar-2020 14:48:29.478 INFO [main] org.apache.coyote.AbstractProtocol.pause Pausing ProtocolHandler ["http-nio-9999"]
26-Mar-2020 14:48:29.820 INFO [main] org.apache.catalina.core.StandardService.stopInternal Stopping service [Catalina]
26-Mar-2020 14:48:29.845 INFO [main] org.apache.coyote.AbstractProtocol.stop Stopping ProtocolHandler ["http-nio-9999"]
26-Mar-2020 14:48:29.861 INFO [main] org.apache.coyote.AbstractProtocol.destroy Destroying ProtocolHandler ["http-nio-9999"]
26-Mar-2020 15:07:07.602 INFO [main] org.apache.catalina.startup.VersionLoggerListener.log Server version name:   Apache Tomcat/9.0.31
26-Mar-2020 15:07:07.605 INFO [main] org.apache.catalina.startup.VersionLoggerListener.log Server built:          Feb 5 2020 19:32:12 UTC
26-Mar-2020 15:07:07.605 INFO [main] org.apache.catalina.startup.VersionLoggerListener.log Server version number: 9.0.31.0
26-Mar-2020 15:07:07.605 INFO [main] org.apache.catalina.startup.VersionLoggerListener.log OS Name:               Windows 10
26-Mar-2020 15:07:07.605 INFO [main] org.apache.catalina.startup.VersionLoggerListener.log OS Version:            10.0
26-Mar-2020 15:07:07.605 INFO [main] org.apache.catalina.startup.VersionLoggerListener.log Architecture:          amd64
26-Mar-2020 15:07:07.605 INFO [main] org.apache.catalina.startup.VersionLoggerListener.log Java Home:             C:\Java\jre1.8.0_241
26-Mar-2020 15:07:07.605 INFO [main] org.apache.catalina.startup.VersionLoggerListener.log JVM Version:           1.8.0_241-b07
26-Mar-2020 15:07:07.606 INFO [main] org.apache.catalina.startup.VersionLoggerListener.log JVM Vendor:            Oracle Corporation
26-Mar-2020 15:07:07.606 INFO [main] org.apache.catalina.startup.VersionLoggerListener.log CATALINA_BASE:         C:\Users\carol\Documents\CMPE-133\tomcat-windows\apache-tomcat-9.0.31
26-Mar-2020 15:07:07.606 INFO [main] org.apache.catalina.startup.VersionLoggerListener.log CATALINA_HOME:         C:\Users\carol\Documents\CMPE-133\tomcat-windows\apache-tomcat-9.0.31
26-Mar-2020 15:07:07.607 INFO [main] org.apache.catalina.startup.VersionLoggerListener.log Command line argument: -Djava.util.logging.config.file=C:\Users\carol\Documents\CMPE-133\tomcat-windows\apache-tomcat-9.0.31\conf\logging.properties
26-Mar-2020 15:07:07.607 INFO [main] org.apache.catalina.startup.VersionLoggerListener.log Command line argument: -Djava.util.logging.manager=org.apache.juli.ClassLoaderLogManager
26-Mar-2020 15:07:07.608 INFO [main] org.apache.catalina.startup.VersionLoggerListener.log Command line argument: -Djdk.tls.ephemeralDHKeySize=2048
26-Mar-2020 15:07:07.608 INFO [main] org.apache.catalina.startup.VersionLoggerListener.log Command line argument: -Djava.protocol.handler.pkgs=org.apache.catalina.webresources
26-Mar-2020 15:07:07.608 INFO [main] org.apache.catalina.startup.VersionLoggerListener.log Command line argument: -Dignore.endorsed.dirs=
26-Mar-2020 15:07:07.608 INFO [main] org.apache.catalina.startup.VersionLoggerListener.log Command line argument: -Dcatalina.base=C:\Users\carol\Documents\CMPE-133\tomcat-windows\apache-tomcat-9.0.31
26-Mar-2020 15:07:07.609 INFO [main] org.apache.catalina.startup.VersionLoggerListener.log Command line argument: -Dcatalina.home=C:\Users\carol\Documents\CMPE-133\tomcat-windows\apache-tomcat-9.0.31
26-Mar-2020 15:07:07.610 INFO [main] org.apache.catalina.startup.VersionLoggerListener.log Command line argument: -Djava.io.tmpdir=C:\Users\carol\Documents\CMPE-133\tomcat-windows\apache-tomcat-9.0.31\temp
26-Mar-2020 15:07:07.610 INFO [main] org.apache.catalina.core.AprLifecycleListener.lifecycleEvent The APR based Apache Tomcat Native library which allows optimal performance in production environments was not found on the java.library.path: [C:\Java\jre1.8.0_241\bin;C:\WINDOWS\Sun\Java\bin;C:\WINDOWS\system32;C:\WINDOWS;C:\Program Files\Java\jdk-13.0.2\bin;C:\Program Files\Java\jdk-13.0.2\bin;C:\Program Files (x86)\Intel\Intel(R) Management Engine Components\iCLS\;C:\Program Files\Intel\Intel(R) Management Engine Components\iCLS\;C:\WINDOWS\system32;C:\WINDOWS;C:\WINDOWS\System32\Wbem;C:\WINDOWS\System32\WindowsPowerShell\v1.0\;C:\WINDOWS\System32\OpenSSH\;C:\Program Files (x86)\Intel\Intel(R) Management Engine Components\DAL;C:\Program Files\Intel\Intel(R) Management Engine Components\DAL;C:\Program Files (x86)\Intel\Intel(R) Management Engine Components\IPT;C:\Program Files\Intel\Intel(R) Management Engine Components\IPT;C:\Program Files\Intel\WiFi\bin\;C:\Program Files\Common Files\Intel\WirelessCommon\;C:\Program Files\Git\cmd;C:\Program Files\Git LFS;C:\zookeeper-3.6.0\bin;C:\Users\carol\AppData\Local\Programs\Python\Python38\Scripts\;C:\Users\carol\AppData\Local\Programs\Python\Python38\;C:\Users\carol\AppData\Local\Microsoft\WindowsApps;C:\Users\carol\AppData\Local\atom\bin;C:\Users\carol\AppData\Local\GitHubDesktop\bin;C:\Program Files\Docker Toolbox;.]
26-Mar-2020 15:07:08.011 INFO [main] org.apache.coyote.AbstractProtocol.init Initializing ProtocolHandler ["http-nio-9999"]
26-Mar-2020 15:07:08.448 INFO [main] org.apache.catalina.startup.Catalina.load Server initialization in [1,089] milliseconds
26-Mar-2020 15:07:08.482 INFO [main] org.apache.catalina.core.StandardService.startInternal Starting service [Catalina]
26-Mar-2020 15:07:08.483 INFO [main] org.apache.catalina.core.StandardEngine.startInternal Starting Servlet engine: [Apache Tomcat/9.0.31]
26-Mar-2020 15:07:08.494 INFO [main] org.apache.catalina.startup.HostConfig.deployDirectory Deploying web application directory [C:\Users\carol\Documents\CMPE-133\tomcat-windows\apache-tomcat-9.0.31\webapps\chatroom]
26-Mar-2020 15:07:08.817 INFO [main] org.apache.catalina.startup.HostConfig.deployDirectory Deployment of web application directory [C:\Users\carol\Documents\CMPE-133\tomcat-windows\apache-tomcat-9.0.31\webapps\chatroom] has finished in [322] ms
26-Mar-2020 15:07:08.817 INFO [main] org.apache.catalina.startup.HostConfig.deployDirectory Deploying web application directory [C:\Users\carol\Documents\CMPE-133\tomcat-windows\apache-tomcat-9.0.31\webapps\docs]
26-Mar-2020 15:07:08.847 INFO [main] org.apache.catalina.startup.HostConfig.deployDirectory Deployment of web application directory [C:\Users\carol\Documents\CMPE-133\tomcat-windows\apache-tomcat-9.0.31\webapps\docs] has finished in [29] ms
26-Mar-2020 15:07:08.847 INFO [main] org.apache.catalina.startup.HostConfig.deployDirectory Deploying web application directory [C:\Users\carol\Documents\CMPE-133\tomcat-windows\apache-tomcat-9.0.31\webapps\examples]
26-Mar-2020 15:07:09.412 INFO [main] org.apache.catalina.startup.HostConfig.deployDirectory Deployment of web application directory [C:\Users\carol\Documents\CMPE-133\tomcat-windows\apache-tomcat-9.0.31\webapps\examples] has finished in [565] ms
26-Mar-2020 15:07:09.413 INFO [main] org.apache.catalina.startup.HostConfig.deployDirectory Deploying web application directory [C:\Users\carol\Documents\CMPE-133\tomcat-windows\apache-tomcat-9.0.31\webapps\host-manager]
26-Mar-2020 15:07:09.449 INFO [main] org.apache.catalina.startup.HostConfig.deployDirectory Deployment of web application directory [C:\Users\carol\Documents\CMPE-133\tomcat-windows\apache-tomcat-9.0.31\webapps\host-manager] has finished in [36] ms
26-Mar-2020 15:07:09.450 INFO [main] org.apache.catalina.startup.HostConfig.deployDirectory Deploying web application directory [C:\Users\carol\Documents\CMPE-133\tomcat-windows\apache-tomcat-9.0.31\webapps\manager]
26-Mar-2020 15:07:09.502 INFO [main] org.apache.catalina.startup.HostConfig.deployDirectory Deployment of web application directory [C:\Users\carol\Documents\CMPE-133\tomcat-windows\apache-tomcat-9.0.31\webapps\manager] has finished in [52] ms
26-Mar-2020 15:07:09.506 INFO [main] org.apache.catalina.startup.HostConfig.deployDirectory Deploying web application directory [C:\Users\carol\Documents\CMPE-133\tomcat-windows\apache-tomcat-9.0.31\webapps\ROOT]
26-Mar-2020 15:07:09.551 INFO [main] org.apache.catalina.startup.HostConfig.deployDirectory Deployment of web application directory [C:\Users\carol\Documents\CMPE-133\tomcat-windows\apache-tomcat-9.0.31\webapps\ROOT] has finished in [44] ms
26-Mar-2020 15:07:09.566 INFO [main] org.apache.coyote.AbstractProtocol.start Starting ProtocolHandler ["http-nio-9999"]
26-Mar-2020 15:07:09.601 INFO [main] org.apache.catalina.startup.Catalina.start Server startup in [1,153] milliseconds
26-Mar-2020 15:15:39.256 INFO [main] org.apache.catalina.core.StandardServer.await A valid shutdown command was received via the shutdown port. Stopping the Server instance.
26-Mar-2020 15:15:39.257 INFO [main] org.apache.coyote.AbstractProtocol.pause Pausing ProtocolHandler ["http-nio-9999"]
26-Mar-2020 15:15:39.552 INFO [main] org.apache.catalina.core.StandardService.stopInternal Stopping service [Catalina]
26-Mar-2020 15:15:39.588 INFO [main] org.apache.coyote.AbstractProtocol.stop Stopping ProtocolHandler ["http-nio-9999"]
26-Mar-2020 15:15:39.600 INFO [main] org.apache.coyote.AbstractProtocol.destroy Destroying ProtocolHandler ["http-nio-9999"]
