02-Apr-2020 13:28:46.347 INFO [main] org.apache.catalina.core.ApplicationContext.log ContextListener: contextInitialized()
02-Apr-2020 13:28:46.347 INFO [main] org.apache.catalina.core.ApplicationContext.log SessionListener: contextInitialized()
02-Apr-2020 13:28:46.350 INFO [main] org.apache.catalina.core.ApplicationContext.log ContextListener: attributeAdded('StockTicker', 'async.Stockticker@5b94b04d')
02-Apr-2020 13:32:21.603 INFO [main] org.apache.catalina.core.ApplicationContext.log SessionListener: contextDestroyed()
02-Apr-2020 13:32:21.603 INFO [main] org.apache.catalina.core.ApplicationContext.log ContextListener: contextDestroyed()
02-Apr-2020 13:33:24.863 INFO [main] org.apache.catalina.core.ApplicationContext.log ContextListener: contextInitialized()
02-Apr-2020 13:33:24.863 INFO [main] org.apache.catalina.core.ApplicationContext.log SessionListener: contextInitialized()
02-Apr-2020 13:33:24.866 INFO [main] org.apache.catalina.core.ApplicationContext.log ContextListener: attributeAdded('StockTicker', 'async.Stockticker@5b94b04d')
02-Apr-2020 14:08:27.610 INFO [main] org.apache.catalina.core.ApplicationContext.log SessionListener: contextDestroyed()
02-Apr-2020 14:08:27.610 INFO [main] org.apache.catalina.core.ApplicationContext.log ContextListener: contextDestroyed()
02-Apr-2020 14:09:49.606 INFO [main] org.apache.catalina.core.ApplicationContext.log ContextListener: contextInitialized()
02-Apr-2020 14:09:49.606 INFO [main] org.apache.catalina.core.ApplicationContext.log SessionListener: contextInitialized()
02-Apr-2020 14:09:49.608 INFO [main] org.apache.catalina.core.ApplicationContext.log ContextListener: attributeAdded('StockTicker', 'async.Stockticker@385e9564')
02-Apr-2020 14:11:18.526 INFO [main] org.apache.catalina.core.ApplicationContext.log SessionListener: contextDestroyed()
02-Apr-2020 14:11:18.526 INFO [main] org.apache.catalina.core.ApplicationContext.log ContextListener: contextDestroyed()
02-Apr-2020 14:12:35.861 INFO [main] org.apache.catalina.core.ApplicationContext.log ContextListener: contextInitialized()
02-Apr-2020 14:12:35.861 INFO [main] org.apache.catalina.core.ApplicationContext.log SessionListener: contextInitialized()
02-Apr-2020 14:12:35.863 INFO [main] org.apache.catalina.core.ApplicationContext.log ContextListener: attributeAdded('StockTicker', 'async.Stockticker@385e9564')
02-Apr-2020 14:13:57.509 INFO [main] org.apache.catalina.core.ApplicationContext.log SessionListener: contextDestroyed()
02-Apr-2020 14:13:57.509 INFO [main] org.apache.catalina.core.ApplicationContext.log ContextListener: contextDestroyed()
02-Apr-2020 14:14:06.364 INFO [main] org.apache.catalina.core.ApplicationContext.log ContextListener: contextInitialized()
02-Apr-2020 14:14:06.365 INFO [main] org.apache.catalina.core.ApplicationContext.log SessionListener: contextInitialized()
02-Apr-2020 14:14:06.368 INFO [main] org.apache.catalina.core.ApplicationContext.log ContextListener: attributeAdded('StockTicker', 'async.Stockticker@5b94b04d')
02-Apr-2020 14:15:50.286 INFO [main] org.apache.catalina.core.ApplicationContext.log SessionListener: contextDestroyed()
02-Apr-2020 14:15:50.287 INFO [main] org.apache.catalina.core.ApplicationContext.log ContextListener: contextDestroyed()
02-Apr-2020 14:16:04.876 INFO [main] org.apache.catalina.core.ApplicationContext.log ContextListener: contextInitialized()
02-Apr-2020 14:16:04.876 INFO [main] org.apache.catalina.core.ApplicationContext.log SessionListener: contextInitialized()
02-Apr-2020 14:16:04.878 INFO [main] org.apache.catalina.core.ApplicationContext.log ContextListener: attributeAdded('StockTicker', 'async.Stockticker@5b94b04d')
02-Apr-2020 14:17:13.670 INFO [main] org.apache.catalina.core.ApplicationContext.log SessionListener: contextDestroyed()
02-Apr-2020 14:17:13.671 INFO [main] org.apache.catalina.core.ApplicationContext.log ContextListener: contextDestroyed()
02-Apr-2020 14:18:56.553 INFO [main] org.apache.catalina.core.ApplicationContext.log ContextListener: contextInitialized()
02-Apr-2020 14:18:56.554 INFO [main] org.apache.catalina.core.ApplicationContext.log SessionListener: contextInitialized()
02-Apr-2020 14:18:56.555 INFO [main] org.apache.catalina.core.ApplicationContext.log ContextListener: attributeAdded('StockTicker', 'async.Stockticker@5b94b04d')
02-Apr-2020 14:59:41.262 INFO [main] org.apache.catalina.core.ApplicationContext.log SessionListener: contextDestroyed()
02-Apr-2020 14:59:41.262 INFO [main] org.apache.catalina.core.ApplicationContext.log ContextListener: contextDestroyed()
02-Apr-2020 15:23:29.485 INFO [main] org.apache.catalina.core.ApplicationContext.log ContextListener: contextInitialized()
02-Apr-2020 15:23:29.486 INFO [main] org.apache.catalina.core.ApplicationContext.log SessionListener: contextInitialized()
02-Apr-2020 15:23:29.489 INFO [main] org.apache.catalina.core.ApplicationContext.log ContextListener: attributeAdded('StockTicker', 'async.Stockticker@5b94b04d')
02-Apr-2020 15:56:34.381 INFO [main] org.apache.catalina.core.ApplicationContext.log SessionListener: contextDestroyed()
02-Apr-2020 15:56:34.381 INFO [main] org.apache.catalina.core.ApplicationContext.log ContextListener: contextDestroyed()
02-Apr-2020 16:34:47.524 INFO [main] org.apache.catalina.core.ApplicationContext.log ContextListener: contextInitialized()
02-Apr-2020 16:34:47.525 INFO [main] org.apache.catalina.core.ApplicationContext.log SessionListener: contextInitialized()
02-Apr-2020 16:34:47.527 INFO [main] org.apache.catalina.core.ApplicationContext.log ContextListener: attributeAdded('StockTicker', 'async.Stockticker@5b94b04d')
02-Apr-2020 16:34:56.011 INFO [main] org.apache.catalina.core.ApplicationContext.log SessionListener: contextDestroyed()
02-Apr-2020 16:34:56.011 INFO [main] org.apache.catalina.core.ApplicationContext.log ContextListener: contextDestroyed()
02-Apr-2020 16:43:34.619 INFO [main] org.apache.catalina.core.ApplicationContext.log ContextListener: contextInitialized()
02-Apr-2020 16:43:34.619 INFO [main] org.apache.catalina.core.ApplicationContext.log SessionListener: contextInitialized()
02-Apr-2020 16:43:34.622 INFO [main] org.apache.catalina.core.ApplicationContext.log ContextListener: attributeAdded('StockTicker', 'async.Stockticker@5b94b04d')
02-Apr-2020 16:45:41.130 INFO [main] org.apache.catalina.core.ApplicationContext.log SessionListener: contextDestroyed()
02-Apr-2020 16:45:41.131 INFO [main] org.apache.catalina.core.ApplicationContext.log ContextListener: contextDestroyed()
