26-Mar-2020 14:31:07.595 INFO [main] org.apache.catalina.core.ApplicationContext.log ContextListener: contextInitialized()
26-Mar-2020 14:31:07.595 INFO [main] org.apache.catalina.core.ApplicationContext.log SessionListener: contextInitialized()
26-Mar-2020 14:31:07.597 INFO [main] org.apache.catalina.core.ApplicationContext.log ContextListener: attributeAdded('StockTicker', 'async.Stockticker@385e9564')
26-Mar-2020 14:35:14.890 INFO [main] org.apache.catalina.core.ApplicationContext.log SessionListener: contextDestroyed()
26-Mar-2020 14:35:14.890 INFO [main] org.apache.catalina.core.ApplicationContext.log ContextListener: contextDestroyed()
26-Mar-2020 14:36:34.232 INFO [main] org.apache.catalina.core.ApplicationContext.log ContextListener: contextInitialized()
26-Mar-2020 14:36:34.232 INFO [main] org.apache.catalina.core.ApplicationContext.log SessionListener: contextInitialized()
26-Mar-2020 14:36:34.233 INFO [main] org.apache.catalina.core.ApplicationContext.log ContextListener: attributeAdded('StockTicker', 'async.Stockticker@5b94b04d')
26-Mar-2020 14:37:23.701 INFO [main] org.apache.catalina.core.ApplicationContext.log SessionListener: contextDestroyed()
26-Mar-2020 14:37:23.702 INFO [main] org.apache.catalina.core.ApplicationContext.log ContextListener: contextDestroyed()
26-Mar-2020 14:37:30.537 INFO [main] org.apache.catalina.core.ApplicationContext.log ContextListener: contextInitialized()
26-Mar-2020 14:37:30.537 INFO [main] org.apache.catalina.core.ApplicationContext.log SessionListener: contextInitialized()
26-Mar-2020 14:37:30.539 INFO [main] org.apache.catalina.core.ApplicationContext.log ContextListener: attributeAdded('StockTicker', 'async.Stockticker@5b94b04d')
26-Mar-2020 14:48:29.829 INFO [main] org.apache.catalina.core.ApplicationContext.log SessionListener: contextDestroyed()
26-Mar-2020 14:48:29.829 INFO [main] org.apache.catalina.core.ApplicationContext.log ContextListener: contextDestroyed()
26-Mar-2020 15:07:09.403 INFO [main] org.apache.catalina.core.ApplicationContext.log ContextListener: contextInitialized()
26-Mar-2020 15:07:09.404 INFO [main] org.apache.catalina.core.ApplicationContext.log SessionListener: contextInitialized()
26-Mar-2020 15:07:09.407 INFO [main] org.apache.catalina.core.ApplicationContext.log ContextListener: attributeAdded('StockTicker', 'async.Stockticker@5b94b04d')
26-Mar-2020 15:15:39.562 INFO [main] org.apache.catalina.core.ApplicationContext.log SessionListener: contextDestroyed()
26-Mar-2020 15:15:39.563 INFO [main] org.apache.catalina.core.ApplicationContext.log ContextListener: contextDestroyed()
