13-Mar-2020 15:58:31.988 INFO [main] org.apache.catalina.startup.VersionLoggerListener.log Server version name:   Apache Tomcat/9.0.31
13-Mar-2020 15:58:32.000 INFO [main] org.apache.catalina.startup.VersionLoggerListener.log Server built:          Feb 5 2020 19:32:12 UTC
13-Mar-2020 15:58:32.001 INFO [main] org.apache.catalina.startup.VersionLoggerListener.log Server version number: 9.0.31.0
13-Mar-2020 15:58:32.001 INFO [main] org.apache.catalina.startup.VersionLoggerListener.log OS Name:               Windows 10
13-Mar-2020 15:58:32.001 INFO [main] org.apache.catalina.startup.VersionLoggerListener.log OS Version:            10.0
13-Mar-2020 15:58:32.001 INFO [main] org.apache.catalina.startup.VersionLoggerListener.log Architecture:          amd64
13-Mar-2020 15:58:32.001 INFO [main] org.apache.catalina.startup.VersionLoggerListener.log Java Home:             C:\Program Files\Java\jdk-13.0.2
13-Mar-2020 15:58:32.002 INFO [main] org.apache.catalina.startup.VersionLoggerListener.log JVM Version:           13.0.2+8
13-Mar-2020 15:58:32.002 INFO [main] org.apache.catalina.startup.VersionLoggerListener.log JVM Vendor:            Oracle Corporation
13-Mar-2020 15:58:32.002 INFO [main] org.apache.catalina.startup.VersionLoggerListener.log CATALINA_BASE:         C:\Users\carol\Documents\CMPE-133\tomcat-windows\apache-tomcat-9.0.31
13-Mar-2020 15:58:32.002 INFO [main] org.apache.catalina.startup.VersionLoggerListener.log CATALINA_HOME:         C:\Users\carol\Documents\CMPE-133\tomcat-windows\apache-tomcat-9.0.31
13-Mar-2020 15:58:32.171 INFO [main] org.apache.catalina.startup.VersionLoggerListener.log Command line argument: --add-opens=java.base/java.lang=ALL-UNNAMED
13-Mar-2020 15:58:32.171 INFO [main] org.apache.catalina.startup.VersionLoggerListener.log Command line argument: --add-opens=java.base/java.io=ALL-UNNAMED
13-Mar-2020 15:58:32.171 INFO [main] org.apache.catalina.startup.VersionLoggerListener.log Command line argument: --add-opens=java.rmi/sun.rmi.transport=ALL-UNNAMED
13-Mar-2020 15:58:32.172 INFO [main] org.apache.catalina.startup.VersionLoggerListener.log Command line argument: -Djava.util.logging.config.file=C:\Users\carol\Documents\CMPE-133\tomcat-windows\apache-tomcat-9.0.31\conf\logging.properties
13-Mar-2020 15:58:32.172 INFO [main] org.apache.catalina.startup.VersionLoggerListener.log Command line argument: -Djava.util.logging.manager=org.apache.juli.ClassLoaderLogManager
13-Mar-2020 15:58:32.172 INFO [main] org.apache.catalina.startup.VersionLoggerListener.log Command line argument: -Djdk.tls.ephemeralDHKeySize=2048
13-Mar-2020 15:58:32.173 INFO [main] org.apache.catalina.startup.VersionLoggerListener.log Command line argument: -Djava.protocol.handler.pkgs=org.apache.catalina.webresources
13-Mar-2020 15:58:32.174 INFO [main] org.apache.catalina.startup.VersionLoggerListener.log Command line argument: -Dignore.endorsed.dirs=
13-Mar-2020 15:58:32.174 INFO [main] org.apache.catalina.startup.VersionLoggerListener.log Command line argument: -Dcatalina.base=C:\Users\carol\Documents\CMPE-133\tomcat-windows\apache-tomcat-9.0.31
13-Mar-2020 15:58:32.175 INFO [main] org.apache.catalina.startup.VersionLoggerListener.log Command line argument: -Dcatalina.home=C:\Users\carol\Documents\CMPE-133\tomcat-windows\apache-tomcat-9.0.31
13-Mar-2020 15:58:32.175 INFO [main] org.apache.catalina.startup.VersionLoggerListener.log Command line argument: -Djava.io.tmpdir=C:\Users\carol\Documents\CMPE-133\tomcat-windows\apache-tomcat-9.0.31\temp
13-Mar-2020 15:58:32.176 INFO [main] org.apache.catalina.core.AprLifecycleListener.lifecycleEvent The APR based Apache Tomcat Native library which allows optimal performance in production environments was not found on the java.library.path: [C:\Program Files\Java\jdk-13.0.2\bin;C:\WINDOWS\Sun\Java\bin;C:\WINDOWS\system32;C:\WINDOWS;C:\Program Files\Java\jdk-13.0.2\bin;C:\Program Files (x86)\Intel\Intel(R) Management Engine Components\iCLS\;C:\Program Files\Intel\Intel(R) Management Engine Components\iCLS\;C:\WINDOWS\system32;C:\WINDOWS;C:\WINDOWS\System32\Wbem;C:\WINDOWS\System32\WindowsPowerShell\v1.0\;C:\WINDOWS\System32\OpenSSH\;C:\Program Files (x86)\Intel\Intel(R) Management Engine Components\DAL;C:\Program Files\Intel\Intel(R) Management Engine Components\DAL;C:\Program Files (x86)\Intel\Intel(R) Management Engine Components\IPT;C:\Program Files\Intel\Intel(R) Management Engine Components\IPT;C:\Program Files\Intel\WiFi\bin\;C:\Program Files\Common Files\Intel\WirelessCommon\;C:\Program Files\Git\cmd;C:\Users\carol\AppData\Local\Programs\Python\Python38\Scripts\;C:\Users\carol\AppData\Local\Programs\Python\Python38\;C:\Users\carol\AppData\Local\Microsoft\WindowsApps;C:\Users\carol\AppData\Local\atom\bin;C:\Users\carol\AppData\Local\GitHubDesktop\bin;.]
13-Mar-2020 15:58:32.720 INFO [main] org.apache.coyote.AbstractProtocol.init Initializing ProtocolHandler ["http-nio-9999"]
13-Mar-2020 15:58:33.592 INFO [main] org.apache.catalina.startup.Catalina.load Server initialization in [2,077] milliseconds
13-Mar-2020 15:58:33.663 INFO [main] org.apache.catalina.core.StandardService.startInternal Starting service [Catalina]
13-Mar-2020 15:58:33.663 INFO [main] org.apache.catalina.core.StandardEngine.startInternal Starting Servlet engine: [Apache Tomcat/9.0.31]
13-Mar-2020 15:58:33.679 INFO [main] org.apache.catalina.startup.HostConfig.deployDirectory Deploying web application directory [C:\Users\carol\Documents\CMPE-133\tomcat-windows\apache-tomcat-9.0.31\webapps\docs]
13-Mar-2020 15:58:34.252 WARNING [main] org.apache.catalina.util.SessionIdGeneratorBase.createSecureRandom Creation of SecureRandom instance for session ID generation using [SHA1PRNG] took [222] milliseconds.
13-Mar-2020 15:58:34.276 INFO [main] org.apache.catalina.startup.HostConfig.deployDirectory Deployment of web application directory [C:\Users\carol\Documents\CMPE-133\tomcat-windows\apache-tomcat-9.0.31\webapps\docs] has finished in [596] ms
13-Mar-2020 15:58:34.277 INFO [main] org.apache.catalina.startup.HostConfig.deployDirectory Deploying web application directory [C:\Users\carol\Documents\CMPE-133\tomcat-windows\apache-tomcat-9.0.31\webapps\examples]
13-Mar-2020 15:58:35.089 INFO [main] org.apache.catalina.startup.HostConfig.deployDirectory Deployment of web application directory [C:\Users\carol\Documents\CMPE-133\tomcat-windows\apache-tomcat-9.0.31\webapps\examples] has finished in [811] ms
13-Mar-2020 15:58:35.090 INFO [main] org.apache.catalina.startup.HostConfig.deployDirectory Deploying web application directory [C:\Users\carol\Documents\CMPE-133\tomcat-windows\apache-tomcat-9.0.31\webapps\host-manager]
13-Mar-2020 15:58:35.152 INFO [main] org.apache.catalina.startup.HostConfig.deployDirectory Deployment of web application directory [C:\Users\carol\Documents\CMPE-133\tomcat-windows\apache-tomcat-9.0.31\webapps\host-manager] has finished in [61] ms
13-Mar-2020 15:58:35.152 INFO [main] org.apache.catalina.startup.HostConfig.deployDirectory Deploying web application directory [C:\Users\carol\Documents\CMPE-133\tomcat-windows\apache-tomcat-9.0.31\webapps\manager]
13-Mar-2020 15:58:35.244 INFO [main] org.apache.catalina.startup.HostConfig.deployDirectory Deployment of web application directory [C:\Users\carol\Documents\CMPE-133\tomcat-windows\apache-tomcat-9.0.31\webapps\manager] has finished in [92] ms
13-Mar-2020 15:58:35.245 INFO [main] org.apache.catalina.startup.HostConfig.deployDirectory Deploying web application directory [C:\Users\carol\Documents\CMPE-133\tomcat-windows\apache-tomcat-9.0.31\webapps\ROOT]
13-Mar-2020 15:58:35.291 INFO [main] org.apache.catalina.startup.HostConfig.deployDirectory Deployment of web application directory [C:\Users\carol\Documents\CMPE-133\tomcat-windows\apache-tomcat-9.0.31\webapps\ROOT] has finished in [45] ms
13-Mar-2020 15:58:35.296 INFO [main] org.apache.coyote.AbstractProtocol.start Starting ProtocolHandler ["http-nio-9999"]
13-Mar-2020 15:58:35.305 INFO [main] org.apache.catalina.startup.Catalina.start Server startup in [1,711] milliseconds
13-Mar-2020 15:59:32.432 INFO [main] org.apache.catalina.core.StandardServer.await A valid shutdown command was received via the shutdown port. Stopping the Server instance.
13-Mar-2020 15:59:32.434 INFO [main] org.apache.coyote.AbstractProtocol.pause Pausing ProtocolHandler ["http-nio-9999"]
13-Mar-2020 15:59:32.681 INFO [main] org.apache.catalina.core.StandardService.stopInternal Stopping service [Catalina]
13-Mar-2020 15:59:32.715 INFO [main] org.apache.coyote.AbstractProtocol.stop Stopping ProtocolHandler ["http-nio-9999"]
13-Mar-2020 15:59:32.719 INFO [main] org.apache.coyote.AbstractProtocol.destroy Destroying ProtocolHandler ["http-nio-9999"]
13-Mar-2020 16:02:56.880 INFO [main] org.apache.catalina.startup.VersionLoggerListener.log Server version name:   Apache Tomcat/9.0.31
13-Mar-2020 16:02:56.893 INFO [main] org.apache.catalina.startup.VersionLoggerListener.log Server built:          Feb 5 2020 19:32:12 UTC
13-Mar-2020 16:02:56.894 INFO [main] org.apache.catalina.startup.VersionLoggerListener.log Server version number: 9.0.31.0
13-Mar-2020 16:02:56.894 INFO [main] org.apache.catalina.startup.VersionLoggerListener.log OS Name:               Windows 10
13-Mar-2020 16:02:56.894 INFO [main] org.apache.catalina.startup.VersionLoggerListener.log OS Version:            10.0
13-Mar-2020 16:02:56.894 INFO [main] org.apache.catalina.startup.VersionLoggerListener.log Architecture:          amd64
13-Mar-2020 16:02:56.894 INFO [main] org.apache.catalina.startup.VersionLoggerListener.log Java Home:             C:\Program Files\Java\jdk-13.0.2
13-Mar-2020 16:02:56.896 INFO [main] org.apache.catalina.startup.VersionLoggerListener.log JVM Version:           13.0.2+8
13-Mar-2020 16:02:56.897 INFO [main] org.apache.catalina.startup.VersionLoggerListener.log JVM Vendor:            Oracle Corporation
13-Mar-2020 16:02:56.905 INFO [main] org.apache.catalina.startup.VersionLoggerListener.log CATALINA_BASE:         C:\Users\carol\Documents\CMPE-133\tomcat-windows\apache-tomcat-9.0.31
13-Mar-2020 16:02:56.905 INFO [main] org.apache.catalina.startup.VersionLoggerListener.log CATALINA_HOME:         C:\Users\carol\Documents\CMPE-133\tomcat-windows\apache-tomcat-9.0.31
13-Mar-2020 16:02:56.915 INFO [main] org.apache.catalina.startup.VersionLoggerListener.log Command line argument: --add-opens=java.base/java.lang=ALL-UNNAMED
13-Mar-2020 16:02:56.915 INFO [main] org.apache.catalina.startup.VersionLoggerListener.log Command line argument: --add-opens=java.base/java.io=ALL-UNNAMED
13-Mar-2020 16:02:56.916 INFO [main] org.apache.catalina.startup.VersionLoggerListener.log Command line argument: --add-opens=java.rmi/sun.rmi.transport=ALL-UNNAMED
13-Mar-2020 16:02:56.916 INFO [main] org.apache.catalina.startup.VersionLoggerListener.log Command line argument: -Djava.util.logging.config.file=C:\Users\carol\Documents\CMPE-133\tomcat-windows\apache-tomcat-9.0.31\conf\logging.properties
13-Mar-2020 16:02:56.916 INFO [main] org.apache.catalina.startup.VersionLoggerListener.log Command line argument: -Djava.util.logging.manager=org.apache.juli.ClassLoaderLogManager
13-Mar-2020 16:02:56.917 INFO [main] org.apache.catalina.startup.VersionLoggerListener.log Command line argument: -Djdk.tls.ephemeralDHKeySize=2048
13-Mar-2020 16:02:56.918 INFO [main] org.apache.catalina.startup.VersionLoggerListener.log Command line argument: -Djava.protocol.handler.pkgs=org.apache.catalina.webresources
13-Mar-2020 16:02:56.919 INFO [main] org.apache.catalina.startup.VersionLoggerListener.log Command line argument: -Dignore.endorsed.dirs=
13-Mar-2020 16:02:56.919 INFO [main] org.apache.catalina.startup.VersionLoggerListener.log Command line argument: -Dcatalina.base=C:\Users\carol\Documents\CMPE-133\tomcat-windows\apache-tomcat-9.0.31
13-Mar-2020 16:02:56.920 INFO [main] org.apache.catalina.startup.VersionLoggerListener.log Command line argument: -Dcatalina.home=C:\Users\carol\Documents\CMPE-133\tomcat-windows\apache-tomcat-9.0.31
13-Mar-2020 16:02:56.920 INFO [main] org.apache.catalina.startup.VersionLoggerListener.log Command line argument: -Djava.io.tmpdir=C:\Users\carol\Documents\CMPE-133\tomcat-windows\apache-tomcat-9.0.31\temp
13-Mar-2020 16:02:56.923 INFO [main] org.apache.catalina.core.AprLifecycleListener.lifecycleEvent The APR based Apache Tomcat Native library which allows optimal performance in production environments was not found on the java.library.path: [C:\Program Files\Java\jdk-13.0.2\bin;C:\WINDOWS\Sun\Java\bin;C:\WINDOWS\system32;C:\WINDOWS;C:\Program Files\Java\jdk-13.0.2\bin;C:\Program Files (x86)\Intel\Intel(R) Management Engine Components\iCLS\;C:\Program Files\Intel\Intel(R) Management Engine Components\iCLS\;C:\WINDOWS\system32;C:\WINDOWS;C:\WINDOWS\System32\Wbem;C:\WINDOWS\System32\WindowsPowerShell\v1.0\;C:\WINDOWS\System32\OpenSSH\;C:\Program Files (x86)\Intel\Intel(R) Management Engine Components\DAL;C:\Program Files\Intel\Intel(R) Management Engine Components\DAL;C:\Program Files (x86)\Intel\Intel(R) Management Engine Components\IPT;C:\Program Files\Intel\Intel(R) Management Engine Components\IPT;C:\Program Files\Intel\WiFi\bin\;C:\Program Files\Common Files\Intel\WirelessCommon\;C:\Program Files\Git\cmd;C:\Users\carol\AppData\Local\Programs\Python\Python38\Scripts\;C:\Users\carol\AppData\Local\Programs\Python\Python38\;C:\Users\carol\AppData\Local\Microsoft\WindowsApps;C:\Users\carol\AppData\Local\atom\bin;C:\Users\carol\AppData\Local\GitHubDesktop\bin;.]
13-Mar-2020 16:02:57.221 INFO [main] org.apache.coyote.AbstractProtocol.init Initializing ProtocolHandler ["http-nio-9999"]
13-Mar-2020 16:02:57.703 INFO [main] org.apache.catalina.startup.Catalina.load Server initialization in [1,065] milliseconds
13-Mar-2020 16:02:57.756 INFO [main] org.apache.catalina.core.StandardService.startInternal Starting service [Catalina]
13-Mar-2020 16:02:57.756 INFO [main] org.apache.catalina.core.StandardEngine.startInternal Starting Servlet engine: [Apache Tomcat/9.0.31]
13-Mar-2020 16:02:57.772 INFO [main] org.apache.catalina.startup.HostConfig.deployDirectory Deploying web application directory [C:\Users\carol\Documents\CMPE-133\tomcat-windows\apache-tomcat-9.0.31\webapps\chatroom]
13-Mar-2020 16:02:58.582 WARNING [main] org.apache.catalina.util.SessionIdGeneratorBase.createSecureRandom Creation of SecureRandom instance for session ID generation using [SHA1PRNG] took [299] milliseconds.
13-Mar-2020 16:02:58.607 INFO [main] org.apache.catalina.startup.HostConfig.deployDirectory Deployment of web application directory [C:\Users\carol\Documents\CMPE-133\tomcat-windows\apache-tomcat-9.0.31\webapps\chatroom] has finished in [834] ms
13-Mar-2020 16:02:58.607 INFO [main] org.apache.catalina.startup.HostConfig.deployDirectory Deploying web application directory [C:\Users\carol\Documents\CMPE-133\tomcat-windows\apache-tomcat-9.0.31\webapps\docs]
13-Mar-2020 16:02:58.654 INFO [main] org.apache.catalina.startup.HostConfig.deployDirectory Deployment of web application directory [C:\Users\carol\Documents\CMPE-133\tomcat-windows\apache-tomcat-9.0.31\webapps\docs] has finished in [46] ms
13-Mar-2020 16:02:58.655 INFO [main] org.apache.catalina.startup.HostConfig.deployDirectory Deploying web application directory [C:\Users\carol\Documents\CMPE-133\tomcat-windows\apache-tomcat-9.0.31\webapps\examples]
13-Mar-2020 16:02:59.218 INFO [main] org.apache.catalina.startup.HostConfig.deployDirectory Deployment of web application directory [C:\Users\carol\Documents\CMPE-133\tomcat-windows\apache-tomcat-9.0.31\webapps\examples] has finished in [564] ms
13-Mar-2020 16:02:59.219 INFO [main] org.apache.catalina.startup.HostConfig.deployDirectory Deploying web application directory [C:\Users\carol\Documents\CMPE-133\tomcat-windows\apache-tomcat-9.0.31\webapps\host-manager]
13-Mar-2020 16:02:59.270 INFO [main] org.apache.catalina.startup.HostConfig.deployDirectory Deployment of web application directory [C:\Users\carol\Documents\CMPE-133\tomcat-windows\apache-tomcat-9.0.31\webapps\host-manager] has finished in [51] ms
13-Mar-2020 16:02:59.271 INFO [main] org.apache.catalina.startup.HostConfig.deployDirectory Deploying web application directory [C:\Users\carol\Documents\CMPE-133\tomcat-windows\apache-tomcat-9.0.31\webapps\manager]
13-Mar-2020 16:02:59.316 INFO [main] org.apache.catalina.startup.HostConfig.deployDirectory Deployment of web application directory [C:\Users\carol\Documents\CMPE-133\tomcat-windows\apache-tomcat-9.0.31\webapps\manager] has finished in [45] ms
13-Mar-2020 16:02:59.318 INFO [main] org.apache.catalina.startup.HostConfig.deployDirectory Deploying web application directory [C:\Users\carol\Documents\CMPE-133\tomcat-windows\apache-tomcat-9.0.31\webapps\ROOT]
13-Mar-2020 16:02:59.364 INFO [main] org.apache.catalina.startup.HostConfig.deployDirectory Deployment of web application directory [C:\Users\carol\Documents\CMPE-133\tomcat-windows\apache-tomcat-9.0.31\webapps\ROOT] has finished in [46] ms
13-Mar-2020 16:02:59.369 INFO [main] org.apache.coyote.AbstractProtocol.start Starting ProtocolHandler ["http-nio-9999"]
13-Mar-2020 16:02:59.387 INFO [main] org.apache.catalina.startup.Catalina.start Server startup in [1,682] milliseconds
13-Mar-2020 16:10:32.343 INFO [main] org.apache.catalina.core.StandardServer.await A valid shutdown command was received via the shutdown port. Stopping the Server instance.
13-Mar-2020 16:10:32.344 INFO [main] org.apache.coyote.AbstractProtocol.pause Pausing ProtocolHandler ["http-nio-9999"]
13-Mar-2020 16:10:32.573 INFO [main] org.apache.catalina.core.StandardService.stopInternal Stopping service [Catalina]
13-Mar-2020 16:10:32.602 INFO [main] org.apache.coyote.AbstractProtocol.stop Stopping ProtocolHandler ["http-nio-9999"]
13-Mar-2020 16:10:32.607 INFO [main] org.apache.coyote.AbstractProtocol.destroy Destroying ProtocolHandler ["http-nio-9999"]
